Array
(
    [0] => Array
        (
            [ID] => 25383
            [IBLOCK_ID] => 13
            [TIMESTAMP_X] => 02.11.2018 11:04:33
            [TIMESTAMP_X_UNIX] => 1541145873
            [MODIFIED_BY] => 0
            [DATE_CREATE] => 02.11.2018 11:04:33
            [DATE_CREATE_UNIX] => 1541145873
            [CREATED_BY] => 0
            [IBLOCK_SECTION_ID] => 
            [ACTIVE] => N
            [ACTIVE_FROM] => 
            [ACTIVE_TO] => 
            [DATE_ACTIVE_FROM] => 
            [DATE_ACTIVE_TO] => 
            [SORT] => 500
            [NAME] => Обувь ZEM O2 OXYGEN Black/Black 5 1000
            [PREVIEW_PICTURE] => 
            [PREVIEW_TEXT] => 
            [PREVIEW_TEXT_TYPE] => text
            [DETAIL_PICTURE] => 1119129
            [DETAIL_TEXT] => 
            [DETAIL_TEXT_TYPE] => text
            [SEARCHABLE_CONTENT] => ОБУВЬ ZEM O2 OXYGEN BLACK/BLACK 5 1000
            [WF_STATUS_ID] => 1
            [WF_PARENT_ELEMENT_ID] => 
            [WF_LAST_HISTORY_ID] => 
            [WF_NEW] => 
            [LOCK_STATUS] => green
            [WF_LOCKED_BY] => 
            [WF_DATE_LOCK] => 
            [WF_COMMENTS] => 
            [IN_SECTIONS] => N
            [SHOW_COUNTER] => 
            [SHOW_COUNTER_START] => 
            [SHOW_COUNTER_START_X] => 
            [CODE] => obuv_zem_o2_oxygen_black_black_5_1000
            [TAGS] => 
            [XML_ID] => 25383
            [EXTERNAL_ID] => 25383
            [TMP_ID] => 
            [USER_NAME] => 
            [LOCKED_USER_NAME] => 
            [CREATED_USER_NAME] => 
            [LANG_DIR] => /
            [LID] => s1
            [IBLOCK_TYPE_ID] => offers
            [IBLOCK_CODE] => offers
            [IBLOCK_NAME] => Предложения
            [IBLOCK_EXTERNAL_ID] => bxr_offers_s1
            [DETAIL_PAGE_URL] => #PRODUCT_URL#?offer=#ELEMENT_ID#
            [LIST_PAGE_URL] => #SITE_DIR#/offers/index.php?ID=#IBLOCK_ID#
            [CANONICAL_PAGE_URL] => 
            [CREATED_DATE] => 2018.11.02
            [BP_PUBLISHED] => Y
            [PARENT_ID] => 25382
            [PRICE] => 3879.03
        )

    [1] => Array
        (
            [ID] => 25384
            [IBLOCK_ID] => 13
            [TIMESTAMP_X] => 02.11.2018 11:04:33
            [TIMESTAMP_X_UNIX] => 1541145873
            [MODIFIED_BY] => 0
            [DATE_CREATE] => 02.11.2018 11:04:33
            [DATE_CREATE_UNIX] => 1541145873
            [CREATED_BY] => 0
            [IBLOCK_SECTION_ID] => 
            [ACTIVE] => N
            [ACTIVE_FROM] => 
            [ACTIVE_TO] => 
            [DATE_ACTIVE_FROM] => 
            [DATE_ACTIVE_TO] => 
            [SORT] => 500
            [NAME] => Обувь ZEM O2 OXYGEN Black/Black 6 1000
            [PREVIEW_PICTURE] => 
            [PREVIEW_TEXT] => 
            [PREVIEW_TEXT_TYPE] => text
            [DETAIL_PICTURE] => 1119130
            [DETAIL_TEXT] => 
            [DETAIL_TEXT_TYPE] => text
            [SEARCHABLE_CONTENT] => ОБУВЬ ZEM O2 OXYGEN BLACK/BLACK 6 1000
            [WF_STATUS_ID] => 1
            [WF_PARENT_ELEMENT_ID] => 
            [WF_LAST_HISTORY_ID] => 
            [WF_NEW] => 
            [LOCK_STATUS] => green
            [WF_LOCKED_BY] => 
            [WF_DATE_LOCK] => 
            [WF_COMMENTS] => 
            [IN_SECTIONS] => N
            [SHOW_COUNTER] => 
            [SHOW_COUNTER_START] => 
            [SHOW_COUNTER_START_X] => 
            [CODE] => obuv_zem_o2_oxygen_black_black_6_1000
            [TAGS] => 
            [XML_ID] => 25384
            [EXTERNAL_ID] => 25384
            [TMP_ID] => 
            [USER_NAME] => 
            [LOCKED_USER_NAME] => 
            [CREATED_USER_NAME] => 
            [LANG_DIR] => /
            [LID] => s1
            [IBLOCK_TYPE_ID] => offers
            [IBLOCK_CODE] => offers
            [IBLOCK_NAME] => Предложения
            [IBLOCK_EXTERNAL_ID] => bxr_offers_s1
            [DETAIL_PAGE_URL] => #PRODUCT_URL#?offer=#ELEMENT_ID#
            [LIST_PAGE_URL] => #SITE_DIR#/offers/index.php?ID=#IBLOCK_ID#
            [CANONICAL_PAGE_URL] => 
            [CREATED_DATE] => 2018.11.02
            [BP_PUBLISHED] => Y
            [PARENT_ID] => 25382
            [PRICE] => 3879.03
        )

    [2] => Array
        (
            [ID] => 25385
            [IBLOCK_ID] => 13
            [TIMESTAMP_X] => 02.11.2018 11:04:34
            [TIMESTAMP_X_UNIX] => 1541145874
            [MODIFIED_BY] => 0
            [DATE_CREATE] => 02.11.2018 11:04:34
            [DATE_CREATE_UNIX] => 1541145874
            [CREATED_BY] => 0
            [IBLOCK_SECTION_ID] => 
            [ACTIVE] => N
            [ACTIVE_FROM] => 
            [ACTIVE_TO] => 
            [DATE_ACTIVE_FROM] => 
            [DATE_ACTIVE_TO] => 
            [SORT] => 500
            [NAME] => Обувь ZEM O2 OXYGEN Black/Black 7 1000
            [PREVIEW_PICTURE] => 
            [PREVIEW_TEXT] => 
            [PREVIEW_TEXT_TYPE] => text
            [DETAIL_PICTURE] => 1119131
            [DETAIL_TEXT] => 
            [DETAIL_TEXT_TYPE] => text
            [SEARCHABLE_CONTENT] => ОБУВЬ ZEM O2 OXYGEN BLACK/BLACK 7 1000
            [WF_STATUS_ID] => 1
            [WF_PARENT_ELEMENT_ID] => 
            [WF_LAST_HISTORY_ID] => 
            [WF_NEW] => 
            [LOCK_STATUS] => green
            [WF_LOCKED_BY] => 
            [WF_DATE_LOCK] => 
            [WF_COMMENTS] => 
            [IN_SECTIONS] => N
            [SHOW_COUNTER] => 
            [SHOW_COUNTER_START] => 
            [SHOW_COUNTER_START_X] => 
            [CODE] => obuv_zem_o2_oxygen_black_black_7_1000
            [TAGS] => 
            [XML_ID] => 25385
            [EXTERNAL_ID] => 25385
            [TMP_ID] => 
            [USER_NAME] => 
            [LOCKED_USER_NAME] => 
            [CREATED_USER_NAME] => 
            [LANG_DIR] => /
            [LID] => s1
            [IBLOCK_TYPE_ID] => offers
            [IBLOCK_CODE] => offers
            [IBLOCK_NAME] => Предложения
            [IBLOCK_EXTERNAL_ID] => bxr_offers_s1
            [DETAIL_PAGE_URL] => #PRODUCT_URL#?offer=#ELEMENT_ID#
            [LIST_PAGE_URL] => #SITE_DIR#/offers/index.php?ID=#IBLOCK_ID#
            [CANONICAL_PAGE_URL] => 
            [CREATED_DATE] => 2018.11.02
            [BP_PUBLISHED] => Y
            [PARENT_ID] => 25382
            [PRICE] => 3879.03
        )

    [3] => Array
        (
            [ID] => 25386
            [IBLOCK_ID] => 13
            [TIMESTAMP_X] => 02.11.2018 11:04:34
            [TIMESTAMP_X_UNIX] => 1541145874
            [MODIFIED_BY] => 0
            [DATE_CREATE] => 02.11.2018 11:04:34
            [DATE_CREATE_UNIX] => 1541145874
            [CREATED_BY] => 0
            [IBLOCK_SECTION_ID] => 
            [ACTIVE] => N
            [ACTIVE_FROM] => 
            [ACTIVE_TO] => 
            [DATE_ACTIVE_FROM] => 
            [DATE_ACTIVE_TO] => 
            [SORT] => 500
            [NAME] => Обувь ZEM O2 OXYGEN Black/Black 8 1000
            [PREVIEW_PICTURE] => 
            [PREVIEW_TEXT] => 
            [PREVIEW_TEXT_TYPE] => text
            [DETAIL_PICTURE] => 1119132
            [DETAIL_TEXT] => 
            [DETAIL_TEXT_TYPE] => text
            [SEARCHABLE_CONTENT] => ОБУВЬ ZEM O2 OXYGEN BLACK/BLACK 8 1000
            [WF_STATUS_ID] => 1
            [WF_PARENT_ELEMENT_ID] => 
            [WF_LAST_HISTORY_ID] => 
            [WF_NEW] => 
            [LOCK_STATUS] => green
            [WF_LOCKED_BY] => 
            [WF_DATE_LOCK] => 
            [WF_COMMENTS] => 
            [IN_SECTIONS] => N
            [SHOW_COUNTER] => 
            [SHOW_COUNTER_START] => 
            [SHOW_COUNTER_START_X] => 
            [CODE] => obuv_zem_o2_oxygen_black_black_8_1000
            [TAGS] => 
            [XML_ID] => 25386
            [EXTERNAL_ID] => 25386
            [TMP_ID] => 
            [USER_NAME] => 
            [LOCKED_USER_NAME] => 
            [CREATED_USER_NAME] => 
            [LANG_DIR] => /
            [LID] => s1
            [IBLOCK_TYPE_ID] => offers
            [IBLOCK_CODE] => offers
            [IBLOCK_NAME] => Предложения
            [IBLOCK_EXTERNAL_ID] => bxr_offers_s1
            [DETAIL_PAGE_URL] => #PRODUCT_URL#?offer=#ELEMENT_ID#
            [LIST_PAGE_URL] => #SITE_DIR#/offers/index.php?ID=#IBLOCK_ID#
            [CANONICAL_PAGE_URL] => 
            [CREATED_DATE] => 2018.11.02
            [BP_PUBLISHED] => Y
            [PARENT_ID] => 25382
            [PRICE] => 3879.03
        )

    [4] => Array
        (
            [ID] => 25387
            [IBLOCK_ID] => 13
            [TIMESTAMP_X] => 02.11.2018 11:04:34
            [TIMESTAMP_X_UNIX] => 1541145874
            [MODIFIED_BY] => 0
            [DATE_CREATE] => 02.11.2018 11:04:34
            [DATE_CREATE_UNIX] => 1541145874
            [CREATED_BY] => 0
            [IBLOCK_SECTION_ID] => 
            [ACTIVE] => N
            [ACTIVE_FROM] => 
            [ACTIVE_TO] => 
            [DATE_ACTIVE_FROM] => 
            [DATE_ACTIVE_TO] => 
            [SORT] => 500
            [NAME] => Обувь ZEM O2 OXYGEN Black/Black 9 1000
            [PREVIEW_PICTURE] => 
            [PREVIEW_TEXT] => 
            [PREVIEW_TEXT_TYPE] => text
            [DETAIL_PICTURE] => 1119133
            [DETAIL_TEXT] => 
            [DETAIL_TEXT_TYPE] => text
            [SEARCHABLE_CONTENT] => ОБУВЬ ZEM O2 OXYGEN BLACK/BLACK 9 1000
            [WF_STATUS_ID] => 1
            [WF_PARENT_ELEMENT_ID] => 
            [WF_LAST_HISTORY_ID] => 
            [WF_NEW] => 
            [LOCK_STATUS] => green
            [WF_LOCKED_BY] => 
            [WF_DATE_LOCK] => 
            [WF_COMMENTS] => 
            [IN_SECTIONS] => N
            [SHOW_COUNTER] => 
            [SHOW_COUNTER_START] => 
            [SHOW_COUNTER_START_X] => 
            [CODE] => obuv_zem_o2_oxygen_black_black_9_1000
            [TAGS] => 
            [XML_ID] => 25387
            [EXTERNAL_ID] => 25387
            [TMP_ID] => 
            [USER_NAME] => 
            [LOCKED_USER_NAME] => 
            [CREATED_USER_NAME] => 
            [LANG_DIR] => /
            [LID] => s1
            [IBLOCK_TYPE_ID] => offers
            [IBLOCK_CODE] => offers
            [IBLOCK_NAME] => Предложения
            [IBLOCK_EXTERNAL_ID] => bxr_offers_s1
            [DETAIL_PAGE_URL] => #PRODUCT_URL#?offer=#ELEMENT_ID#
            [LIST_PAGE_URL] => #SITE_DIR#/offers/index.php?ID=#IBLOCK_ID#
            [CANONICAL_PAGE_URL] => 
            [CREATED_DATE] => 2018.11.02
            [BP_PUBLISHED] => Y
            [PARENT_ID] => 25382
            [PRICE] => 3879.03
        )

    [5] => Array
        (
            [ID] => 25388
            [IBLOCK_ID] => 13
            [TIMESTAMP_X] => 02.11.2018 11:04:34
            [TIMESTAMP_X_UNIX] => 1541145874
            [MODIFIED_BY] => 0
            [DATE_CREATE] => 02.11.2018 11:04:34
            [DATE_CREATE_UNIX] => 1541145874
            [CREATED_BY] => 0
            [IBLOCK_SECTION_ID] => 
            [ACTIVE] => N
            [ACTIVE_FROM] => 
            [ACTIVE_TO] => 
            [DATE_ACTIVE_FROM] => 
            [DATE_ACTIVE_TO] => 
            [SORT] => 500
            [NAME] => Обувь ZEM O2 OXYGEN Black/Black 10 1000
            [PREVIEW_PICTURE] => 
            [PREVIEW_TEXT] => 
            [PREVIEW_TEXT_TYPE] => text
            [DETAIL_PICTURE] => 1119134
            [DETAIL_TEXT] => 
            [DETAIL_TEXT_TYPE] => text
            [SEARCHABLE_CONTENT] => ОБУВЬ ZEM O2 OXYGEN BLACK/BLACK 10 1000
            [WF_STATUS_ID] => 1
            [WF_PARENT_ELEMENT_ID] => 
            [WF_LAST_HISTORY_ID] => 
            [WF_NEW] => 
            [LOCK_STATUS] => green
            [WF_LOCKED_BY] => 
            [WF_DATE_LOCK] => 
            [WF_COMMENTS] => 
            [IN_SECTIONS] => N
            [SHOW_COUNTER] => 
            [SHOW_COUNTER_START] => 
            [SHOW_COUNTER_START_X] => 
            [CODE] => obuv_zem_o2_oxygen_black_black_10_1000
            [TAGS] => 
            [XML_ID] => 25388
            [EXTERNAL_ID] => 25388
            [TMP_ID] => 
            [USER_NAME] => 
            [LOCKED_USER_NAME] => 
            [CREATED_USER_NAME] => 
            [LANG_DIR] => /
            [LID] => s1
            [IBLOCK_TYPE_ID] => offers
            [IBLOCK_CODE] => offers
            [IBLOCK_NAME] => Предложения
            [IBLOCK_EXTERNAL_ID] => bxr_offers_s1
            [DETAIL_PAGE_URL] => #PRODUCT_URL#?offer=#ELEMENT_ID#
            [LIST_PAGE_URL] => #SITE_DIR#/offers/index.php?ID=#IBLOCK_ID#
            [CANONICAL_PAGE_URL] => 
            [CREATED_DATE] => 2018.11.02
            [BP_PUBLISHED] => Y
            [PARENT_ID] => 25382
            [PRICE] => 3879.03
        )

    [6] => Array
        (
            [ID] => 25389
            [IBLOCK_ID] => 13
            [TIMESTAMP_X] => 02.11.2018 11:04:35
            [TIMESTAMP_X_UNIX] => 1541145875
            [MODIFIED_BY] => 0
            [DATE_CREATE] => 02.11.2018 11:04:35
            [DATE_CREATE_UNIX] => 1541145875
            [CREATED_BY] => 0
            [IBLOCK_SECTION_ID] => 
            [ACTIVE] => N
            [ACTIVE_FROM] => 
            [ACTIVE_TO] => 
            [DATE_ACTIVE_FROM] => 
            [DATE_ACTIVE_TO] => 
            [SORT] => 500
            [NAME] => Обувь ZEM O2 OXYGEN Black/Black 11 1000
            [PREVIEW_PICTURE] => 
            [PREVIEW_TEXT] => 
            [PREVIEW_TEXT_TYPE] => text
            [DETAIL_PICTURE] => 1119135
            [DETAIL_TEXT] => 
            [DETAIL_TEXT_TYPE] => text
            [SEARCHABLE_CONTENT] => ОБУВЬ ZEM O2 OXYGEN BLACK/BLACK 11 1000
            [WF_STATUS_ID] => 1
            [WF_PARENT_ELEMENT_ID] => 
            [WF_LAST_HISTORY_ID] => 
            [WF_NEW] => 
            [LOCK_STATUS] => green
            [WF_LOCKED_BY] => 
            [WF_DATE_LOCK] => 
            [WF_COMMENTS] => 
            [IN_SECTIONS] => N
            [SHOW_COUNTER] => 
            [SHOW_COUNTER_START] => 
            [SHOW_COUNTER_START_X] => 
            [CODE] => obuv_zem_o2_oxygen_black_black_11_1000
            [TAGS] => 
            [XML_ID] => 25389
            [EXTERNAL_ID] => 25389
            [TMP_ID] => 
            [USER_NAME] => 
            [LOCKED_USER_NAME] => 
            [CREATED_USER_NAME] => 
            [LANG_DIR] => /
            [LID] => s1
            [IBLOCK_TYPE_ID] => offers
            [IBLOCK_CODE] => offers
            [IBLOCK_NAME] => Предложения
            [IBLOCK_EXTERNAL_ID] => bxr_offers_s1
            [DETAIL_PAGE_URL] => #PRODUCT_URL#?offer=#ELEMENT_ID#
            [LIST_PAGE_URL] => #SITE_DIR#/offers/index.php?ID=#IBLOCK_ID#
            [CANONICAL_PAGE_URL] => 
            [CREATED_DATE] => 2018.11.02
            [BP_PUBLISHED] => Y
            [PARENT_ID] => 25382
            [PRICE] => 3879.03
        )

    [7] => Array
        (
            [ID] => 25390
            [IBLOCK_ID] => 13
            [TIMESTAMP_X] => 02.11.2018 11:04:35
            [TIMESTAMP_X_UNIX] => 1541145875
            [MODIFIED_BY] => 0
            [DATE_CREATE] => 02.11.2018 11:04:35
            [DATE_CREATE_UNIX] => 1541145875
            [CREATED_BY] => 0
            [IBLOCK_SECTION_ID] => 
            [ACTIVE] => N
            [ACTIVE_FROM] => 
            [ACTIVE_TO] => 
            [DATE_ACTIVE_FROM] => 
            [DATE_ACTIVE_TO] => 
            [SORT] => 500
            [NAME] => Обувь ZEM O2 OXYGEN Black/Black 12 1000
            [PREVIEW_PICTURE] => 
            [PREVIEW_TEXT] => 
            [PREVIEW_TEXT_TYPE] => text
            [DETAIL_PICTURE] => 1119136
            [DETAIL_TEXT] => 
            [DETAIL_TEXT_TYPE] => text
            [SEARCHABLE_CONTENT] => ОБУВЬ ZEM O2 OXYGEN BLACK/BLACK 12 1000
            [WF_STATUS_ID] => 1
            [WF_PARENT_ELEMENT_ID] => 
            [WF_LAST_HISTORY_ID] => 
            [WF_NEW] => 
            [LOCK_STATUS] => green
            [WF_LOCKED_BY] => 
            [WF_DATE_LOCK] => 
            [WF_COMMENTS] => 
            [IN_SECTIONS] => N
            [SHOW_COUNTER] => 
            [SHOW_COUNTER_START] => 
            [SHOW_COUNTER_START_X] => 
            [CODE] => obuv_zem_o2_oxygen_black_black_12_1000
            [TAGS] => 
            [XML_ID] => 25390
            [EXTERNAL_ID] => 25390
            [TMP_ID] => 
            [USER_NAME] => 
            [LOCKED_USER_NAME] => 
            [CREATED_USER_NAME] => 
            [LANG_DIR] => /
            [LID] => s1
            [IBLOCK_TYPE_ID] => offers
            [IBLOCK_CODE] => offers
            [IBLOCK_NAME] => Предложения
            [IBLOCK_EXTERNAL_ID] => bxr_offers_s1
            [DETAIL_PAGE_URL] => #PRODUCT_URL#?offer=#ELEMENT_ID#
            [LIST_PAGE_URL] => #SITE_DIR#/offers/index.php?ID=#IBLOCK_ID#
            [CANONICAL_PAGE_URL] => 
            [CREATED_DATE] => 2018.11.02
            [BP_PUBLISHED] => Y
            [PARENT_ID] => 25382
            [PRICE] => 3879.03
        )

    [8] => Array
        (
            [ID] => 25391
            [IBLOCK_ID] => 13
            [TIMESTAMP_X] => 02.11.2018 11:04:35
            [TIMESTAMP_X_UNIX] => 1541145875
            [MODIFIED_BY] => 0
            [DATE_CREATE] => 02.11.2018 11:04:35
            [DATE_CREATE_UNIX] => 1541145875
            [CREATED_BY] => 0
            [IBLOCK_SECTION_ID] => 
            [ACTIVE] => N
            [ACTIVE_FROM] => 
            [ACTIVE_TO] => 
            [DATE_ACTIVE_FROM] => 
            [DATE_ACTIVE_TO] => 
            [SORT] => 500
            [NAME] => Обувь ZEM O2 OXYGEN Black/Black 13 1000
            [PREVIEW_PICTURE] => 
            [PREVIEW_TEXT] => 
            [PREVIEW_TEXT_TYPE] => text
            [DETAIL_PICTURE] => 1119137
            [DETAIL_TEXT] => 
            [DETAIL_TEXT_TYPE] => text
            [SEARCHABLE_CONTENT] => ОБУВЬ ZEM O2 OXYGEN BLACK/BLACK 13 1000
            [WF_STATUS_ID] => 1
            [WF_PARENT_ELEMENT_ID] => 
            [WF_LAST_HISTORY_ID] => 
            [WF_NEW] => 
            [LOCK_STATUS] => green
            [WF_LOCKED_BY] => 
            [WF_DATE_LOCK] => 
            [WF_COMMENTS] => 
            [IN_SECTIONS] => N
            [SHOW_COUNTER] => 
            [SHOW_COUNTER_START] => 
            [SHOW_COUNTER_START_X] => 
            [CODE] => obuv_zem_o2_oxygen_black_black_13_1000
            [TAGS] => 
            [XML_ID] => 25391
            [EXTERNAL_ID] => 25391
            [TMP_ID] => 
            [USER_NAME] => 
            [LOCKED_USER_NAME] => 
            [CREATED_USER_NAME] => 
            [LANG_DIR] => /
            [LID] => s1
            [IBLOCK_TYPE_ID] => offers
            [IBLOCK_CODE] => offers
            [IBLOCK_NAME] => Предложения
            [IBLOCK_EXTERNAL_ID] => bxr_offers_s1
            [DETAIL_PAGE_URL] => #PRODUCT_URL#?offer=#ELEMENT_ID#
            [LIST_PAGE_URL] => #SITE_DIR#/offers/index.php?ID=#IBLOCK_ID#
            [CANONICAL_PAGE_URL] => 
            [CREATED_DATE] => 2018.11.02
            [BP_PUBLISHED] => Y
            [PARENT_ID] => 25382
            [PRICE] => 3879.03
        )

    [9] => Array
        (
            [ID] => 25393
            [IBLOCK_ID] => 13
            [TIMESTAMP_X] => 02.11.2018 11:04:35
            [TIMESTAMP_X_UNIX] => 1541145875
            [MODIFIED_BY] => 0
            [DATE_CREATE] => 02.11.2018 11:04:35
            [DATE_CREATE_UNIX] => 1541145875
            [CREATED_BY] => 0
            [IBLOCK_SECTION_ID] => 
            [ACTIVE] => N
            [ACTIVE_FROM] => 
            [ACTIVE_TO] => 
            [DATE_ACTIVE_FROM] => 
            [DATE_ACTIVE_TO] => 
            [SORT] => 500
            [NAME] => Обувь ZEM U Cross Black/Blue 10 8800
            [PREVIEW_PICTURE] => 
            [PREVIEW_TEXT] => 
            [PREVIEW_TEXT_TYPE] => text
            [DETAIL_PICTURE] => 
            [DETAIL_TEXT] => 
            [DETAIL_TEXT_TYPE] => text
            [SEARCHABLE_CONTENT] => ОБУВЬ ZEM U CROSS BLACK/BLUE 10 8800
            [WF_STATUS_ID] => 1
            [WF_PARENT_ELEMENT_ID] => 
            [WF_LAST_HISTORY_ID] => 
            [WF_NEW] => 
            [LOCK_STATUS] => green
            [WF_LOCKED_BY] => 
            [WF_DATE_LOCK] => 
            [WF_COMMENTS] => 
            [IN_SECTIONS] => N
            [SHOW_COUNTER] => 
            [SHOW_COUNTER_START] => 
            [SHOW_COUNTER_START_X] => 
            [CODE] => obuv_zem_u_cross_black_blue_10_8800
            [TAGS] => 
            [XML_ID] => 25393
            [EXTERNAL_ID] => 25393
            [TMP_ID] => 
            [USER_NAME] => 
            [LOCKED_USER_NAME] => 
            [CREATED_USER_NAME] => 
            [LANG_DIR] => /
            [LID] => s1
            [IBLOCK_TYPE_ID] => offers
            [IBLOCK_CODE] => offers
            [IBLOCK_NAME] => Предложения
            [IBLOCK_EXTERNAL_ID] => bxr_offers_s1
            [DETAIL_PAGE_URL] => #PRODUCT_URL#?offer=#ELEMENT_ID#
            [LIST_PAGE_URL] => #SITE_DIR#/offers/index.php?ID=#IBLOCK_ID#
            [CANONICAL_PAGE_URL] => 
            [CREATED_DATE] => 2018.11.02
            [BP_PUBLISHED] => Y
            [PARENT_ID] => 25392
            [PRICE] => 5866.74
        )

    [10] => Array
        (
            [ID] => 25395
            [IBLOCK_ID] => 13
            [TIMESTAMP_X] => 02.11.2018 11:04:36
            [TIMESTAMP_X_UNIX] => 1541145876
            [MODIFIED_BY] => 0
            [DATE_CREATE] => 02.11.2018 11:04:36
            [DATE_CREATE_UNIX] => 1541145876
            [CREATED_BY] => 0
            [IBLOCK_SECTION_ID] => 
            [ACTIVE] => N
            [ACTIVE_FROM] => 
            [ACTIVE_TO] => 
            [DATE_ACTIVE_FROM] => 
            [DATE_ACTIVE_TO] => 
            [SORT] => 500
            [NAME] => Перчатки Straight Line Performance Glove BLK/RED 2XL 213903*S17
            [PREVIEW_PICTURE] => 
            [PREVIEW_TEXT] => 
            [PREVIEW_TEXT_TYPE] => text
            [DETAIL_PICTURE] => 1119139
            [DETAIL_TEXT] => 
            [DETAIL_TEXT_TYPE] => text
            [SEARCHABLE_CONTENT] => ПЕРЧАТКИ STRAIGHT LINE PERFORMANCE GLOVE BLK/RED 2XL 213903*S17
            [WF_STATUS_ID] => 1
            [WF_PARENT_ELEMENT_ID] => 
            [WF_LAST_HISTORY_ID] => 
            [WF_NEW] => 
            [LOCK_STATUS] => green
            [WF_LOCKED_BY] => 
            [WF_DATE_LOCK] => 
            [WF_COMMENTS] => 
            [IN_SECTIONS] => N
            [SHOW_COUNTER] => 
            [SHOW_COUNTER_START] => 
            [SHOW_COUNTER_START_X] => 
            [CODE] => perchatki_straight_line_performance_glove_blk_red_2xl_213903_s17
            [TAGS] => 
            [XML_ID] => 25395
            [EXTERNAL_ID] => 25395
            [TMP_ID] => 
            [USER_NAME] => 
            [LOCKED_USER_NAME] => 
            [CREATED_USER_NAME] => 
            [LANG_DIR] => /
            [LID] => s1
            [IBLOCK_TYPE_ID] => offers
            [IBLOCK_CODE] => offers
            [IBLOCK_NAME] => Предложения
            [IBLOCK_EXTERNAL_ID] => bxr_offers_s1
            [DETAIL_PAGE_URL] => #PRODUCT_URL#?offer=#ELEMENT_ID#
            [LIST_PAGE_URL] => #SITE_DIR#/offers/index.php?ID=#IBLOCK_ID#
            [CANONICAL_PAGE_URL] => 
            [CREATED_DATE] => 2018.11.02
            [BP_PUBLISHED] => Y
            [PARENT_ID] => 25394
            [PRICE] => 3181.96
        )

    [11] => Array
        (
            [ID] => 25396
            [IBLOCK_ID] => 13
            [TIMESTAMP_X] => 02.11.2018 11:04:37
            [TIMESTAMP_X_UNIX] => 1541145877
            [MODIFIED_BY] => 0
            [DATE_CREATE] => 02.11.2018 11:04:37
            [DATE_CREATE_UNIX] => 1541145877
            [CREATED_BY] => 0
            [IBLOCK_SECTION_ID] => 
            [ACTIVE] => N
            [ACTIVE_FROM] => 
            [ACTIVE_TO] => 
            [DATE_ACTIVE_FROM] => 
            [DATE_ACTIVE_TO] => 
            [SORT] => 500
            [NAME] => Перчатки Straight Line Performance Glove BLK/RED XL 213903*S17
            [PREVIEW_PICTURE] => 
            [PREVIEW_TEXT] => 
            [PREVIEW_TEXT_TYPE] => text
            [DETAIL_PICTURE] => 1119140
            [DETAIL_TEXT] => 
            [DETAIL_TEXT_TYPE] => text
            [SEARCHABLE_CONTENT] => ПЕРЧАТКИ STRAIGHT LINE PERFORMANCE GLOVE BLK/RED XL 213903*S17
            [WF_STATUS_ID] => 1
            [WF_PARENT_ELEMENT_ID] => 
            [WF_LAST_HISTORY_ID] => 
            [WF_NEW] => 
            [LOCK_STATUS] => green
            [WF_LOCKED_BY] => 
            [WF_DATE_LOCK] => 
            [WF_COMMENTS] => 
            [IN_SECTIONS] => N
            [SHOW_COUNTER] => 
            [SHOW_COUNTER_START] => 
            [SHOW_COUNTER_START_X] => 
            [CODE] => perchatki_straight_line_performance_glove_blk_red_xl_213903_s17
            [TAGS] => 
            [XML_ID] => 25396
            [EXTERNAL_ID] => 25396
            [TMP_ID] => 
            [USER_NAME] => 
            [LOCKED_USER_NAME] => 
            [CREATED_USER_NAME] => 
            [LANG_DIR] => /
            [LID] => s1
            [IBLOCK_TYPE_ID] => offers
            [IBLOCK_CODE] => offers
            [IBLOCK_NAME] => Предложения
            [IBLOCK_EXTERNAL_ID] => bxr_offers_s1
            [DETAIL_PAGE_URL] => #PRODUCT_URL#?offer=#ELEMENT_ID#
            [LIST_PAGE_URL] => #SITE_DIR#/offers/index.php?ID=#IBLOCK_ID#
            [CANONICAL_PAGE_URL] => 
            [CREATED_DATE] => 2018.11.02
            [BP_PUBLISHED] => Y
            [PARENT_ID] => 25394
            [PRICE] => 3181.96
        )

    [12] => Array
        (
            [ID] => 25397
            [IBLOCK_ID] => 13
            [TIMESTAMP_X] => 02.11.2018 11:04:37
            [TIMESTAMP_X_UNIX] => 1541145877
            [MODIFIED_BY] => 0
            [DATE_CREATE] => 02.11.2018 11:04:37
            [DATE_CREATE_UNIX] => 1541145877
            [CREATED_BY] => 0
            [IBLOCK_SECTION_ID] => 
            [ACTIVE] => N
            [ACTIVE_FROM] => 
            [ACTIVE_TO] => 
            [DATE_ACTIVE_FROM] => 
            [DATE_ACTIVE_TO] => 
            [SORT] => 500
            [NAME] => Перчатки Straight Line Performance Glove BLK/RED L 213903*S17
            [PREVIEW_PICTURE] => 
            [PREVIEW_TEXT] => 
            [PREVIEW_TEXT_TYPE] => text
            [DETAIL_PICTURE] => 1119141
            [DETAIL_TEXT] => 
            [DETAIL_TEXT_TYPE] => text
            [SEARCHABLE_CONTENT] => ПЕРЧАТКИ STRAIGHT LINE PERFORMANCE GLOVE BLK/RED L 213903*S17
            [WF_STATUS_ID] => 1
            [WF_PARENT_ELEMENT_ID] => 
            [WF_LAST_HISTORY_ID] => 
            [WF_NEW] => 
            [LOCK_STATUS] => green
            [WF_LOCKED_BY] => 
            [WF_DATE_LOCK] => 
            [WF_COMMENTS] => 
            [IN_SECTIONS] => N
            [SHOW_COUNTER] => 
            [SHOW_COUNTER_START] => 
            [SHOW_COUNTER_START_X] => 
            [CODE] => perchatki_straight_line_performance_glove_blk_red_l_213903_s17
            [TAGS] => 
            [XML_ID] => 25397
            [EXTERNAL_ID] => 25397
            [TMP_ID] => 
            [USER_NAME] => 
            [LOCKED_USER_NAME] => 
            [CREATED_USER_NAME] => 
            [LANG_DIR] => /
            [LID] => s1
            [IBLOCK_TYPE_ID] => offers
            [IBLOCK_CODE] => offers
            [IBLOCK_NAME] => Предложения
            [IBLOCK_EXTERNAL_ID] => bxr_offers_s1
            [DETAIL_PAGE_URL] => #PRODUCT_URL#?offer=#ELEMENT_ID#
            [LIST_PAGE_URL] => #SITE_DIR#/offers/index.php?ID=#IBLOCK_ID#
            [CANONICAL_PAGE_URL] => 
            [CREATED_DATE] => 2018.11.02
            [BP_PUBLISHED] => Y
            [PARENT_ID] => 25394
            [PRICE] => 3181.96
        )

    [13] => Array
        (
            [ID] => 25398
            [IBLOCK_ID] => 13
            [TIMESTAMP_X] => 02.11.2018 11:04:38
            [TIMESTAMP_X_UNIX] => 1541145878
            [MODIFIED_BY] => 0
            [DATE_CREATE] => 02.11.2018 11:04:38
            [DATE_CREATE_UNIX] => 1541145878
            [CREATED_BY] => 0
            [IBLOCK_SECTION_ID] => 
            [ACTIVE] => N
            [ACTIVE_FROM] => 
            [ACTIVE_TO] => 
            [DATE_ACTIVE_FROM] => 
            [DATE_ACTIVE_TO] => 
            [SORT] => 500
            [NAME] => Перчатки Straight Line Performance Glove BLK/RED M 213903*S17
            [PREVIEW_PICTURE] => 
            [PREVIEW_TEXT] => 
            [PREVIEW_TEXT_TYPE] => text
            [DETAIL_PICTURE] => 1119142
            [DETAIL_TEXT] => 
            [DETAIL_TEXT_TYPE] => text
            [SEARCHABLE_CONTENT] => ПЕРЧАТКИ STRAIGHT LINE PERFORMANCE GLOVE BLK/RED M 213903*S17
            [WF_STATUS_ID] => 1
            [WF_PARENT_ELEMENT_ID] => 
            [WF_LAST_HISTORY_ID] => 
            [WF_NEW] => 
            [LOCK_STATUS] => green
            [WF_LOCKED_BY] => 
            [WF_DATE_LOCK] => 
            [WF_COMMENTS] => 
            [IN_SECTIONS] => N
            [SHOW_COUNTER] => 
            [SHOW_COUNTER_START] => 
            [SHOW_COUNTER_START_X] => 
            [CODE] => perchatki_straight_line_performance_glove_blk_red_m_213903_s17
            [TAGS] => 
            [XML_ID] => 25398
            [EXTERNAL_ID] => 25398
            [TMP_ID] => 
            [USER_NAME] => 
            [LOCKED_USER_NAME] => 
            [CREATED_USER_NAME] => 
            [LANG_DIR] => /
            [LID] => s1
            [IBLOCK_TYPE_ID] => offers
            [IBLOCK_CODE] => offers
            [IBLOCK_NAME] => Предложения
            [IBLOCK_EXTERNAL_ID] => bxr_offers_s1
            [DETAIL_PAGE_URL] => #PRODUCT_URL#?offer=#ELEMENT_ID#
            [LIST_PAGE_URL] => #SITE_DIR#/offers/index.php?ID=#IBLOCK_ID#
            [CANONICAL_PAGE_URL] => 
            [CREATED_DATE] => 2018.11.02
            [BP_PUBLISHED] => Y
            [PARENT_ID] => 25394
            [PRICE] => 3181.96
        )

    [14] => Array
        (
            [ID] => 25399
            [IBLOCK_ID] => 13
            [TIMESTAMP_X] => 02.11.2018 11:04:38
            [TIMESTAMP_X_UNIX] => 1541145878
            [MODIFIED_BY] => 0
            [DATE_CREATE] => 02.11.2018 11:04:38
            [DATE_CREATE_UNIX] => 1541145878
            [CREATED_BY] => 0
            [IBLOCK_SECTION_ID] => 
            [ACTIVE] => N
            [ACTIVE_FROM] => 
            [ACTIVE_TO] => 
            [DATE_ACTIVE_FROM] => 
            [DATE_ACTIVE_TO] => 
            [SORT] => 500
            [NAME] => Перчатки Straight Line Performance Glove BLK/RED S 213903*S17
            [PREVIEW_PICTURE] => 
            [PREVIEW_TEXT] => 
            [PREVIEW_TEXT_TYPE] => text
            [DETAIL_PICTURE] => 1119143
            [DETAIL_TEXT] => 
            [DETAIL_TEXT_TYPE] => text
            [SEARCHABLE_CONTENT] => ПЕРЧАТКИ STRAIGHT LINE PERFORMANCE GLOVE BLK/RED S 213903*S17
            [WF_STATUS_ID] => 1
            [WF_PARENT_ELEMENT_ID] => 
            [WF_LAST_HISTORY_ID] => 
            [WF_NEW] => 
            [LOCK_STATUS] => green
            [WF_LOCKED_BY] => 
            [WF_DATE_LOCK] => 
            [WF_COMMENTS] => 
            [IN_SECTIONS] => N
            [SHOW_COUNTER] => 
            [SHOW_COUNTER_START] => 
            [SHOW_COUNTER_START_X] => 
            [CODE] => perchatki_straight_line_performance_glove_blk_red_s_213903_s17
            [TAGS] => 
            [XML_ID] => 25399
            [EXTERNAL_ID] => 25399
            [TMP_ID] => 
            [USER_NAME] => 
            [LOCKED_USER_NAME] => 
            [CREATED_USER_NAME] => 
            [LANG_DIR] => /
            [LID] => s1
            [IBLOCK_TYPE_ID] => offers
            [IBLOCK_CODE] => offers
            [IBLOCK_NAME] => Предложения
            [IBLOCK_EXTERNAL_ID] => bxr_offers_s1
            [DETAIL_PAGE_URL] => #PRODUCT_URL#?offer=#ELEMENT_ID#
            [LIST_PAGE_URL] => #SITE_DIR#/offers/index.php?ID=#IBLOCK_ID#
            [CANONICAL_PAGE_URL] => 
            [CREATED_DATE] => 2018.11.02
            [BP_PUBLISHED] => Y
            [PARENT_ID] => 25394
            [PRICE] => 3181.96
        )

    [15] => Array
        (
            [ID] => 25400
            [IBLOCK_ID] => 13
            [TIMESTAMP_X] => 02.11.2018 11:04:39
            [TIMESTAMP_X_UNIX] => 1541145879
            [MODIFIED_BY] => 0
            [DATE_CREATE] => 02.11.2018 11:04:39
            [DATE_CREATE_UNIX] => 1541145879
            [CREATED_BY] => 0
            [IBLOCK_SECTION_ID] => 
            [ACTIVE] => N
            [ACTIVE_FROM] => 
            [ACTIVE_TO] => 
            [DATE_ACTIVE_FROM] => 
            [DATE_ACTIVE_TO] => 
            [SORT] => 500
            [NAME] => Перчатки Straight Line Performance Glove BLK/RED XS 213903*S17
            [PREVIEW_PICTURE] => 
            [PREVIEW_TEXT] => 
            [PREVIEW_TEXT_TYPE] => text
            [DETAIL_PICTURE] => 1119144
            [DETAIL_TEXT] => 
            [DETAIL_TEXT_TYPE] => text
            [SEARCHABLE_CONTENT] => ПЕРЧАТКИ STRAIGHT LINE PERFORMANCE GLOVE BLK/RED XS 213903*S17
            [WF_STATUS_ID] => 1
            [WF_PARENT_ELEMENT_ID] => 
            [WF_LAST_HISTORY_ID] => 
            [WF_NEW] => 
            [LOCK_STATUS] => green
            [WF_LOCKED_BY] => 
            [WF_DATE_LOCK] => 
            [WF_COMMENTS] => 
            [IN_SECTIONS] => N
            [SHOW_COUNTER] => 
            [SHOW_COUNTER_START] => 
            [SHOW_COUNTER_START_X] => 
            [CODE] => perchatki_straight_line_performance_glove_blk_red_xs_213903_s17
            [TAGS] => 
            [XML_ID] => 25400
            [EXTERNAL_ID] => 25400
            [TMP_ID] => 
            [USER_NAME] => 
            [LOCKED_USER_NAME] => 
            [CREATED_USER_NAME] => 
            [LANG_DIR] => /
            [LID] => s1
            [IBLOCK_TYPE_ID] => offers
            [IBLOCK_CODE] => offers
            [IBLOCK_NAME] => Предложения
            [IBLOCK_EXTERNAL_ID] => bxr_offers_s1
            [DETAIL_PAGE_URL] => #PRODUCT_URL#?offer=#ELEMENT_ID#
            [LIST_PAGE_URL] => #SITE_DIR#/offers/index.php?ID=#IBLOCK_ID#
            [CANONICAL_PAGE_URL] => 
            [CREATED_DATE] => 2018.11.02
            [BP_PUBLISHED] => Y
            [PARENT_ID] => 25394
            [PRICE] => 3181.96
        )

    [16] => Array
        (
            [ID] => 25402
            [IBLOCK_ID] => 13
            [TIMESTAMP_X] => 02.11.2018 11:04:41
            [TIMESTAMP_X_UNIX] => 1541145881
            [MODIFIED_BY] => 0
            [DATE_CREATE] => 02.11.2018 11:04:41
            [DATE_CREATE_UNIX] => 1541145881
            [CREATED_BY] => 0
            [IBLOCK_SECTION_ID] => 
            [ACTIVE] => N
            [ACTIVE_FROM] => 
            [ACTIVE_TO] => 
            [DATE_ACTIVE_FROM] => 
            [DATE_ACTIVE_TO] => 
            [SORT] => 500
            [NAME] => Очки солнцезащитные O'Neill SENNEN MATTE BLACK/OLIVE GREEN (104P) S18 OS ONS-SENNEN-104P*S18
            [PREVIEW_PICTURE] => 
            [PREVIEW_TEXT] => 
            [PREVIEW_TEXT_TYPE] => text
            [DETAIL_PICTURE] => 1119150
            [DETAIL_TEXT] => 
            [DETAIL_TEXT_TYPE] => text
            [SEARCHABLE_CONTENT] => ОЧКИ СОЛНЦЕЗАЩИТНЫЕ O'NEILL SENNEN MATTE BLACK/OLIVE GREEN (104P) S18 OS ONS-SENNEN-104P*S18
            [WF_STATUS_ID] => 1
            [WF_PARENT_ELEMENT_ID] => 
            [WF_LAST_HISTORY_ID] => 
            [WF_NEW] => 
            [LOCK_STATUS] => green
            [WF_LOCKED_BY] => 
            [WF_DATE_LOCK] => 
            [WF_COMMENTS] => 
            [IN_SECTIONS] => N
            [SHOW_COUNTER] => 
            [SHOW_COUNTER_START] => 
            [SHOW_COUNTER_START_X] => 
            [CODE] => ochki_solntsezashchitnye_o_neill_sennen_matte_black_olive_green_104p_s18_os_ons_sennen_104p_s18
            [TAGS] => 
            [XML_ID] => 25402
            [EXTERNAL_ID] => 25402
            [TMP_ID] => 
            [USER_NAME] => 
            [LOCKED_USER_NAME] => 
            [CREATED_USER_NAME] => 
            [LANG_DIR] => /
            [LID] => s1
            [IBLOCK_TYPE_ID] => offers
            [IBLOCK_CODE] => offers
            [IBLOCK_NAME] => Предложения
            [IBLOCK_EXTERNAL_ID] => bxr_offers_s1
            [DETAIL_PAGE_URL] => #PRODUCT_URL#?offer=#ELEMENT_ID#
            [LIST_PAGE_URL] => #SITE_DIR#/offers/index.php?ID=#IBLOCK_ID#
            [CANONICAL_PAGE_URL] => 
            [CREATED_DATE] => 2018.11.02
            [BP_PUBLISHED] => Y
            [PARENT_ID] => 25401
            [PRICE] => 3506.68
        )

    [17] => Array
        (
            [ID] => 25404
            [IBLOCK_ID] => 13
            [TIMESTAMP_X] => 02.11.2018 11:04:43
            [TIMESTAMP_X_UNIX] => 1541145883
            [MODIFIED_BY] => 0
            [DATE_CREATE] => 02.11.2018 11:04:43
            [DATE_CREATE_UNIX] => 1541145883
            [CREATED_BY] => 0
            [IBLOCK_SECTION_ID] => 
            [ACTIVE] => N
            [ACTIVE_FROM] => 
            [ACTIVE_TO] => 
            [DATE_ACTIVE_FROM] => 
            [DATE_ACTIVE_TO] => 
            [SORT] => 500
            [NAME] => Очки солнцезащитные O'Neill OFFSHORE GLOSS TORT (102P) S18 OS ONS-OFFSHORE-102P*S18
            [PREVIEW_PICTURE] => 
            [PREVIEW_TEXT] => 
            [PREVIEW_TEXT_TYPE] => text
            [DETAIL_PICTURE] => 1119156
            [DETAIL_TEXT] => 
            [DETAIL_TEXT_TYPE] => text
            [SEARCHABLE_CONTENT] => ОЧКИ СОЛНЦЕЗАЩИТНЫЕ O'NEILL OFFSHORE GLOSS TORT (102P) S18 OS ONS-OFFSHORE-102P*S18
            [WF_STATUS_ID] => 1
            [WF_PARENT_ELEMENT_ID] => 
            [WF_LAST_HISTORY_ID] => 
            [WF_NEW] => 
            [LOCK_STATUS] => green
            [WF_LOCKED_BY] => 
            [WF_DATE_LOCK] => 
            [WF_COMMENTS] => 
            [IN_SECTIONS] => N
            [SHOW_COUNTER] => 
            [SHOW_COUNTER_START] => 
            [SHOW_COUNTER_START_X] => 
            [CODE] => ochki_solntsezashchitnye_o_neill_offshore_gloss_tort_102p_s18_os_ons_offshore_102p_s18
            [TAGS] => 
            [XML_ID] => 25404
            [EXTERNAL_ID] => 25404
            [TMP_ID] => 
            [USER_NAME] => 
            [LOCKED_USER_NAME] => 
            [CREATED_USER_NAME] => 
            [LANG_DIR] => /
            [LID] => s1
            [IBLOCK_TYPE_ID] => offers
            [IBLOCK_CODE] => offers
            [IBLOCK_NAME] => Предложения
            [IBLOCK_EXTERNAL_ID] => bxr_offers_s1
            [DETAIL_PAGE_URL] => #PRODUCT_URL#?offer=#ELEMENT_ID#
            [LIST_PAGE_URL] => #SITE_DIR#/offers/index.php?ID=#IBLOCK_ID#
            [CANONICAL_PAGE_URL] => 
            [CREATED_DATE] => 2018.11.02
            [BP_PUBLISHED] => Y
            [PARENT_ID] => 25403
            [PRICE] => 2488.61
        )

)
