Array
(
    [0] => 32
    [1] => 33
    [2] => 39
    [3] => 40
    [4] => 41
    [5] => 43
    [6] => 45
    [7] => 47
    [8] => 48
    [9] => 49
    [10] => 58
    [11] => 60
    [12] => 127
    [13] => 137
    [14] => 140
    [15] => 141
    [16] => 143
    [17] => 155
    [18] => 156
    [19] => 167
    [20] => 272
    [21] => 275
    [22] => 276
    [23] => 278
    [24] => 279
    [25] => 280
    [26] => 281
    [27] => 282
    [28] => 283
    [29] => 284
    [30] => 364
    [31] => 816
    [32] => 923
    [33] => 924
    [34] => 975
    [35] => 1740
    [36] => 1744
    [37] => 1821
    [38] => 1824
    [39] => 1847
    [40] => 1869
    [41] => 3685
    [42] => 4794
    [43] => 4831
    [44] => 4885
    [45] => 4896
    [46] => 4900
    [47] => 5537
    [48] => 5538
    [49] => 5548
    [50] => 5550
    [51] => 5551
    [52] => 5554
    [53] => 5558
    [54] => 5582
    [55] => 5590
    [56] => 5628
    [57] => 6138
    [58] => 6799
    [59] => 7430
    [60] => 7811
    [61] => 7870
    [62] => 7876
    [63] => 7912
    [64] => 8036
    [65] => 8057
    [66] => 8069
    [67] => 8101
    [68] => 8102
    [69] => 8129
    [70] => 8134
    [71] => 8140
    [72] => 9108
    [73] => 9135
    [74] => 9224
    [75] => 9254
    [76] => 9329
    [77] => 9345
    [78] => 9351
    [79] => 9531
    [80] => 9540
    [81] => 9642
    [82] => 9794
    [83] => 9935
    [84] => 9939
    [85] => 9994
    [86] => 10144
    [87] => 10158
    [88] => 10183
    [89] => 10222
    [90] => 10269
    [91] => 10285
    [92] => 10294
    [93] => 10322
    [94] => 10339
    [95] => 10347
    [96] => 10387
    [97] => 10408
    [98] => 10441
    [99] => 10453
    [100] => 10454
    [101] => 10462
    [102] => 10587
    [103] => 10592
    [104] => 10593
    [105] => 10722
    [106] => 10921
    [107] => 10927
    [108] => 10943
    [109] => 10961
    [110] => 11557
    [111] => 11832
    [112] => 11973
    [113] => 15184
    [114] => 15189
    [115] => 15201
    [116] => 15205
    [117] => 15366
    [118] => 17470
    [119] => 18185
    [120] => 18200
    [121] => 18363
    [122] => 18375
    [123] => 18485
    [124] => 18508
    [125] => 18545
    [126] => 18555
    [127] => 18560
    [128] => 18570
    [129] => 18575
    [130] => 18580
    [131] => 19597
    [132] => 20510
    [133] => 20859
    [134] => 20870
    [135] => 20876
    [136] => 21358
    [137] => 21384
    [138] => 21391
    [139] => 21641
    [140] => 21774
    [141] => 21814
    [142] => 21827
    [143] => 21834
    [144] => 21859
    [145] => 21865
    [146] => 21871
    [147] => 21877
    [148] => 22024
    [149] => 22034
    [150] => 22068
    [151] => 22087
    [152] => 22101
    [153] => 23437
    [154] => 23555
    [155] => 23564
    [156] => 23600
    [157] => 24149
    [158] => 24164
    [159] => 24174
    [160] => 24176
    [161] => 24179
    [162] => 24207
    [163] => 24225
    [164] => 24238
    [165] => 24268
    [166] => 24275
    [167] => 24278
    [168] => 24290
    [169] => 24365
    [170] => 24486
    [171] => 24532
    [172] => 24592
    [173] => 24593
    [174] => 24603
    [175] => 24681
    [176] => 24694
    [177] => 24706
    [178] => 24714
    [179] => 24720
    [180] => 24726
    [181] => 24738
    [182] => 24753
    [183] => 24760
    [184] => 24766
    [185] => 24860
    [186] => 24862
    [187] => 24886
    [188] => 24921
    [189] => 24931
    [190] => 25114
    [191] => 25134
    [192] => 25164
    [193] => 25289
    [194] => 25340
    [195] => 25352
    [196] => 25365
    [197] => 25376
    [198] => 25386
    [199] => 25622
    [200] => 25687
    [201] => 25692
    [202] => 25731
    [203] => 25747
    [204] => 26319
    [205] => 26352
    [206] => 26365
    [207] => 26372
    [208] => 26424
    [209] => 26441
    [210] => 26448
    [211] => 26455
    [212] => 26461
    [213] => 26467
    [214] => 26473
    [215] => 28525
    [216] => 28545
    [217] => 28564
    [218] => 28592
    [219] => 31431
    [220] => 35
    [221] => 38
    [222] => 67
    [223] => 101
    [224] => 117
    [225] => 128
    [226] => 129
    [227] => 130
    [228] => 133
    [229] => 134
    [230] => 135
    [231] => 136
    [232] => 173
    [233] => 273
    [234] => 274
    [235] => 277
    [236] => 429
    [237] => 1462
    [238] => 1726
    [239] => 1729
    [240] => 1733
    [241] => 1750
    [242] => 1760
    [243] => 3682
    [244] => 4607
    [245] => 4611
    [246] => 4615
    [247] => 4622
    [248] => 4624
    [249] => 4625
    [250] => 4628
    [251] => 4700
    [252] => 4735
    [253] => 4736
    [254] => 4737
    [255] => 4770
    [256] => 4771
    [257] => 4779
    [258] => 4882
    [259] => 4888
    [260] => 4892
    [261] => 4954
    [262] => 5008
    [263] => 5504
    [264] => 5514
    [265] => 5547
    [266] => 5549
    [267] => 5645
    [268] => 6006
    [269] => 6114
    [270] => 6736
    [271] => 7119
    [272] => 7499
    [273] => 7504
    [274] => 7509
    [275] => 7519
    [276] => 7538
    [277] => 7552
    [278] => 7559
    [279] => 7742
    [280] => 7746
    [281] => 7785
    [282] => 7945
    [283] => 7949
    [284] => 7996
    [285] => 7997
    [286] => 7998
    [287] => 8104
    [288] => 9050
    [289] => 9140
    [290] => 9150
    [291] => 9158
    [292] => 9285
    [293] => 9295
    [294] => 9302
    [295] => 9313
    [296] => 9382
    [297] => 9390
    [298] => 9435
    [299] => 9444
    [300] => 9449
    [301] => 9513
    [302] => 9577
    [303] => 9658
    [304] => 9803
    [305] => 9831
    [306] => 9840
    [307] => 9947
    [308] => 10068
    [309] => 10179
    [310] => 10194
    [311] => 10196
    [312] => 10212
    [313] => 10301
    [314] => 10380
    [315] => 10436
    [316] => 10450
    [317] => 10635
    [318] => 10642
    [319] => 10744
    [320] => 10786
    [321] => 11144
    [322] => 11285
    [323] => 11293
    [324] => 11402
    [325] => 11413
    [326] => 11702
    [327] => 11979
    [328] => 12042
    [329] => 12060
    [330] => 12082
    [331] => 12105
    [332] => 12111
    [333] => 12118
    [334] => 14387
    [335] => 14398
    [336] => 14409
    [337] => 14412
    [338] => 14962
    [339] => 14964
    [340] => 14966
    [341] => 14968
    [342] => 15123
    [343] => 15148
    [344] => 15212
    [345] => 16906
    [346] => 17041
    [347] => 17473
    [348] => 17480
    [349] => 18046
    [350] => 18160
    [351] => 18336
    [352] => 18381
    [353] => 18391
    [354] => 18413
    [355] => 18467
    [356] => 18473
    [357] => 18565
    [358] => 19639
    [359] => 19643
    [360] => 20515
    [361] => 20520
    [362] => 20575
    [363] => 20588
    [364] => 20604
    [365] => 20615
    [366] => 20621
    [367] => 20631
    [368] => 20660
    [369] => 21084
    [370] => 21160
    [371] => 21166
    [372] => 21200
    [373] => 21215
    [374] => 21262
    [375] => 21316
    [376] => 21378
    [377] => 21501
    [378] => 21636
    [379] => 21807
    [380] => 22078
    [381] => 22093
    [382] => 23069
    [383] => 23484
    [384] => 24044
    [385] => 24160
    [386] => 24566
    [387] => 24915
    [388] => 24926
    [389] => 24977
    [390] => 25160
    [391] => 25222
    [392] => 25604
    [393] => 25610
    [394] => 25616
    [395] => 25635
    [396] => 25641
    [397] => 25710
    [398] => 25719
    [399] => 25722
    [400] => 25723
    [401] => 25932
    [402] => 25941
    [403] => 25946
    [404] => 25977
    [405] => 25983
    [406] => 26150
    [407] => 26156
    [408] => 26330
    [409] => 26335
    [410] => 26341
    [411] => 26389
    [412] => 26395
    [413] => 26419
    [414] => 26539
    [415] => 26658
    [416] => 26666
    [417] => 28185
    [418] => 28316
    [419] => 28320
    [420] => 28441
    [421] => 28454
    [422] => 28460
    [423] => 28470
    [424] => 28534
    [425] => 28539
    [426] => 28581
    [427] => 28587
    [428] => 30468
    [429] => 30506
    [430] => 31172
    [431] => 31174
    [432] => 31183
    [433] => 31189
    [434] => 31199
    [435] => 31393
    [436] => 31676
    [437] => 31681
    [438] => 31743
    [439] => 31800
    [440] => 31885
    [441] => 31894
    [442] => 31898
    [443] => 31938
    [444] => 31967
    [445] => 31973
    [446] => 32009
    [447] => 32044
    [448] => 32051
    [449] => 32069
    [450] => 32087
    [451] => 32126
    [452] => 32176
    [453] => 32181
    [454] => 32470
    [455] => 32473
    [456] => 32476
    [457] => 32482
    [458] => 32485
    [459] => 32488
    [460] => 32491
    [461] => 32494
    [462] => 32497
    [463] => 32500
    [464] => 32503
    [465] => 32506
    [466] => 32509
    [467] => 32510
    [468] => 32513
    [469] => 32516
    [470] => 32519
    [471] => 32522
    [472] => 32525
    [473] => 32528
    [474] => 32531
    [475] => 32534
    [476] => 32537
    [477] => 32540
    [478] => 32543
    [479] => 32546
    [480] => 32549
    [481] => 32552
    [482] => 32555
    [483] => 32558
    [484] => 32561
    [485] => 32564
    [486] => 32567
    [487] => 32570
    [488] => 32573
    [489] => 32576
    [490] => 32579
    [491] => 32582
    [492] => 32585
    [493] => 32645
    [494] => 32693
    [495] => 32743
    [496] => 32768
    [497] => 32782
    [498] => 32994
    [499] => 33008
    [500] => 33061
    [501] => 33092
    [502] => 33126
    [503] => 33139
    [504] => 33146
    [505] => 33155
    [506] => 33466
    [507] => 33659
    [508] => 33664
    [509] => 33669
    [510] => 33675
    [511] => 33679
    [512] => 34877
    [513] => 35014
    [514] => 35020
    [515] => 35371
    [516] => 35376
    [517] => 35514
    [518] => 35519
    [519] => 35524
    [520] => 35590
    [521] => 35594
    [522] => 35598
    [523] => 35603
    [524] => 35607
    [525] => 35613
    [526] => 35619
    [527] => 35624
    [528] => 35629
    [529] => 35643
    [530] => 35648
    [531] => 35654
    [532] => 35658
    [533] => 35668
    [534] => 35686
    [535] => 35692
    [536] => 35742
    [537] => 35747
    [538] => 35753
    [539] => 36076
    [540] => 36082
    [541] => 36089
    [542] => 36094
    [543] => 36099
    [544] => 36104
    [545] => 36110
    [546] => 36117
    [547] => 36124
    [548] => 36151
    [549] => 36153
    [550] => 36202
    [551] => 36209
    [552] => 36215
    [553] => 36222
    [554] => 36226
    [555] => 36276
    [556] => 36281
    [557] => 36294
    [558] => 36313
    [559] => 36321
    [560] => 36326
    [561] => 36332
    [562] => 36337
    [563] => 36338
    [564] => 36339
    [565] => 36340
    [566] => 36341
    [567] => 36342
    [568] => 36343
    [569] => 36344
    [570] => 36345
    [571] => 36346
    [572] => 36347
    [573] => 36348
    [574] => 36349
    [575] => 36350
    [576] => 36351
    [577] => 36352
    [578] => 36353
    [579] => 36371
    [580] => 36377
    [581] => 36381
    [582] => 1710_Красный
    [583] => 1710_Фиолетовый
    [584] => 1721_Красный
    [585] => 1721_Фиолетовый
    [586] => 1721_Оливковый
    [587] => 1769_Белый
    [588] => 1769_Черный
    [589] => 1769_Розовый
    [590] => 1853_Розовый
    [591] => 1853_Черный
    [592] => 1857_Розовый
    [593] => 1857_Темно-синий
    [594] => 1865_Темно-синий
    [595] => 1865_Серый
    [596] => 1865_Белый
    [597] => 3796_Голубой
    [598] => 3796_Белый
    [599] => 3796_Коричневый
    [600] => 6804_Фиолетовый
    [601] => 6804_Синий
    [602] => 6804_Оливковый
    [603] => 6804_Коричневый
    [604] => 7441_Серый
    [605] => 7441_Черный
    [606] => 9265_Розовый
    [607] => 9265_Черный
    [608] => 9356_Черный
    [609] => 9356_Серый
    [610] => 9378_Голубой
    [611] => 9378_Серый
    [612] => 9628_Синий
    [613] => 9628_Фиолетовый
    [614] => 9700_Белый
    [615] => 9700_Черный
    [616] => 9703_Серый
    [617] => 9703_Белый
    [618] => 9726_Черный
    [619] => 9726_Серый
    [620] => 9727_Белый
    [621] => 9727_Серый
    [622] => 9749_Черный
    [623] => 9749_Серый
    [624] => 9749_Белый
    [625] => 9760_Бирюзовый
    [626] => 9760_Белый
    [627] => 9760_Черный
    [628] => 9777_Фиолетовый
    [629] => 9777_Темно-синий
    [630] => 9820_Черный
    [631] => 9820_Красный
    [632] => 9820_Бирюзовый
    [633] => 9899_Фиолетовый
    [634] => 9899_салатовый
    [635] => 9943_Черный
    [636] => 9943_Розовый
    [637] => 9984_Черный
    [638] => 9984_Розовый
    [639] => 10023_Черный
    [640] => 10023_Бирюзовый
    [641] => 10023_Красный
    [642] => 10153_Красный
    [643] => 10153_Черный
    [644] => 10171_Белый
    [645] => 10171_Хаки
    [646] => 10244_Розовый
    [647] => 10244_Белый
    [648] => 10348_Белый
    [649] => 10348_Черный
    [650] => 10359_Белый
    [651] => 10359_Синий
    [652] => 10359_Розовый
    [653] => 10390_Красный
    [654] => 10390_Белый
    [655] => 10390_Зеленый
    [656] => 10557_Красный
    [657] => 10557_Черный
    [658] => 10599_Серый
    [659] => 10599_Красный
    [660] => 10842_Красный
    [661] => 10842_Синий
    [662] => 10842_Зеленый
    [663] => 10857_Зеленый
    [664] => 10857_Красный
    [665] => 10857_Синий
    [666] => 10870_Коричневый
    [667] => 10870_Синий
    [668] => 10870_Черный
    [669] => 10908_Красный
    [670] => 10908_Белый
    [671] => 10967_Белый
    [672] => 10967_Красный
    [673] => 10967_Черный
    [674] => 10983_Черный
    [675] => 10983_Красный
    [676] => 10983_Белый
    [677] => 11436_Синий
    [678] => 11436_Черный
    [679] => 11449_Синий
    [680] => 11449_Черный
    [681] => 11515_Бирюзовый
    [682] => 11515_Серый
    [683] => 11515_Красный
    [684] => 11596_Белый
    [685] => 11596_Розовый
    [686] => 11596_Синий
    [687] => 11660_Красный
    [688] => 11660_Голубой
    [689] => 11660_Черный
    [690] => 11679_Красный
    [691] => 11679_Голубой
    [692] => 11679_Черный
    [693] => 11899_Голубой
    [694] => 11899_Белый
    [695] => 11899_Синий
    [696] => 15070_Синий
    [697] => 15070_Зеленый
    [698] => 15070_Темно-синий
    [699] => 18215_Черный
    [700] => 18215_Желтый
    [701] => 18262_Розовый
    [702] => 18262_Черный
    [703] => 18497_Оранжевый
    [704] => 18497_Синий
    [705] => 18514_Зеленый
    [706] => 18514_Голубой
    [707] => 18514_Оранжевый
    [708] => 18536_Синий
    [709] => 18536_Желтый
    [710] => 21398_Красный
    [711] => 21398_темно-серый
    [712] => 21398_Черный
    [713] => 21398_Темно-синий
    [714] => 21434_Черный
    [715] => 21434_Розовый
    [716] => 21434_темно-серый
    [717] => 21518_Синий
    [718] => 21518_Розовый
    [719] => 21612_Черный
    [720] => 21612_Розовый
    [721] => 21678_Синий
    [722] => 21678_Розовый
    [723] => 21781_Темно-синий
    [724] => 21781_Желтый
    [725] => 21794_Темно-синий
    [726] => 21794_Хаки
    [727] => 21841_Черный
    [728] => 21841_Синий
    [729] => 21987_Серебристый
    [730] => 21987_Красный
    [731] => 21987_Розовый
    [732] => 23580_Красный
    [733] => 23580_Синий
    [734] => 24242_Синий
    [735] => 24242_Желтый
    [736] => 24328_Синий
    [737] => 24328_Черный
    [738] => 24460_Фиолетовый
    [739] => 24460_Голубой
    [740] => 24503_Зеленый
    [741] => 24503_Желтый
    [742] => 24782_Зеленый
    [743] => 24782_Серебрянный
    [744] => 24782_Желтый
    [745] => 24828_Красный
    [746] => 24828_Желтый
    [747] => 24893_Синий
    [748] => 24893_Розовый
    [749] => 26430_Черный
    [750] => 26430_Синий
    [751] => 1711_Фиолетовый
    [752] => 1711_Голубой
    [753] => 1711_Темно-синий
    [754] => 1774_Разноцветный
    [755] => 1774_Фиолетовый
    [756] => 1774_Золотистый
    [757] => 6747_Черный
    [758] => 6747_Голубой
    [759] => 6747_Серый
    [760] => 6747_Бирюзовый
    [761] => 6822_Желтый
    [762] => 6822_салатовый
    [763] => 6895_Красный
    [764] => 6895_Желтый
    [765] => 7434_Серый
    [766] => 7434_Светло-Розовый
    [767] => 7434_Черный
    [768] => 9605_салатовый
    [769] => 9605_Красный
    [770] => 9617_Розовый
    [771] => 9617_Светло-Розовый
    [772] => 9624_Красный
    [773] => 9624_Серый
    [774] => 9624_Белый
    [775] => 9783_Бирюзовый
    [776] => 9783_Черный
    [777] => 9921_Черный
    [778] => 9921_Голубой
    [779] => 9925_Черный
    [780] => 9925_Красный
    [781] => 9972_Фиолетовый
    [782] => 9972_Зеленый
    [783] => 10002_Хаки
    [784] => 10002_Фиолетовый
    [785] => 10002_Синий
    [786] => 10105_Красный
    [787] => 10105_Розовый
    [788] => 10105_Белый
    [789] => 10520_Черный
    [790] => 10520_Красный
    [791] => 10520_Голубой
    [792] => 10541_Красный
    [793] => 10541_Голубой
    [794] => 10551_Темно-синий
    [795] => 10551_Серый
    [796] => 10551_Белый
    [797] => 10569_Голубой
    [798] => 10569_Светло-Розовый
    [799] => 10626_Синий
    [800] => 10626_Зеленый
    [801] => 10658_Зеленый
    [802] => 10658_Красный
    [803] => 10658_Синий
    [804] => 10658_Черный
    [805] => 10763_салатовый
    [806] => 10763_Синий
    [807] => 10883_Черный
    [808] => 10883_Оранжевый
    [809] => 10883_Красный
    [810] => 10933_Белый
    [811] => 10933_Красный
    [812] => 11009_Темно-синий
    [813] => 11009_Красный
    [814] => 11301_Черный
    [815] => 11301_Красный
    [816] => 11358_Черный
    [817] => 11358_Красный
    [818] => 11358_Серебристый
    [819] => 11374_салатовый
    [820] => 11374_Голубой
    [821] => 11489_Темно-синий
    [822] => 11489_Красный
    [823] => 11538_Темно-синий
    [824] => 11538_Серый
    [825] => 11538_Черный
    [826] => 11563_Темно-синий
    [827] => 11563_Белый
    [828] => 11617_Голубой
    [829] => 11617_Бордовый
    [830] => 11628_Голубой
    [831] => 11628_Черный
    [832] => 11628_Темно-синий
    [833] => 11708_Черный
    [834] => 11708_Белый
    [835] => 11742_Белый
    [836] => 11742_Черный
    [837] => 11862_Красный
    [838] => 11862_Черный
    [839] => 11862_Зеленый
    [840] => 11875_Черный
    [841] => 11875_Розовый
    [842] => 11875_салатовый
    [843] => 11894_Белый
    [844] => 11894_Синий
    [845] => 11995_Голубой
    [846] => 11995_Синий
    [847] => 11995_Белый
    [848] => 11995_Красный
    [849] => 12095_Темно-синий
    [850] => 12095_Серый
    [851] => 12095_Белый
    [852] => 14415_Белый
    [853] => 14415_Зеленый
    [854] => 14991_Оранжевый
    [855] => 14991_Красный
    [856] => 15088_Темно-синий
    [857] => 15088_Черный
    [858] => 15524_Желтый
    [859] => 15524_Оливковый
    [860] => 15545_Красный
    [861] => 15545_Белый
    [862] => 18024_Голубой
    [863] => 18024_Желтый
    [864] => 18035_Синий
    [865] => 18035_Темно-Зеленый
    [866] => 18099_Серый
    [867] => 18099_Красный
    [868] => 18111_Темно-Зеленый
    [869] => 18111_Желтый
    [870] => 18131_Розовый
    [871] => 18131_Зеленый
    [872] => 18229_Розовый
    [873] => 18229_Черный
    [874] => 18229_Желтый
    [875] => 18251_Черный
    [876] => 18251_Желтый
    [877] => 18525_Черный
    [878] => 18525_Темно-синий
    [879] => 19364_Темно-синий
    [880] => 19364_Темно-Зеленый
    [881] => 19364_Серый
    [882] => 20501_Синий
    [883] => 20501_Бордовый
    [884] => 20559_Розовый
    [885] => 20559_Желтый
    [886] => 20593_Красный
    [887] => 20593_Темно-синий
    [888] => 21090_Бордовый
    [889] => 21090_Темно-синий
    [890] => 21120_Коричневый
    [891] => 21120_Оливковый
    [892] => 21120_Красный
    [893] => 21149_Синий
    [894] => 21149_Темно-синий
    [895] => 21175_Черный
    [896] => 21175_Красный
    [897] => 21175_Темно-синий
    [898] => 21175_Серый
    [899] => 21175_Оливковый
    [900] => 21232_Коричневый
    [901] => 21232_Красный
    [902] => 21232_Оливковый
    [903] => 21268_Красный
    [904] => 21268_Темно-синий
    [905] => 21283_Белый
    [906] => 21283_Темно-синий
    [907] => 21283_Серый
    [908] => 21305_Оливковый
    [909] => 21305_Ярко-Розовый
    [910] => 21364_Темно-синий
    [911] => 21364_Розовый
    [912] => 21364_Черный
    [913] => 21455_Черный
    [914] => 21455_Желтый
    [915] => 21455_Оливковый
    [916] => 21528_Черный
    [917] => 21528_Красный
    [918] => 21528_Темно-синий
    [919] => 21528_Розовый
    [920] => 21549_Синий
    [921] => 21549_Черный
    [922] => 21549_Оливковый
    [923] => 21575_Оливковый
    [924] => 21575_Черный
    [925] => 21575_Темно-синий
    [926] => 21575_Коричневый
    [927] => 21575_Розовый
    [928] => 21575_Синий
    [929] => 21623_Коричневый
    [930] => 21623_Оливковый
    [931] => 21647_Синий
    [932] => 21647_Оливковый
    [933] => 21658_Розовый
    [934] => 21658_Темно-синий
    [935] => 21658_Оливковый
    [936] => 21691_Оливковый
    [937] => 21691_Бордовый
    [938] => 21704_Синий
    [939] => 21704_Оливковый
    [940] => 21704_Коричневый
    [941] => 21717_Темно-Зеленый
    [942] => 21717_Синий
    [943] => 21717_Коричневый
    [944] => 21735_Оливковый
    [945] => 21735_Синий
    [946] => 21735_Розовый
    [947] => 21756_Синий
    [948] => 21756_Коричневый
    [949] => 21756_Оливковый
    [950] => 21772_Розовый
    [951] => 21772_Темно-синий
    [952] => 22044_Серый
    [953] => 22044_Красный
    [954] => 22044_Розовый
    [955] => 23075_Серый
    [956] => 23075_Белый
    [957] => 23502_Красный
    [958] => 23502_Синий
    [959] => 23502_Желтый
    [960] => 24285_Синий
    [961] => 24285_Красный
    [962] => 24439_Бирюзовый
    [963] => 24439_Голубой
    [964] => 24466_Серый
    [965] => 24466_Белый
    [966] => 24466_Фиолетовый
    [967] => 24466_Розовый
    [968] => 24504_Зеленый
    [969] => 24504_Красный
    [970] => 24578_Синий
    [971] => 24578_Розовый
    [972] => 25396_Голубой
    [973] => 25396_Фиолетовый
    [974] => 25409_Фиолетовый
    [975] => 25409_Голубой
    [976] => 25598_Розовый
    [977] => 25598_Голубой
    [978] => 25960_Серый
    [979] => 25960_Красный
    [980] => 25967_Белый
    [981] => 25967_Голубой
    [982] => 25967_Темно-синий
    [983] => 26145_Красный
    [984] => 26145_Голубой
    [985] => 26161_Белый
    [986] => 26161_Красный
    [987] => 28289_темно-серый
    [988] => 28289_Голубой
    [989] => 28325_Красный
    [990] => 28325_Фиолетовый
    [991] => 28335_Красный
    [992] => 28335_Фиолетовый
    [993] => 28345_Красный
    [994] => 28345_Фиолетовый
    [995] => 28417_Темно-синий
    [996] => 28417_Розовый
    [997] => 28430_Фиолетовый
    [998] => 28430_Красный
    [999] => 28447_Белый
    [1000] => 28447_Голубой
    [1001] => 28550_Черный
    [1002] => 28550_Фиолетовый
    [1003] => 31165_Коричневый
    [1004] => 31165_Синий
    [1005] => 31165_Оливковый
    [1006] => 31169_Оливковый
    [1007] => 31169_Коричневый
    [1008] => 31181_Синий
    [1009] => 31181_Розовый
    [1010] => 31185_Оливковый
    [1011] => 31185_Коричневый
    [1012] => 31185_Красный
    [1013] => 31191_Красный
    [1014] => 31191_Серый
    [1015] => 31196_Серый
    [1016] => 31196_Красный
    [1017] => 31201_Темно-синий
    [1018] => 31201_Бордовый
    [1019] => 31204_Розовый
    [1020] => 31204_Оливковый
    [1021] => 31204_Темно-синий
    [1022] => 31208_Розовый
    [1023] => 31208_Оливковый
    [1024] => 31734_Оливковый
    [1025] => 31734_Темно-синий
    [1026] => 31759_Серый
    [1027] => 31759_Темно-синий
    [1028] => 31759_Красный
    [1029] => 31776_Темно-синий
    [1030] => 31776_Голубой
    [1031] => 31776_Черный
    [1032] => 31806_Красный
    [1033] => 31806_Темно-синий
    [1034] => 31806_Черный
    [1035] => 31831_Темно-синий
    [1036] => 31831_Черный
    [1037] => 31847_Черный
    [1038] => 31847_Серый
    [1039] => 31856_Серый
    [1040] => 31856_Темно-синий
    [1041] => 31856_Черный
    [1042] => 31856_Оливковый
    [1043] => 31862_Серый
    [1044] => 31862_Белый
    [1045] => 31867_Красный
    [1046] => 31867_Темно-синий
    [1047] => 31867_Розовый
    [1048] => 31867_Синий
    [1049] => 31874_Серый
    [1050] => 31874_Темно-синий
    [1051] => 31878_Красный
    [1052] => 31878_Темно-синий
    [1053] => 31878_Голубой
    [1054] => 31878_Черный
    [1055] => 31888_Черный
    [1056] => 31888_Голубой
    [1057] => 31888_Темно-синий
    [1058] => 31888_Розовый
    [1059] => 31915_Черный
    [1060] => 31915_Голубой
    [1061] => 31927_Желтый
    [1062] => 31927_Голубой
    [1063] => 31949_Красный
    [1064] => 31949_Синий
    [1065] => 31978_Темно-синий
    [1066] => 31978_Голубой
    [1067] => 31978_Белый
    [1068] => 31978_Черный
    [1069] => 32000_Темно-синий
    [1070] => 32000_Красный
    [1071] => 32015_Черный
    [1072] => 32015_Оливковый
    [1073] => 32015_Темно-синий
    [1074] => 32015_Голубой
    [1075] => 32053_Черный
    [1076] => 32053_Белый
    [1077] => 32053_Серый
    [1078] => 32072_Темно-синий
    [1079] => 32072_Черный
    [1080] => 32097_Розовый
    [1081] => 32097_Темно-синий
    [1082] => 32108_Розовый
    [1083] => 32108_Черный
    [1084] => 32108_Голубой
    [1085] => 32148_Синий
    [1086] => 32148_Черный
    [1087] => 32148_Красный
    [1088] => 32148_Розовый
    [1089] => 32167_Синий
    [1090] => 32167_Темно-синий
    [1091] => 32184_Красный
    [1092] => 32184_Темно-синий
    [1093] => 32184_Черный
    [1094] => 32198_Красный
    [1095] => 32198_Синий
    [1096] => 32198_Черный
    [1097] => 32198_Голубой
    [1098] => 32220_Темно-синий
    [1099] => 32220_Розовый
    [1100] => 32220_Голубой
    [1101] => 32220_Желтый
    [1102] => 32245_Синий
    [1103] => 32245_Голубой
    [1104] => 32245_Розовый
    [1105] => 32254_Розовый
    [1106] => 32254_Темно-синий
    [1107] => 32254_Черный
    [1108] => 32274_Черный
    [1109] => 32274_Темно-синий
    [1110] => 32458_Темно-синий
    [1111] => 32458_Оливковый
    [1112] => 32609_Красный
    [1113] => 32609_Темно-синий
    [1114] => 32616_Красный
    [1115] => 32616_Темно-синий
    [1116] => 32616_Серый
    [1117] => 32623_Темно-синий
    [1118] => 32623_Черный
    [1119] => 32634_Темно-синий
    [1120] => 32634_Красный
    [1121] => 32654_Красный
    [1122] => 32654_Темно-синий
    [1123] => 32654_Черный
    [1124] => 32654_Голубой
    [1125] => 32673_Красный
    [1126] => 32673_Голубой
    [1127] => 32710_Голубой
    [1128] => 32710_Темно-синий
    [1129] => 32725_Красный
    [1130] => 32725_Темно-синий
    [1131] => 32725_Голубой
    [1132] => 32754_Черный
    [1133] => 32754_Розовый
    [1134] => 32754_Разноцветный
    [1135] => 32783_Голубой
    [1136] => 32783_Розовый
    [1137] => 32797_Розовый
    [1138] => 32797_Разноцветный
    [1139] => 32797_Темно-синий
    [1140] => 32812_Серый
    [1141] => 32812_Коричневый
    [1142] => 32812_Белый
    [1143] => 32825_Темно-синий
    [1144] => 32825_Коричневый
    [1145] => 32834_Темно-синий
    [1146] => 32834_Белый
    [1147] => 32847_Белый
    [1148] => 32847_Темно-синий
    [1149] => 32863_Розовый
    [1150] => 32863_Голубой
    [1151] => 32876_Розовый
    [1152] => 32876_Голубой
    [1153] => 32876_Разноцветный
    [1154] => 32876_Желтый
    [1155] => 32897_Розовый
    [1156] => 32897_Голубой
    [1157] => 32916_Розовый
    [1158] => 32916_Желтый
    [1159] => 32941_Розовый
    [1160] => 32941_Голубой
    [1161] => 32958_Розовый
    [1162] => 32958_Голубой
    [1163] => 32958_Темно-синий
    [1164] => 32977_Розовый
    [1165] => 32977_Голубой
    [1166] => 32977_Темно-синий
    [1167] => 32977_Желтый
    [1168] => 33009_Синий
    [1169] => 33009_Красный
    [1170] => 33044_Голубой
    [1171] => 33044_Красный
    [1172] => 33062_Синий
    [1173] => 33062_Красный
    [1174] => 33083_Темно-синий
    [1175] => 33083_Голубой
    [1176] => 33101_Розовый
    [1177] => 33101_Голубой
    [1178] => 33101_Темно-синий
    [1179] => 33101_Желтый
    [1180] => 33169_Красный
    [1181] => 33169_Темно-синий
    [1182] => 33169_Черный
    [1183] => 33181_Красный
    [1184] => 33181_Темно-синий
    [1185] => 35027_Голубой
    [1186] => 35027_Розовый
    [1187] => 35634_Темно-синий
    [1188] => 35634_Желтый
    [1189] => 35673_Черный
    [1190] => 35673_Фиолетовый
    [1191] => 35698_Черный
    [1192] => 35698_Синий
    [1193] => 35698_Оранжевый
    [1194] => 35698_Желтый
    [1195] => 35716_Черный
    [1196] => 35716_Синий
    [1197] => 35731_Оранжевый
    [1198] => 35731_Красный
    [1199] => 36147_Желтый
    [1200] => 36147_Красный
    [1201] => 36147_Синий
    [1202] => 36250_C1 YELLOW
    [1203] => 36250_C4 Blue
    [1204] => 36250_C2 Red
    [1205] => 36250_C3 BLACK
    [1206] => 36287_C1 ICE BLUE
    [1207] => 36287_C2 PEACH
    [1208] => 36302_C1 GRAPHITE / ICE BLU
    [1209] => 36302_C2 NAVY / BLOOD RED
)
