Array
(
    [0] => 1710
    [1] => 1721
    [2] => 1769
    [3] => 1853
    [4] => 1857
    [5] => 1865
    [6] => 3796
    [7] => 6804
    [8] => 7441
    [9] => 9265
    [10] => 9356
    [11] => 9378
    [12] => 9628
    [13] => 9700
    [14] => 9703
    [15] => 9726
    [16] => 9727
    [17] => 9749
    [18] => 9760
    [19] => 9777
    [20] => 9820
    [21] => 9899
    [22] => 9943
    [23] => 9984
    [24] => 10023
    [25] => 10153
    [26] => 10171
    [27] => 10244
    [28] => 10348
    [29] => 10359
    [30] => 10390
    [31] => 10557
    [32] => 10599
    [33] => 10842
    [34] => 10857
    [35] => 10870
    [36] => 10908
    [37] => 10967
    [38] => 10983
    [39] => 11436
    [40] => 11449
    [41] => 11515
    [42] => 11596
    [43] => 11660
    [44] => 11679
    [45] => 11899
    [46] => 15070
    [47] => 18215
    [48] => 18262
    [49] => 18497
    [50] => 18514
    [51] => 18536
    [52] => 21398
    [53] => 21434
    [54] => 21518
    [55] => 21612
    [56] => 21678
    [57] => 21781
    [58] => 21794
    [59] => 21841
    [60] => 21987
    [61] => 23580
    [62] => 24242
    [63] => 24328
    [64] => 24460
    [65] => 24503
    [66] => 24782
    [67] => 24828
    [68] => 24893
    [69] => 26430
    [70] => 1711
    [71] => 1774
    [72] => 6747
    [73] => 6822
    [74] => 6895
    [75] => 7434
    [76] => 9605
    [77] => 9617
    [78] => 9624
    [79] => 9783
    [80] => 9921
    [81] => 9925
    [82] => 9972
    [83] => 10002
    [84] => 10105
    [85] => 10520
    [86] => 10541
    [87] => 10551
    [88] => 10569
    [89] => 10626
    [90] => 10658
    [91] => 10763
    [92] => 10883
    [93] => 10933
    [94] => 11009
    [95] => 11301
    [96] => 11358
    [97] => 11374
    [98] => 11489
    [99] => 11538
    [100] => 11563
    [101] => 11617
    [102] => 11628
    [103] => 11708
    [104] => 11742
    [105] => 11862
    [106] => 11875
    [107] => 11894
    [108] => 11995
    [109] => 12095
    [110] => 14415
    [111] => 14991
    [112] => 15088
    [113] => 15524
    [114] => 15545
    [115] => 18024
    [116] => 18035
    [117] => 18099
    [118] => 18111
    [119] => 18131
    [120] => 18229
    [121] => 18251
    [122] => 18525
    [123] => 19364
    [124] => 20501
    [125] => 20559
    [126] => 20593
    [127] => 21090
    [128] => 21120
    [129] => 21149
    [130] => 21175
    [131] => 21232
    [132] => 21268
    [133] => 21283
    [134] => 21305
    [135] => 21364
    [136] => 21455
    [137] => 21528
    [138] => 21549
    [139] => 21575
    [140] => 21623
    [141] => 21647
    [142] => 21658
    [143] => 21691
    [144] => 21704
    [145] => 21717
    [146] => 21735
    [147] => 21756
    [148] => 21772
    [149] => 22044
    [150] => 23075
    [151] => 23502
    [152] => 24285
    [153] => 24439
    [154] => 24466
    [155] => 24504
    [156] => 24578
    [157] => 25396
    [158] => 25409
    [159] => 25598
    [160] => 25960
    [161] => 25967
    [162] => 26145
    [163] => 26161
    [164] => 28289
    [165] => 28325
    [166] => 28335
    [167] => 28345
    [168] => 28417
    [169] => 28430
    [170] => 28447
    [171] => 28550
    [172] => 31165
    [173] => 31169
    [174] => 31181
    [175] => 31185
    [176] => 31191
    [177] => 31196
    [178] => 31201
    [179] => 31204
    [180] => 31208
    [181] => 31734
    [182] => 31759
    [183] => 31776
    [184] => 31806
    [185] => 31831
    [186] => 31847
    [187] => 31856
    [188] => 31862
    [189] => 31867
    [190] => 31874
    [191] => 31878
    [192] => 31888
    [193] => 31915
    [194] => 31927
    [195] => 31949
    [196] => 31978
    [197] => 32000
    [198] => 32015
    [199] => 32053
    [200] => 32072
    [201] => 32097
    [202] => 32108
    [203] => 32148
    [204] => 32167
    [205] => 32184
    [206] => 32198
    [207] => 32220
    [208] => 32245
    [209] => 32254
    [210] => 32274
    [211] => 32458
    [212] => 32609
    [213] => 32616
    [214] => 32623
    [215] => 32634
    [216] => 32654
    [217] => 32673
    [218] => 32710
    [219] => 32725
    [220] => 32754
    [221] => 32783
    [222] => 32797
    [223] => 32812
    [224] => 32825
    [225] => 32834
    [226] => 32847
    [227] => 32863
    [228] => 32876
    [229] => 32897
    [230] => 32916
    [231] => 32941
    [232] => 32958
    [233] => 32977
    [234] => 33009
    [235] => 33044
    [236] => 33062
    [237] => 33083
    [238] => 33101
    [239] => 33169
    [240] => 33181
    [241] => 35027
    [242] => 35634
    [243] => 35673
    [244] => 35698
    [245] => 35716
    [246] => 35731
    [247] => 36147
    [248] => 36250
    [249] => 36287
    [250] => 36302
    [251] => 36318
)
