Array
(
    [0] => 275
    [1] => 276
    [2] => 8036
    [3] => 9224
    [4] => 9329
    [5] => 9540
    [6] => 9642
    [7] => 10462
    [8] => 15189
    [9] => 17470
    [10] => 20859
    [11] => 25747
    [12] => 28525
    [13] => 19639
    [14] => 28534
    [15] => 31898
    [16] => 32069
    [17] => 32509
    [18] => 36377
    [19] => 36381
    [20] => 9265_Черный
    [21] => 10153_Красный
    [22] => 21518_Синий
    [23] => 21518_Розовый
    [24] => 6895_Красный
    [25] => 6895_Желтый
    [26] => 11862_Зеленый
    [27] => 11875_салатовый
    [28] => 14991_Оранжевый
    [29] => 14991_Красный
    [30] => 18099_Серый
    [31] => 18099_Красный
    [32] => 21283_Белый
    [33] => 21455_Черный
    [34] => 21658_Темно-синий
    [35] => 23502_Красный
    [36] => 23502_Синий
    [37] => 23502_Желтый
    [38] => 24504_Зеленый
    [39] => 24504_Красный
    [40] => 25396_Голубой
    [41] => 25396_Фиолетовый
    [42] => 25409_Фиолетовый
    [43] => 25409_Голубой
    [44] => 25598_Розовый
    [45] => 25598_Голубой
    [46] => 25960_Серый
    [47] => 25960_Красный
    [48] => 25967_Белый
    [49] => 26145_Красный
    [50] => 26145_Голубой
    [51] => 26161_Белый
    [52] => 26161_Красный
    [53] => 28289_темно-серый
    [54] => 28289_Голубой
    [55] => 28325_Красный
    [56] => 28325_Фиолетовый
    [57] => 28335_Красный
    [58] => 28335_Фиолетовый
    [59] => 28345_Красный
    [60] => 28345_Фиолетовый
    [61] => 28417_Темно-синий
    [62] => 28417_Розовый
    [63] => 28430_Фиолетовый
    [64] => 28430_Красный
    [65] => 28447_Белый
    [66] => 28447_Голубой
    [67] => 28550_Черный
    [68] => 28550_Фиолетовый
    [69] => 31759_Серый
    [70] => 31759_Темно-синий
    [71] => 31759_Красный
    [72] => 31776_Голубой
    [73] => 31927_Желтый
    [74] => 31927_Голубой
    [75] => 32000_Темно-синий
    [76] => 32000_Красный
    [77] => 32184_Красный
    [78] => 32198_Красный
    [79] => 32198_Черный
    [80] => 32220_Голубой
    [81] => 32220_Желтый
    [82] => 32245_Розовый
    [83] => 32254_Темно-синий
    [84] => 32274_Черный
    [85] => 32274_Темно-синий
    [86] => 32458_Темно-синий
    [87] => 32458_Оливковый
    [88] => 32825_Темно-синий
    [89] => 35027_Голубой
    [90] => 35027_Розовый
    [91] => 35634_Темно-синий
    [92] => 35634_Желтый
    [93] => 35673_Черный
    [94] => 35673_Фиолетовый
    [95] => 35698_Черный
    [96] => 35698_Синий
    [97] => 35698_Оранжевый
    [98] => 35698_Желтый
    [99] => 35716_Черный
    [100] => 35716_Синий
    [101] => 35731_Оранжевый
    [102] => 35731_Красный
    [103] => 36147_Желтый
    [104] => 36147_Красный
    [105] => 36147_Синий
    [106] => 36250_C1 YELLOW
    [107] => 36250_C4 Blue
    [108] => 36250_C2 Red
    [109] => 36250_C3 BLACK
    [110] => 36287_C1 ICE BLUE
    [111] => 36287_C2 PEACH
    [112] => 36302_C1 GRAPHITE / ICE BLU
    [113] => 36302_C2 NAVY / BLOOD RED
)
