Array
(
    [0] => 32
    [1] => 39
    [2] => 40
    [3] => 41
    [4] => 43
    [5] => 45
    [6] => 47
    [7] => 48
    [8] => 49
    [9] => 58
    [10] => 60
    [11] => 127
    [12] => 128
    [13] => 129
    [14] => 130
    [15] => 133
    [16] => 134
    [17] => 136
    [18] => 137
    [19] => 140
    [20] => 141
    [21] => 143
    [22] => 155
    [23] => 156
    [24] => 167
    [25] => 272
    [26] => 281
    [27] => 280
    [28] => 278
    [29] => 279
    [30] => 280
    [31] => 281
    [32] => 282
    [33] => 283
    [34] => 284
    [35] => 364
    [36] => 816
    [37] => 923
    [38] => 924
    [39] => 975
    [40] => 1740
    [41] => 1744
    [42] => 1821
    [43] => 1824
    [44] => 1847
    [45] => 1869
    [46] => 3685
    [47] => 4770
    [48] => 4794
    [49] => 4885
    [50] => 4900
    [51] => 5514
    [52] => 5537
    [53] => 5538
    [54] => 5547
    [55] => 5548
    [56] => 5549
    [57] => 5551
    [58] => 5554
    [59] => 5558
    [60] => 5582
    [61] => 5590
    [62] => 5628
    [63] => 6114
    [64] => 6138
    [65] => 6799
    [66] => 7430
    [67] => 7811
    [68] => 7870
    [69] => 7876
    [70] => 7912
    [71] => 33679
    [72] => 33664
    [73] => 8057
    [74] => 8069
    [75] => 8101
    [76] => 8102
    [77] => 8129
    [78] => 8134
    [79] => 8140
    [80] => 9108
    [81] => 9135
    [82] => 9254
    [83] => 9345
    [84] => 9531
    [85] => 9935
    [86] => 9939
    [87] => 10144
    [88] => 10158
    [89] => 10183
    [90] => 10222
    [91] => 10269
    [92] => 10285
    [93] => 10294
    [94] => 10387
    [95] => 10441
    [96] => 10453
    [97] => 10454
    [98] => 10587
    [99] => 10593
    [100] => 10642
    [101] => 10722
    [102] => 10921
    [103] => 10927
    [104] => 10943
    [105] => 10961
    [106] => 11557
    [107] => 11832
    [108] => 11973
    [109] => 15184
    [110] => 15201
    [111] => 15205
    [112] => 15366
    [113] => 17480
    [114] => 18185
    [115] => 18363
    [116] => 18375
    [117] => 18467
    [118] => 18485
    [119] => 18508
    [120] => 18545
    [121] => 18555
    [122] => 18560
    [123] => 18570
    [124] => 18575
    [125] => 18580
    [126] => 19597
    [127] => 20510
    [128] => 20575
    [129] => 17480
    [130] => 20870
    [131] => 20876
    [132] => 21262
    [133] => 21358
    [134] => 21384
    [135] => 21391
    [136] => 21641
    [137] => 21774
    [138] => 21814
    [139] => 21827
    [140] => 21834
    [141] => 21859
    [142] => 21865
    [143] => 21871
    [144] => 21877
    [145] => 22024
    [146] => 22034
    [147] => 22068
    [148] => 22087
    [149] => 22101
    [150] => 36076
    [151] => 23600
    [152] => 24149
    [153] => 24164
    [154] => 24174
    [155] => 24176
    [156] => 24179
    [157] => 24225
    [158] => 24238
    [159] => 24275
    [160] => 24278
    [161] => 24290
    [162] => 24365
    [163] => 24486
    [164] => 24532
    [165] => 24592
    [166] => 24593
    [167] => 24603
    [168] => 24681
    [169] => 24694
    [170] => 24706
    [171] => 24714
    [172] => 24720
    [173] => 24726
    [174] => 24738
    [175] => 24753
    [176] => 24760
    [177] => 24766
    [178] => 24860
    [179] => 24886
    [180] => 24921
    [181] => 24931
    [182] => 25114
    [183] => 25134
    [184] => 25160
    [185] => 25164
    [186] => 25289
    [187] => 25340
    [188] => 25352
    [189] => 25365
    [190] => 25376
    [191] => 25386
    [192] => 25616
    [193] => 25622
    [194] => 25687
    [195] => 25692
    [196] => 25722
    [197] => 25723
    [198] => 25731
    [199] => 35648
    [200] => 26330
    [201] => 26335
    [202] => 26341
    [203] => 35619
    [204] => 35668
    [205] => 35648
    [206] => 26372
    [207] => 26395
    [208] => 26424
    [209] => 26441
    [210] => 26448
    [211] => 26455
    [212] => 26461
    [213] => 26467
    [214] => 26473
    [215] => 35613
    [216] => 35624
    [217] => 35607
    [218] => 28545
    [219] => 28564
    [220] => 28581
    [221] => 28592
    [222] => 20660
    [223] => 35
    [224] => 173
    [225] => 273
    [226] => 274
    [227] => 277
    [228] => 1726
    [229] => 1729
    [230] => 1733
    [231] => 1750
    [232] => 1760
    [233] => 3682
    [234] => 4615
    [235] => 4624
    [236] => 4625
    [237] => 4628
    [238] => 4700
    [239] => 4735
    [240] => 4736
    [241] => 4737
    [242] => 4771
    [243] => 4779
    [244] => 4882
    [245] => 4888
    [246] => 4892
    [247] => 6736
    [248] => 7119
    [249] => 7499
    [250] => 7504
    [251] => 7509
    [252] => 7519
    [253] => 7996
    [254] => 7997
    [255] => 7998
    [256] => 9050
    [257] => 9140
    [258] => 9158
    [259] => 9295
    [260] => 9302
    [261] => 9313
    [262] => 9390
    [263] => 9435
    [264] => 9444
    [265] => 9449
    [266] => 9513
    [267] => 9577
    [268] => 33669
    [269] => 9803
    [270] => 9831
    [271] => 9840
    [272] => 10068
    [273] => 10179
    [274] => 10194
    [275] => 10196
    [276] => 10212
    [277] => 10301
    [278] => 10380
    [279] => 10436
    [280] => 10450
    [281] => 10635
    [282] => 10744
    [283] => 10786
    [284] => 11285
    [285] => 11293
    [286] => 11413
    [287] => 11702
    [288] => 11979
    [289] => 12042
    [290] => 12060
    [291] => 12082
    [292] => 12111
    [293] => 14387
    [294] => 14409
    [295] => 14412
    [296] => 14962
    [297] => 14964
    [298] => 14966
    [299] => 14968
    [300] => 15123
    [301] => 15212
    [302] => 17473
    [303] => 17480
    [304] => 18160
    [305] => 18381
    [306] => 18391
    [307] => 18413
    [308] => 18473
    [309] => 18565
    [310] => 20660
    [311] => 19643
    [312] => 20515
    [313] => 20520
    [314] => 20588
    [315] => 20604
    [316] => 20615
    [317] => 20621
    [318] => 20631
    [319] => 20660
    [320] => 21084
    [321] => 21160
    [322] => 21166
    [323] => 21200
    [324] => 21378
    [325] => 21636
    [326] => 21807
    [327] => 22078
    [328] => 22093
    [329] => 23069
    [330] => 24915
    [331] => 24926
    [332] => 25610
    [333] => 25710
    [334] => 35668
    [335] => 30468
    [336] => 31172
    [337] => 31174
    [338] => 31183
    [339] => 31189
    [340] => 31199
    [341] => 31676
    [342] => 31800
    [343] => 31885
    [344] => 31938
    [345] => 31967
    [346] => 31973
    [347] => 32009
    [348] => 32044
    [349] => 32051
    [350] => 32176
    [351] => 32181
    [352] => 32470
    [353] => 32473
    [354] => 32476
    [355] => 32482
    [356] => 32485
    [357] => 32488
    [358] => 32491
    [359] => 32494
    [360] => 32497
    [361] => 32500
    [362] => 32503
    [363] => 32506
    [364] => 32513
    [365] => 32510
    [366] => 32513
    [367] => 32516
    [368] => 32519
    [369] => 32522
    [370] => 32525
    [371] => 32528
    [372] => 32531
    [373] => 32534
    [374] => 32537
    [375] => 32540
    [376] => 32543
    [377] => 32546
    [378] => 32549
    [379] => 32552
    [380] => 32555
    [381] => 32558
    [382] => 32561
    [383] => 32564
    [384] => 32567
    [385] => 32570
    [386] => 32573
    [387] => 32576
    [388] => 32579
    [389] => 32582
    [390] => 32585
    [391] => 32645
    [392] => 32693
    [393] => 32743
    [394] => 32768
    [395] => 32782
    [396] => 32994
    [397] => 33008
    [398] => 33061
    [399] => 33092
    [400] => 33126
    [401] => 33139
    [402] => 33146
    [403] => 33155
    [404] => 33466
    [405] => 1710_Фиолетовый
    [406] => 1710_Красный
    [407] => 1721_Красный
    [408] => 1721_Фиолетовый
    [409] => 1721_Оливковый
    [410] => 1769_Белый
    [411] => 1769_Черный
    [412] => 1769_Розовый
    [413] => 1853_Розовый
    [414] => 1853_Черный
    [415] => 1857_Темно-синий
    [416] => 1857_Розовый
    [417] => 1865_Серый
    [418] => 1865_Белый
    [419] => 1865_Темно-синий
    [420] => 3796_Белый
    [421] => 3796_Коричневый
    [422] => 3796_Голубой
    [423] => 6804_Оливковый
    [424] => 6804_Коричневый
    [425] => 6804_Фиолетовый
    [426] => 6804_Синий
    [427] => 7441_Серый
    [428] => 7441_Черный
    [429] => 9265_Розовый
    [430] => 9356_Серый
    [431] => 9356_Черный
    [432] => 9378_Голубой
    [433] => 9378_Серый
    [434] => 9628_Фиолетовый
    [435] => 9628_Синий
    [436] => 9700_Белый
    [437] => 9700_Черный
    [438] => 9703_Серый
    [439] => 9703_Белый
    [440] => 9726_Черный
    [441] => 9726_Серый
    [442] => 9727_Серый
    [443] => 9727_Белый
    [444] => 9749_Серый
    [445] => 9749_Белый
    [446] => 9749_Черный
    [447] => 9760_Бирюзовый
    [448] => 9760_Белый
    [449] => 9760_Черный
    [450] => 9777_Фиолетовый
    [451] => 9777_Темно-синий
    [452] => 9820_Бирюзовый
    [453] => 9820_Черный
    [454] => 9820_Красный
    [455] => 9899_салатовый
    [456] => 9899_Фиолетовый
    [457] => 9943_Черный
    [458] => 9943_Розовый
    [459] => 9984_Черный
    [460] => 9984_Розовый
    [461] => 10023_Бирюзовый
    [462] => 10023_Красный
    [463] => 10023_Черный
    [464] => 10153_Черный
    [465] => 10171_Белый
    [466] => 10171_Хаки
    [467] => 10244_Розовый
    [468] => 10244_Белый
    [469] => 10348_Черный
    [470] => 10348_Белый
    [471] => 10359_Белый
    [472] => 10359_Синий
    [473] => 10359_Розовый
    [474] => 10390_Красный
    [475] => 10390_Белый
    [476] => 10390_Зеленый
    [477] => 10557_Черный
    [478] => 10557_Красный
    [479] => 10599_Красный
    [480] => 10599_Серый
    [481] => 10658_Красный
    [482] => 10658_Синий
    [483] => 10658_Черный
    [484] => 10658_Зеленый
    [485] => 10842_Синий
    [486] => 10842_Зеленый
    [487] => 10842_Красный
    [488] => 10857_Синий
    [489] => 10857_Зеленый
    [490] => 10857_Красный
    [491] => 10870_Черный
    [492] => 10870_Коричневый
    [493] => 10870_Синий
    [494] => 10908_Белый
    [495] => 10908_Красный
    [496] => 10967_Белый
    [497] => 10967_Красный
    [498] => 10967_Черный
    [499] => 10983_Черный
    [500] => 10983_Красный
    [501] => 10983_Белый
    [502] => 11436_Синий
    [503] => 11436_Черный
    [504] => 11449_Синий
    [505] => 11449_Черный
    [506] => 11515_Бирюзовый
    [507] => 11515_Серый
    [508] => 11515_Красный
    [509] => 11596_Белый
    [510] => 11596_Розовый
    [511] => 11596_Синий
    [512] => 11660_Красный
    [513] => 11660_Голубой
    [514] => 11660_Черный
    [515] => 11679_Красный
    [516] => 11679_Голубой
    [517] => 11679_Черный
    [518] => 11899_Синий
    [519] => 11899_Голубой
    [520] => 11899_Белый
    [521] => 15070_Синий
    [522] => 15070_Зеленый
    [523] => 15070_Темно-синий
    [524] => 18215_Черный
    [525] => 18215_Желтый
    [526] => 18229_Розовый
    [527] => 18229_Черный
    [528] => 18229_Желтый
    [529] => 18262_Розовый
    [530] => 18262_Черный
    [531] => 18497_Синий
    [532] => 18497_Оранжевый
    [533] => 18514_Зеленый
    [534] => 18514_Голубой
    [535] => 18514_Оранжевый
    [536] => 18536_Синий
    [537] => 18536_Желтый
    [538] => 21398_Красный
    [539] => 21398_темно-серый
    [540] => 21398_Черный
    [541] => 21398_Темно-синий
    [542] => 21434_Черный
    [543] => 21434_Розовый
    [544] => 21434_темно-серый
    [545] => 21612_Черный
    [546] => 21612_Розовый
    [547] => 21678_Розовый
    [548] => 21678_Синий
    [549] => 21781_Темно-синий
    [550] => 21781_Желтый
    [551] => 21794_Темно-синий
    [552] => 21794_Хаки
    [553] => 21841_Черный
    [554] => 21841_Синий
    [555] => 21987_Розовый
    [556] => 21987_Серебристый
    [557] => 21987_Красный
    [558] => 23580_Красный
    [559] => 23580_Синий
    [560] => 24242_Желтый
    [561] => 24242_Синий
    [562] => 24328_Синий
    [563] => 24328_Черный
    [564] => 24439_Бирюзовый
    [565] => 24439_Голубой
    [566] => 24460_Голубой
    [567] => 24460_Фиолетовый
    [568] => 24503_Зеленый
    [569] => 24503_Желтый
    [570] => 24782_Серебрянный
    [571] => 24782_Желтый
    [572] => 24782_Зеленый
    [573] => 24828_Красный
    [574] => 24828_Желтый
    [575] => 24893_Розовый
    [576] => 24893_Синий
    [577] => 25967_Темно-синий
    [578] => 25967_Голубой
    [579] => 26430_Черный
    [580] => 26430_Синий
    [581] => 1711_Фиолетовый
    [582] => 1711_Голубой
    [583] => 1711_Темно-синий
    [584] => 1774_Разноцветный
    [585] => 1774_Фиолетовый
    [586] => 1774_Золотистый
    [587] => 6747_Черный
    [588] => 6747_Голубой
    [589] => 6747_Серый
    [590] => 6747_Бирюзовый
    [591] => 6822_Желтый
    [592] => 6822_салатовый
    [593] => 7434_Серый
    [594] => 7434_Светло-Розовый
    [595] => 7434_Черный
    [596] => 9605_салатовый
    [597] => 9605_Красный
    [598] => 9617_Розовый
    [599] => 9617_Светло-Розовый
    [600] => 9624_Красный
    [601] => 9624_Серый
    [602] => 9624_Белый
    [603] => 9783_Бирюзовый
    [604] => 9783_Черный
    [605] => 9921_Черный
    [606] => 9921_Голубой
    [607] => 9925_Черный
    [608] => 9925_Красный
    [609] => 9972_Фиолетовый
    [610] => 9972_Зеленый
    [611] => 10002_Хаки
    [612] => 10002_Фиолетовый
    [613] => 10002_Синий
    [614] => 10105_Красный
    [615] => 10105_Розовый
    [616] => 10105_Белый
    [617] => 10520_Черный
    [618] => 10520_Красный
    [619] => 10520_Голубой
    [620] => 10541_Красный
    [621] => 10541_Голубой
    [622] => 10551_Темно-синий
    [623] => 10551_Серый
    [624] => 10551_Белый
    [625] => 10569_Голубой
    [626] => 10569_Светло-Розовый
    [627] => 10626_Синий
    [628] => 10626_Зеленый
    [629] => 10763_салатовый
    [630] => 10763_Синий
    [631] => 10883_Черный
    [632] => 10883_Оранжевый
    [633] => 10883_Красный
    [634] => 10933_Белый
    [635] => 10933_Красный
    [636] => 11009_Темно-синий
    [637] => 11009_Красный
    [638] => 11301_Черный
    [639] => 11301_Красный
    [640] => 11358_Черный
    [641] => 11358_Красный
    [642] => 11358_Серебристый
    [643] => 11374_салатовый
    [644] => 11374_Голубой
    [645] => 11489_Темно-синий
    [646] => 11489_Красный
    [647] => 11538_Темно-синий
    [648] => 11538_Серый
    [649] => 11538_Черный
    [650] => 11563_Темно-синий
    [651] => 11563_Белый
    [652] => 11617_Голубой
    [653] => 11617_Бордовый
    [654] => 11628_Голубой
    [655] => 11628_Черный
    [656] => 11628_Темно-синий
    [657] => 11708_Черный
    [658] => 11708_Белый
    [659] => 11742_Белый
    [660] => 11742_Черный
    [661] => 11862_Красный
    [662] => 11862_Черный
    [663] => 11875_Черный
    [664] => 11875_Розовый
    [665] => 11894_Белый
    [666] => 11894_Синий
    [667] => 11995_Голубой
    [668] => 11995_Синий
    [669] => 11995_Белый
    [670] => 11995_Красный
    [671] => 12095_Темно-синий
    [672] => 12095_Серый
    [673] => 12095_Белый
    [674] => 14415_Белый
    [675] => 14415_Зеленый
    [676] => 15088_Темно-синий
    [677] => 15088_Черный
    [678] => 15524_Желтый
    [679] => 15524_Оливковый
    [680] => 15545_Красный
    [681] => 15545_Белый
    [682] => 18024_Голубой
    [683] => 18024_Желтый
    [684] => 18035_Синий
    [685] => 18035_Темно-Зеленый
    [686] => 18111_Темно-Зеленый
    [687] => 18111_Желтый
    [688] => 18131_Розовый
    [689] => 18131_Зеленый
    [690] => 18251_Черный
    [691] => 18251_Желтый
    [692] => 18525_Черный
    [693] => 18525_Темно-синий
    [694] => 19364_Темно-синий
    [695] => 19364_Темно-Зеленый
    [696] => 19364_Серый
    [697] => 20501_Синий
    [698] => 20501_Бордовый
    [699] => 20559_Розовый
    [700] => 20559_Желтый
    [701] => 20593_Красный
    [702] => 20593_Темно-синий
    [703] => 21090_Бордовый
    [704] => 21090_Темно-синий
    [705] => 21120_Коричневый
    [706] => 21120_Оливковый
    [707] => 21120_Красный
    [708] => 21149_Синий
    [709] => 21149_Темно-синий
    [710] => 21175_Черный
    [711] => 21175_Красный
    [712] => 21175_Темно-синий
    [713] => 21175_Серый
    [714] => 21175_Оливковый
    [715] => 21232_Коричневый
    [716] => 21232_Красный
    [717] => 21232_Оливковый
    [718] => 21268_Красный
    [719] => 21268_Темно-синий
    [720] => 21283_Темно-синий
    [721] => 21283_Серый
    [722] => 21305_Оливковый
    [723] => 21305_Ярко-Розовый
    [724] => 21364_Темно-синий
    [725] => 21364_Розовый
    [726] => 21364_Черный
    [727] => 21455_Желтый
    [728] => 21455_Оливковый
    [729] => 21528_Черный
    [730] => 21528_Красный
    [731] => 21528_Темно-синий
    [732] => 21528_Розовый
    [733] => 21549_Синий
    [734] => 21549_Черный
    [735] => 21549_Оливковый
    [736] => 21575_Оливковый
    [737] => 21575_Черный
    [738] => 21575_Темно-синий
    [739] => 21575_Коричневый
    [740] => 21575_Розовый
    [741] => 21575_Синий
    [742] => 21623_Коричневый
    [743] => 21623_Оливковый
    [744] => 21647_Синий
    [745] => 21647_Оливковый
    [746] => 21658_Розовый
    [747] => 21658_Оливковый
    [748] => 21691_Оливковый
    [749] => 21691_Бордовый
    [750] => 21704_Синий
    [751] => 21704_Оливковый
    [752] => 21704_Коричневый
    [753] => 21717_Темно-Зеленый
    [754] => 21717_Синий
    [755] => 21717_Коричневый
    [756] => 21735_Оливковый
    [757] => 21735_Синий
    [758] => 21735_Розовый
    [759] => 21756_Синий
    [760] => 21756_Коричневый
    [761] => 21756_Оливковый
    [762] => 21772_Розовый
    [763] => 21772_Темно-синий
    [764] => 22044_Серый
    [765] => 22044_Красный
    [766] => 22044_Розовый
    [767] => 23075_Серый
    [768] => 23075_Белый
    [769] => 24285_Синий
    [770] => 24285_Красный
    [771] => 24466_Серый
    [772] => 24466_Белый
    [773] => 24466_Фиолетовый
    [774] => 24466_Розовый
    [775] => 24578_Синий
    [776] => 24578_Розовый
    [777] => 31165_Коричневый
    [778] => 31165_Синий
    [779] => 31165_Оливковый
    [780] => 31169_Оливковый
    [781] => 31169_Коричневый
    [782] => 31181_Синий
    [783] => 31181_Розовый
    [784] => 31185_Оливковый
    [785] => 31185_Коричневый
    [786] => 31185_Красный
    [787] => 31191_Красный
    [788] => 31191_Серый
    [789] => 31196_Серый
    [790] => 31196_Красный
    [791] => 31201_Темно-синий
    [792] => 31201_Бордовый
    [793] => 31204_Розовый
    [794] => 31204_Оливковый
    [795] => 31204_Темно-синий
    [796] => 31208_Розовый
    [797] => 31208_Оливковый
    [798] => 31734_Оливковый
    [799] => 31734_Темно-синий
    [800] => 31776_Темно-синий
    [801] => 31776_Черный
    [802] => 31806_Красный
    [803] => 31806_Темно-синий
    [804] => 31806_Черный
    [805] => 31831_Темно-синий
    [806] => 31831_Черный
    [807] => 31847_Черный
    [808] => 31847_Серый
    [809] => 31856_Серый
    [810] => 31856_Темно-синий
    [811] => 31856_Черный
    [812] => 31856_Оливковый
    [813] => 31862_Серый
    [814] => 31862_Белый
    [815] => 31867_Красный
    [816] => 31867_Темно-синий
    [817] => 31867_Розовый
    [818] => 31867_Синий
    [819] => 31874_Серый
    [820] => 31874_Темно-синий
    [821] => 31878_Красный
    [822] => 31878_Темно-синий
    [823] => 31878_Голубой
    [824] => 31878_Черный
    [825] => 31888_Черный
    [826] => 31888_Голубой
    [827] => 31888_Темно-синий
    [828] => 31888_Розовый
    [829] => 31915_Черный
    [830] => 31915_Голубой
    [831] => 31949_Красный
    [832] => 31949_Синий
    [833] => 31978_Темно-синий
    [834] => 31978_Голубой
    [835] => 31978_Белый
    [836] => 31978_Черный
    [837] => 32015_Черный
    [838] => 32015_Оливковый
    [839] => 32015_Темно-синий
    [840] => 32015_Голубой
    [841] => 32053_Черный
    [842] => 32053_Белый
    [843] => 32053_Серый
    [844] => 32072_Темно-синий
    [845] => 32072_Черный
    [846] => 32097_Розовый
    [847] => 32097_Темно-синий
    [848] => 32108_Розовый
    [849] => 32108_Черный
    [850] => 32108_Голубой
    [851] => 32148_Синий
    [852] => 32148_Черный
    [853] => 32148_Красный
    [854] => 32148_Розовый
    [855] => 32167_Синий
    [856] => 32167_Темно-синий
    [857] => 32184_Темно-синий
    [858] => 32184_Черный
    [859] => 32198_Синий
    [860] => 32198_Голубой
    [861] => 32220_Темно-синий
    [862] => 32220_Розовый
    [863] => 32245_Синий
    [864] => 32245_Голубой
    [865] => 32254_Розовый
    [866] => 32254_Черный
    [867] => 32609_Красный
    [868] => 32609_Темно-синий
    [869] => 32616_Красный
    [870] => 32616_Темно-синий
    [871] => 32616_Серый
    [872] => 32623_Темно-синий
    [873] => 32623_Черный
    [874] => 32634_Темно-синий
    [875] => 32634_Красный
    [876] => 32654_Красный
    [877] => 32654_Темно-синий
    [878] => 32654_Черный
    [879] => 32654_Голубой
    [880] => 32673_Красный
    [881] => 32673_Голубой
    [882] => 32710_Голубой
    [883] => 32710_Темно-синий
    [884] => 32725_Красный
    [885] => 32725_Темно-синий
    [886] => 32725_Голубой
    [887] => 32754_Черный
    [888] => 32754_Розовый
    [889] => 32754_Разноцветный
    [890] => 32783_Голубой
    [891] => 32783_Розовый
    [892] => 32797_Розовый
    [893] => 32797_Разноцветный
    [894] => 32797_Темно-синий
    [895] => 32812_Серый
    [896] => 32812_Коричневый
    [897] => 32812_Белый
    [898] => 32825_Коричневый
    [899] => 32834_Темно-синий
    [900] => 32834_Белый
    [901] => 32847_Белый
    [902] => 32847_Темно-синий
    [903] => 32863_Розовый
    [904] => 32863_Голубой
    [905] => 32876_Розовый
    [906] => 32876_Голубой
    [907] => 32876_Разноцветный
    [908] => 32876_Желтый
    [909] => 32897_Розовый
    [910] => 32897_Голубой
    [911] => 32916_Розовый
    [912] => 32916_Желтый
    [913] => 32941_Розовый
    [914] => 32941_Голубой
    [915] => 32958_Розовый
    [916] => 32958_Голубой
    [917] => 32958_Темно-синий
    [918] => 32977_Розовый
    [919] => 32977_Голубой
    [920] => 32977_Темно-синий
    [921] => 32977_Желтый
    [922] => 33009_Синий
    [923] => 33009_Красный
    [924] => 33044_Голубой
    [925] => 33044_Красный
    [926] => 33062_Синий
    [927] => 33062_Красный
    [928] => 33083_Темно-синий
    [929] => 33083_Голубой
    [930] => 33101_Розовый
    [931] => 33101_Голубой
    [932] => 33101_Темно-синий
    [933] => 33101_Желтый
    [934] => 33169_Красный
    [935] => 33169_Темно-синий
    [936] => 33169_Черный
    [937] => 33181_Красный
    [938] => 33181_Темно-синий
    [939] => 33
    [940] => 1710
    [941] => 1721
    [942] => 1769
    [943] => 1853
    [944] => 1857
    [945] => 1865
    [946] => 3796
    [947] => 4896
    [948] => 5550
    [949] => 6804
    [950] => 7441
    [951] => 9265
    [952] => 9351
    [953] => 9356
    [954] => 9378
    [955] => 9628
    [956] => 9700
    [957] => 9703
    [958] => 9726
    [959] => 9727
    [960] => 9749
    [961] => 9760
    [962] => 9777
    [963] => 9794
    [964] => 9820
    [965] => 9899
    [966] => 9943
    [967] => 9984
    [968] => 9994
    [969] => 10023
    [970] => 10153
    [971] => 10171
    [972] => 10244
    [973] => 10322
    [974] => 10339
    [975] => 10347
    [976] => 10348
    [977] => 10359
    [978] => 10390
    [979] => 10408
    [980] => 10557
    [981] => 10592
    [982] => 10599
    [983] => 10842
    [984] => 10857
    [985] => 10870
    [986] => 10908
    [987] => 10967
    [988] => 10983
    [989] => 11436
    [990] => 11449
    [991] => 11515
    [992] => 11596
    [993] => 11660
    [994] => 11679
    [995] => 11899
    [996] => 15070
    [997] => 18200
    [998] => 18215
    [999] => 18262
    [1000] => 18497
    [1001] => 18514
    [1002] => 18536
    [1003] => 21398
    [1004] => 21434
    [1005] => 21518
    [1006] => 21612
    [1007] => 21678
    [1008] => 21781
    [1009] => 21794
    [1010] => 21841
    [1011] => 21987
    [1012] => 23437
    [1013] => 23555
    [1014] => 23564
    [1015] => 23580
    [1016] => 24207
    [1017] => 24242
    [1018] => 24268
    [1019] => 24328
    [1020] => 24460
    [1021] => 24503
    [1022] => 24782
    [1023] => 24828
    [1024] => 24862
    [1025] => 24893
    [1026] => 26319
    [1027] => 26365
    [1028] => 26430
    [1029] => 31431
    [1030] => 38
    [1031] => 67
    [1032] => 101
    [1033] => 117
    [1034] => 135
    [1035] => 429
    [1036] => 1462
    [1037] => 1711
    [1038] => 1774
    [1039] => 4607
    [1040] => 4611
    [1041] => 4622
    [1042] => 4954
    [1043] => 5008
    [1044] => 5504
    [1045] => 5645
    [1046] => 6006
    [1047] => 6747
    [1048] => 6822
    [1049] => 6895
    [1050] => 7434
    [1051] => 7538
    [1052] => 7552
    [1053] => 7559
    [1054] => 7742
    [1055] => 7746
    [1056] => 7785
    [1057] => 7945
    [1058] => 7949
    [1059] => 8104
    [1060] => 9150
    [1061] => 9285
    [1062] => 9382
    [1063] => 9605
    [1064] => 9617
    [1065] => 9624
    [1066] => 9658
    [1067] => 9783
    [1068] => 9921
    [1069] => 9925
    [1070] => 9947
    [1071] => 9972
    [1072] => 10002
    [1073] => 10105
    [1074] => 10520
    [1075] => 10541
    [1076] => 10551
    [1077] => 10569
    [1078] => 10626
    [1079] => 10658
    [1080] => 10763
    [1081] => 10883
    [1082] => 10933
    [1083] => 11009
    [1084] => 11144
    [1085] => 11301
    [1086] => 11358
    [1087] => 11374
    [1088] => 11402
    [1089] => 11489
    [1090] => 11538
    [1091] => 11563
    [1092] => 11617
    [1093] => 11628
    [1094] => 11708
    [1095] => 11742
    [1096] => 11862
    [1097] => 11875
    [1098] => 11894
    [1099] => 11995
    [1100] => 12095
    [1101] => 12105
    [1102] => 12118
    [1103] => 14398
    [1104] => 14415
    [1105] => 14991
    [1106] => 15088
    [1107] => 15148
    [1108] => 15524
    [1109] => 15545
    [1110] => 16906
    [1111] => 17041
    [1112] => 18024
    [1113] => 18035
    [1114] => 18046
    [1115] => 18099
    [1116] => 18111
    [1117] => 18131
    [1118] => 18229
    [1119] => 18251
    [1120] => 18336
    [1121] => 18525
    [1122] => 19364
    [1123] => 20501
    [1124] => 20559
    [1125] => 20593
    [1126] => 21090
    [1127] => 21120
    [1128] => 21149
    [1129] => 21175
    [1130] => 21215
    [1131] => 21232
    [1132] => 21268
    [1133] => 21283
    [1134] => 21305
    [1135] => 21316
    [1136] => 21364
    [1137] => 21455
    [1138] => 21501
    [1139] => 21528
    [1140] => 21549
    [1141] => 21575
    [1142] => 21623
    [1143] => 21647
    [1144] => 21658
    [1145] => 21691
    [1146] => 21704
    [1147] => 21717
    [1148] => 21735
    [1149] => 21756
    [1150] => 21772
    [1151] => 22044
    [1152] => 23075
    [1153] => 23484
    [1154] => 23502
    [1155] => 24044
    [1156] => 24160
    [1157] => 24285
    [1158] => 24439
    [1159] => 24466
    [1160] => 24504
    [1161] => 24566
    [1162] => 24578
    [1163] => 24977
    [1164] => 25222
    [1165] => 25396
    [1166] => 25409
    [1167] => 25598
    [1168] => 25604
    [1169] => 25635
    [1170] => 25641
    [1171] => 25719
    [1172] => 25932
    [1173] => 25941
    [1174] => 25946
    [1175] => 25960
    [1176] => 25967
    [1177] => 25977
    [1178] => 25983
    [1179] => 26145
    [1180] => 26150
    [1181] => 26156
    [1182] => 26161
    [1183] => 26389
    [1184] => 26419
    [1185] => 26539
    [1186] => 26658
    [1187] => 26666
    [1188] => 28185
    [1189] => 28289
    [1190] => 28316
    [1191] => 28320
    [1192] => 28325
    [1193] => 28335
    [1194] => 28345
    [1195] => 28417
    [1196] => 28430
    [1197] => 28441
    [1198] => 28447
    [1199] => 28454
    [1200] => 28460
    [1201] => 28470
    [1202] => 28539
    [1203] => 28550
    [1204] => 28587
    [1205] => 30506
    [1206] => 31165
    [1207] => 31169
    [1208] => 31181
    [1209] => 31185
    [1210] => 31191
    [1211] => 31196
    [1212] => 31201
    [1213] => 31204
    [1214] => 31208
    [1215] => 31393
    [1216] => 31681
    [1217] => 31734
    [1218] => 31743
    [1219] => 31759
    [1220] => 31776
    [1221] => 31806
    [1222] => 31831
    [1223] => 31847
    [1224] => 31856
    [1225] => 31862
    [1226] => 31867
    [1227] => 31874
    [1228] => 31878
    [1229] => 31888
    [1230] => 31894
    [1231] => 31915
    [1232] => 31927
    [1233] => 31949
    [1234] => 31978
    [1235] => 32000
    [1236] => 32015
    [1237] => 32053
    [1238] => 32072
    [1239] => 32087
    [1240] => 32097
    [1241] => 32108
    [1242] => 32126
    [1243] => 32148
    [1244] => 32167
    [1245] => 32184
    [1246] => 32198
    [1247] => 32220
    [1248] => 32245
    [1249] => 32254
    [1250] => 32274
    [1251] => 32458
    [1252] => 32609
    [1253] => 32616
    [1254] => 32623
    [1255] => 32634
    [1256] => 32654
    [1257] => 32673
    [1258] => 32710
    [1259] => 32725
    [1260] => 32754
    [1261] => 32783
    [1262] => 32797
    [1263] => 32812
    [1264] => 32825
    [1265] => 32834
    [1266] => 32847
    [1267] => 32863
    [1268] => 32876
    [1269] => 32897
    [1270] => 32916
    [1271] => 32941
    [1272] => 32958
    [1273] => 32977
    [1274] => 33009
    [1275] => 33044
    [1276] => 33062
    [1277] => 33083
    [1278] => 33101
    [1279] => 33169
    [1280] => 33181
    [1281] => 33659
    [1282] => 33675
    [1283] => 34877
    [1284] => 35014
    [1285] => 35020
    [1286] => 35027
    [1287] => 35371
    [1288] => 35376
    [1289] => 35514
    [1290] => 35519
    [1291] => 35524
    [1292] => 35590
    [1293] => 35594
    [1294] => 35598
    [1295] => 35603
    [1296] => 35629
    [1297] => 35634
    [1298] => 35643
    [1299] => 35654
    [1300] => 35658
    [1301] => 35673
    [1302] => 35686
    [1303] => 35692
    [1304] => 35698
    [1305] => 35716
    [1306] => 35731
    [1307] => 35742
    [1308] => 35747
    [1309] => 35753
    [1310] => 36082
    [1311] => 36089
    [1312] => 36094
    [1313] => 36099
    [1314] => 36104
    [1315] => 36110
    [1316] => 36117
    [1317] => 36124
    [1318] => 36147
    [1319] => 36151
    [1320] => 36153
    [1321] => 36202
    [1322] => 36209
    [1323] => 36215
    [1324] => 36222
    [1325] => 36226
    [1326] => 36250
    [1327] => 36276
    [1328] => 36281
    [1329] => 36287
    [1330] => 36294
    [1331] => 36302
    [1332] => 36313
    [1333] => 36318
    [1334] => 36321
    [1335] => 36326
    [1336] => 36332
    [1337] => 36337
    [1338] => 36338
    [1339] => 36339
    [1340] => 36340
    [1341] => 36341
    [1342] => 36342
    [1343] => 36343
    [1344] => 36344
    [1345] => 36345
    [1346] => 36346
    [1347] => 36347
    [1348] => 36348
    [1349] => 36349
    [1350] => 36350
    [1351] => 36351
    [1352] => 36352
    [1353] => 36353
    [1354] => 4831
    [1355] => 26352
    [1356] => 36371
)
