Array
(
    [0] => 32
    [1] => 39
    [2] => 40
    [3] => 41
    [4] => 43
    [5] => 45
    [6] => 47
    [7] => 48
    [8] => 49
    [9] => 58
    [10] => 60
    [11] => 127
    [12] => 128
    [13] => 129
    [14] => 130
    [15] => 133
    [16] => 134
    [17] => 136
    [18] => 137
    [19] => 140
    [20] => 141
    [21] => 143
    [22] => 155
    [23] => 156
    [24] => 167
    [25] => 272
    [26] => 281
    [27] => 280
    [28] => 278
    [29] => 279
    [30] => 280
    [31] => 281
    [32] => 282
    [33] => 283
    [34] => 284
    [35] => 364
    [36] => 816
    [37] => 923
    [38] => 924
    [39] => 975
    [40] => 1740
    [41] => 1744
    [42] => 1821
    [43] => 1824
    [44] => 1847
    [45] => 1869
    [46] => 3685
    [47] => 4770
    [48] => 4794
    [49] => 4885
    [50] => 4900
    [51] => 5514
    [52] => 5537
    [53] => 5538
    [54] => 5547
    [55] => 5548
    [56] => 5549
    [57] => 5551
    [58] => 5554
    [59] => 5558
    [60] => 5582
    [61] => 5590
    [62] => 5628
    [63] => 6114
    [64] => 6138
    [65] => 6799
    [66] => 7430
    [67] => 7811
    [68] => 7870
    [69] => 7876
    [70] => 7912
    [71] => 33679
    [72] => 33664
    [73] => 8057
    [74] => 8069
    [75] => 8101
    [76] => 8102
    [77] => 8129
    [78] => 8134
    [79] => 8140
    [80] => 9108
    [81] => 9135
    [82] => 9254
    [83] => 9345
    [84] => 9531
    [85] => 9935
    [86] => 9939
    [87] => 10144
    [88] => 10158
    [89] => 10183
    [90] => 10222
    [91] => 10269
    [92] => 10285
    [93] => 10294
    [94] => 10387
    [95] => 10441
    [96] => 10453
    [97] => 10454
    [98] => 10587
    [99] => 10593
    [100] => 10642
    [101] => 10722
    [102] => 10921
    [103] => 10927
    [104] => 10943
    [105] => 10961
    [106] => 11557
    [107] => 11832
    [108] => 11973
    [109] => 15184
    [110] => 15201
    [111] => 15205
    [112] => 15366
    [113] => 17480
    [114] => 18185
    [115] => 18363
    [116] => 18375
    [117] => 18467
    [118] => 18485
    [119] => 18508
    [120] => 18545
    [121] => 18555
    [122] => 18560
    [123] => 18570
    [124] => 18575
    [125] => 18580
    [126] => 19597
    [127] => 20510
    [128] => 20575
    [129] => 17480
    [130] => 20870
    [131] => 20876
    [132] => 21262
    [133] => 21358
    [134] => 21384
    [135] => 21391
    [136] => 21641
    [137] => 21774
    [138] => 21814
    [139] => 21827
    [140] => 21834
    [141] => 21859
    [142] => 21865
    [143] => 21871
    [144] => 21877
    [145] => 22024
    [146] => 22034
    [147] => 22068
    [148] => 22087
    [149] => 22101
    [150] => 36076
    [151] => 23600
    [152] => 24149
    [153] => 24164
    [154] => 24174
    [155] => 24176
    [156] => 24179
    [157] => 24225
    [158] => 24238
    [159] => 24275
    [160] => 24278
    [161] => 24290
    [162] => 24365
    [163] => 24486
    [164] => 24532
    [165] => 24592
    [166] => 24593
    [167] => 24603
    [168] => 24681
    [169] => 24694
    [170] => 24706
    [171] => 24714
    [172] => 24720
    [173] => 24726
    [174] => 24738
    [175] => 24753
    [176] => 24760
    [177] => 24766
    [178] => 24860
    [179] => 24886
    [180] => 24921
    [181] => 24931
    [182] => 25114
    [183] => 25134
    [184] => 25160
    [185] => 25164
    [186] => 25289
    [187] => 25340
    [188] => 25352
    [189] => 25365
    [190] => 25376
    [191] => 25386
    [192] => 25616
    [193] => 25622
    [194] => 25687
    [195] => 25692
    [196] => 25722
    [197] => 25723
    [198] => 25731
    [199] => 35648
    [200] => 26330
    [201] => 26335
    [202] => 26341
    [203] => 35619
    [204] => 35668
    [205] => 35648
    [206] => 26372
    [207] => 26395
    [208] => 26424
    [209] => 26441
    [210] => 26448
    [211] => 26455
    [212] => 26461
    [213] => 26467
    [214] => 26473
    [215] => 35613
    [216] => 35624
    [217] => 35607
    [218] => 28545
    [219] => 28564
    [220] => 28581
    [221] => 28592
    [222] => 20660
    [223] => 35
    [224] => 173
    [225] => 273
    [226] => 274
    [227] => 277
    [228] => 1726
    [229] => 1729
    [230] => 1733
    [231] => 1750
    [232] => 1760
    [233] => 3682
    [234] => 4615
    [235] => 4624
    [236] => 4625
    [237] => 4628
    [238] => 4700
    [239] => 4735
    [240] => 4736
    [241] => 4737
    [242] => 4771
    [243] => 4779
    [244] => 4882
    [245] => 4888
    [246] => 4892
    [247] => 6736
    [248] => 7119
    [249] => 7499
    [250] => 7504
    [251] => 7509
    [252] => 7519
    [253] => 7996
    [254] => 7997
    [255] => 7998
    [256] => 9050
    [257] => 9140
    [258] => 9158
    [259] => 9295
    [260] => 9302
    [261] => 9313
    [262] => 9390
    [263] => 9435
    [264] => 9444
    [265] => 9449
    [266] => 9513
    [267] => 9577
    [268] => 33669
    [269] => 9803
    [270] => 9831
    [271] => 9840
    [272] => 10068
    [273] => 10179
    [274] => 10194
    [275] => 10196
    [276] => 10212
    [277] => 10301
    [278] => 10380
    [279] => 10436
    [280] => 10450
    [281] => 10635
    [282] => 10744
    [283] => 10786
    [284] => 11285
    [285] => 11293
    [286] => 11413
    [287] => 11702
    [288] => 11979
    [289] => 12042
    [290] => 12060
    [291] => 12082
    [292] => 12111
    [293] => 14387
    [294] => 14409
    [295] => 14412
    [296] => 14962
    [297] => 14964
    [298] => 14966
    [299] => 14968
    [300] => 15123
    [301] => 15212
    [302] => 17473
    [303] => 17480
    [304] => 18160
    [305] => 18381
    [306] => 18391
    [307] => 18413
    [308] => 18473
    [309] => 18565
    [310] => 20660
    [311] => 19643
    [312] => 20515
    [313] => 20520
    [314] => 20588
    [315] => 20604
    [316] => 20615
    [317] => 20621
    [318] => 20631
    [319] => 20660
    [320] => 21084
    [321] => 21160
    [322] => 21166
    [323] => 21200
    [324] => 21378
    [325] => 21636
    [326] => 21807
    [327] => 22078
    [328] => 22093
    [329] => 23069
    [330] => 24915
    [331] => 24926
    [332] => 25610
    [333] => 25710
    [334] => 35668
    [335] => 30468
    [336] => 31172
    [337] => 31174
    [338] => 31183
    [339] => 31189
    [340] => 31199
    [341] => 31676
    [342] => 31800
    [343] => 31885
    [344] => 31938
    [345] => 31967
    [346] => 31973
    [347] => 32009
    [348] => 32044
    [349] => 32051
    [350] => 32176
    [351] => 32181
    [352] => 32470
    [353] => 32473
    [354] => 32476
    [355] => 32482
    [356] => 32485
    [357] => 32488
    [358] => 32491
    [359] => 32494
    [360] => 32497
    [361] => 32500
    [362] => 32503
    [363] => 32506
    [364] => 32513
    [365] => 32510
    [366] => 32513
    [367] => 32516
    [368] => 32519
    [369] => 32522
    [370] => 32525
    [371] => 32528
    [372] => 32531
    [373] => 32534
    [374] => 32537
    [375] => 32540
    [376] => 32543
    [377] => 32546
    [378] => 32549
    [379] => 32552
    [380] => 32555
    [381] => 32558
    [382] => 32561
    [383] => 32564
    [384] => 32567
    [385] => 32570
    [386] => 32573
    [387] => 32576
    [388] => 32579
    [389] => 32582
    [390] => 32585
    [391] => 32645
    [392] => 32693
    [393] => 32743
    [394] => 32768
    [395] => 32782
    [396] => 32994
    [397] => 33008
    [398] => 33061
    [399] => 33092
    [400] => 33126
    [401] => 33139
    [402] => 33146
    [403] => 33155
    [404] => 33466
)
