DOMDocument Object
(
    [doctype] => 
    [implementation] => (object value omitted)
    [documentElement] => 
    [actualEncoding] => UTF-8
    [encoding] => UTF-8
    [xmlEncoding] => UTF-8
    [standalone] => 1
    [xmlStandalone] => 1
    [version] => 1.0
    [xmlVersion] => 1.0
    [strictErrorChecking] => 1
    [documentURI] => 
    [config] => 
    [formatOutput] => 
    [validateOnParse] => 1
    [resolveExternals] => 
    [preserveWhiteSpace] => 1
    [recover] => 
    [substituteEntities] => 
    [nodeName] => #document
    [nodeValue] => 
    [nodeType] => 9
    [parentNode] => 
    [childNodes] => (object value omitted)
    [firstChild] => 
    [lastChild] => 
    [previousSibling] => 
    [nextSibling] => 
    [attributes] => 
    [ownerDocument] => 
    [namespaceURI] => 
    [prefix] => 
    [localName] => 
    [baseURI] => 
    [textContent] => 
)
