Array
(
    [8848 altitude] => 8848_altitude
    [686] => 686
    [Nobile] => nobile
    [Cabrinha] => cabrinha
    [Slingshot] => slingshot
    [Mystic] => mystic
    [Meatfly] => meatfly
    [HYRA] => hyra
    [SIVERA] => sivera
    [RIDEENGINE] => rideengine
    [OSPREY] => osprey
    [JANGA] => janga
    [Shaman] => shaman
    [Jobe] => jobe
    [NP] => np
    [NEILPRYDE] => nelipryde
    [Mormaii] => mormaii
    [body glove] => body_glove
    [SOÖRUZ] => so_ruz
    [LIQUID FORCE] => liquid_force
    [BILLABONG] => billabong
    [JET PILOT] => jetpilot
    [Dakine] => dakine
    [GLADIATOR] => gladiator
    [JP-AUSTRALIA] => jp-australia
    [GS SPORT GROUP] => gs_sport_group
    [ARI'I NUI] => ari-i-nui
    [CONNELLY] => connelly
    [O’BRIEN] => o-brien
    [AHD] => ahd
    [point-7] => point7
    [O'NELL] => o-nell
    [PROLIMIT] => prolimit
    [ION] => ion
    [ALMGWAND] => almgwand
    [Light Boardcorp] => Light_Boardcorp
    [AT PLAY] => at_play
    [LOS RAKETOS] => los_raketos
    [Picture Organic] => PICTURE_ORGANIC
    [Electric] => electric
    [MEATFLY] => meatfly
    [VonZipper] => vonzipper
    [O3 OZONE] => o3-ozone
    [ALPINE CROWN] => alpine_crown
    [SP United] => SP United
    [Stormline] => stormline
    [ARI‘I NUI] => ARI‘I NUI
    [Cartel Elcontrabando] => Cartel Elcontrabando
    [Kiteflash] => Kiteflash
    [North Kiteboarding] => NORTH_KITEBOARDING
    [Tshotsh] => TSHOTSH
    [Waxx] => WAXX
    [Quiksilver] => QUIKSILVER
    [OCEAN Sunglasses] => OCEANSunglasses
    [RipCurl] => RIPCURL
    [Pro-Limit] => PRO_LIMIT
    [Rip Curl] => RIP_CURL
    [69Slam] => N69SLAM
    [AQUA MARINA] => aqua_marina
    [CWB] => cwb
    [WOW] => wow
    [ANIMAL] => animal
    [OBRIEN] => obrien
    [ONEILL] => oneill
    [GLIDE SOUL] => glide_soul
    [PROLINE] => proline
    [STRAIGHT LINE] => straight_line
    [DRYCASE] => drycase
    [ZEMGEAR] => zemgear
    [SWANY] => swany
    [540 SNOWBOARDS] => 540_snowboards
    [POW] => pow
    [GUMBIES] => gumbies
    [AFTER] => after
    [SEAWAG] => seawag
    [SPINERA] => spinera
    [BERN] => bern
    [MONSTER TOWER] => monster_tower
    [INSTA-SLALOM] => insta_slalom
    [MISSION] => mission
    [SIMS SNOWBOARDS] => sims_snowboards
    [TECHNINE] => technine
    [RAGE] => rage
    [NAUTIX] => nautix
    [ZZZ] => zzz
    [POINT-7] => point_7
)
