Array
(
    [0] => 8848_altitude
    [1] => 686
    [2] => nobile
    [3] => cabrinha
    [4] => slingshot
    [5] => mystic
    [6] => meatfly
    [7] => hyra
    [8] => sivera
    [9] => rideengine
    [10] => osprey
    [11] => janga
    [12] => shaman
    [13] => jobe
    [14] => np
    [15] => nelipryde
    [16] => mormaii
    [17] => body_glove
    [18] => sooruz
    [19] => liquid_force
    [20] => billabong
    [21] => jetpilot
    [22] => dakine
    [23] => gladiator
    [24] => jp-australia
    [25] => gs-sport-group
    [26] => ari-i-nui
    [27] => connelly
    [28] => o-brien
    [29] => ahd
    [30] => point7
    [31] => o-nell
    [32] => prolimit
    [33] => ion
    [34] => almgwand
    [35] => light_boardcorp
    [36] => at_play
    [37] => los_raketos
    [38] => PICTURE_ORGANIC
    [39] => electric
    [40] => meatfly
    [41] => vonzipper
    [42] => o3-ozone
    [43] => Light_Boardcorp
    [44] => alpinecrown
    [45] => SP United
    [46] => stormline
    [47] => ARI‘I NUI
    [48] => Cartel Elcontrabando
    [49] => Kiteflash
    [50] => NORTH_KITEBOARDING
    [51] => TSHOTSH
    [52] => WAXX
    [53] => QUIKSILVER
    [54] => OCEANSunglasses
    [55] => RIPCURL
    [56] => PRO_LIMIT
    [57] => RIP_CURL
    [58] => N69SLAM
    [59] => aqua_marina
    [60] => cwb
    [61] => wow
    [62] => animal
    [63] => obrien
    [64] => oneill
    [65] => glide_soul
    [66] => proline
    [67] => straight_line
    [68] => drycase
    [69] => zemgear
    [70] => swany
    [71] => 540_snowboards
    [72] => pow
    [73] => gumbies
    [74] => after
    [75] => seawag
    [76] => spinera
    [77] => bern
    [78] => monster_tower
    [79] => insta_slalom
    [80] => mission
    [81] => sims_snowboards
    [82] => technine
    [83] => rage
    [84] => nautix
    [85] => zzz
    [86] => point_7
    [87] => alpine_crown
    [88] => so_ruz
    [89] => gs_sport_group
)
