Array
(
    [5631] => Array
        (
            [0] => Array
                (
                    [PARENT_ITEM_ID] => 5631
                    [OFFER_ID] => cbffcb408b6ecc0a0786
                    [ATTRIBUTES] => Array
                        (
                            [Артикул] => 1000
                            [Бренд] => ZEMgear
                            [Коллекция] => 2014
                            [Подошва] => резина
                            [Пол] => Унисекс
                            [Состав] => полиэстер
                            [Товар] => Обувь
                            [Шнуровка] => нет
                            [Размер] => 5
                        )

                    [PRICE] => 2586.021
                    [CATEGORY_ID] => 325
                    [SEASON_PRICE] => 3879.03
                    [PICTURES] => Array
                        (
                            [0] => http://b2b.skiboard.ru/images/detailed/18/3b7a9657-617e-11e3-aa5d-001e67059a2f_0e981aab-c624-11e3-aaf4-001e67059a2f.jpeg
                            [1] => http://b2b.skiboard.ru/images/detailed/18/3b7a9657-617e-11e3-aa5d-001e67059a2f_0e981aad-c624-11e3-aaf4-001e67059a2f.jpeg
                        )

                    [NAME] => Обувь ZEM O2 OXYGEN Black/Black
                    [DESCRIPTION] => Прочные и стойкие к истиранию O2 OXYGEN, не оставляют следов, а их переработанная в «природное прикосновение» резиновая подошва отлично подходит&nbsp;для энергичного бега, песка, воды и тренировок в тренажерном зале. В этой обуви настолько естественно, что Ваши ноги ощущают полную свободу, будто они босые. Гибкая облегающая форма тянется в 4-х направлениях под ногу любой ширины. Шесть уникальных технологичных полос обеспечивают надежное положение ноги и поперечную устойчивость.&nbsp;
Вес: 57 грамм 
Особенности: 

Не оставляет следов 
линейная технология для стабильного фиксирования стопы 
Высокая приспосабливаемость и универсальность 
Противоскользящие
Размеры: UNISEX 
Мужские 5-13 Женские: 6-10 
                )

            [1] => Array
                (
                    [PARENT_ITEM_ID] => 5631
                    [OFFER_ID] => 5fafc9299c56773cdbcf
                    [ATTRIBUTES] => Array
                        (
                            [Артикул] => 1000
                            [Бренд] => ZEMgear
                            [Коллекция] => 2014
                            [Подошва] => резина
                            [Пол] => Унисекс
                            [Состав] => полиэстер
                            [Товар] => Обувь
                            [Шнуровка] => нет
                            [Размер] => 6
                        )

                    [PRICE] => 2586.021
                    [CATEGORY_ID] => 325
                    [SEASON_PRICE] => 3879.03
                    [PICTURES] => Array
                        (
                            [0] => http://b2b.skiboard.ru/images/detailed/18/3b7a9657-617e-11e3-aa5d-001e67059a2f_0e981aab-c624-11e3-aaf4-001e67059a2f.jpeg
                            [1] => http://b2b.skiboard.ru/images/detailed/18/3b7a9657-617e-11e3-aa5d-001e67059a2f_0e981aad-c624-11e3-aaf4-001e67059a2f.jpeg
                        )

                    [NAME] => Обувь ZEM O2 OXYGEN Black/Black
                    [DESCRIPTION] => Прочные и стойкие к истиранию O2 OXYGEN, не оставляют следов, а их переработанная в «природное прикосновение» резиновая подошва отлично подходит&nbsp;для энергичного бега, песка, воды и тренировок в тренажерном зале. В этой обуви настолько естественно, что Ваши ноги ощущают полную свободу, будто они босые. Гибкая облегающая форма тянется в 4-х направлениях под ногу любой ширины. Шесть уникальных технологичных полос обеспечивают надежное положение ноги и поперечную устойчивость.&nbsp;
Вес: 57 грамм 
Особенности: 

Не оставляет следов 
линейная технология для стабильного фиксирования стопы 
Высокая приспосабливаемость и универсальность 
Противоскользящие
Размеры: UNISEX 
Мужские 5-13 Женские: 6-10 
                )

            [2] => Array
                (
                    [PARENT_ITEM_ID] => 5631
                    [OFFER_ID] => 4d5021bf85b318db17e4
                    [ATTRIBUTES] => Array
                        (
                            [Артикул] => 1000
                            [Бренд] => ZEMgear
                            [Коллекция] => 2014
                            [Подошва] => резина
                            [Пол] => Унисекс
                            [Состав] => полиэстер
                            [Товар] => Обувь
                            [Шнуровка] => нет
                            [Размер] => 7
                        )

                    [PRICE] => 2586.021
                    [CATEGORY_ID] => 325
                    [SEASON_PRICE] => 3879.03
                    [PICTURES] => Array
                        (
                            [0] => http://b2b.skiboard.ru/images/detailed/18/3b7a9657-617e-11e3-aa5d-001e67059a2f_0e981aab-c624-11e3-aaf4-001e67059a2f.jpeg
                            [1] => http://b2b.skiboard.ru/images/detailed/18/3b7a9657-617e-11e3-aa5d-001e67059a2f_0e981aad-c624-11e3-aaf4-001e67059a2f.jpeg
                        )

                    [NAME] => Обувь ZEM O2 OXYGEN Black/Black
                    [DESCRIPTION] => Прочные и стойкие к истиранию O2 OXYGEN, не оставляют следов, а их переработанная в «природное прикосновение» резиновая подошва отлично подходит&nbsp;для энергичного бега, песка, воды и тренировок в тренажерном зале. В этой обуви настолько естественно, что Ваши ноги ощущают полную свободу, будто они босые. Гибкая облегающая форма тянется в 4-х направлениях под ногу любой ширины. Шесть уникальных технологичных полос обеспечивают надежное положение ноги и поперечную устойчивость.&nbsp;
Вес: 57 грамм 
Особенности: 

Не оставляет следов 
линейная технология для стабильного фиксирования стопы 
Высокая приспосабливаемость и универсальность 
Противоскользящие
Размеры: UNISEX 
Мужские 5-13 Женские: 6-10 
                )

            [3] => Array
                (
                    [PARENT_ITEM_ID] => 5631
                    [OFFER_ID] => eda001b7539a281869de
                    [ATTRIBUTES] => Array
                        (
                            [Артикул] => 1000
                            [Бренд] => ZEMgear
                            [Коллекция] => 2014
                            [Подошва] => резина
                            [Пол] => Унисекс
                            [Состав] => полиэстер
                            [Товар] => Обувь
                            [Шнуровка] => нет
                            [Размер] => 8
                        )

                    [PRICE] => 2586.021
                    [CATEGORY_ID] => 325
                    [SEASON_PRICE] => 3879.03
                    [PICTURES] => Array
                        (
                            [0] => http://b2b.skiboard.ru/images/detailed/18/3b7a9657-617e-11e3-aa5d-001e67059a2f_0e981aab-c624-11e3-aaf4-001e67059a2f.jpeg
                            [1] => http://b2b.skiboard.ru/images/detailed/18/3b7a9657-617e-11e3-aa5d-001e67059a2f_0e981aad-c624-11e3-aaf4-001e67059a2f.jpeg
                        )

                    [NAME] => Обувь ZEM O2 OXYGEN Black/Black
                    [DESCRIPTION] => Прочные и стойкие к истиранию O2 OXYGEN, не оставляют следов, а их переработанная в «природное прикосновение» резиновая подошва отлично подходит&nbsp;для энергичного бега, песка, воды и тренировок в тренажерном зале. В этой обуви настолько естественно, что Ваши ноги ощущают полную свободу, будто они босые. Гибкая облегающая форма тянется в 4-х направлениях под ногу любой ширины. Шесть уникальных технологичных полос обеспечивают надежное положение ноги и поперечную устойчивость.&nbsp;
Вес: 57 грамм 
Особенности: 

Не оставляет следов 
линейная технология для стабильного фиксирования стопы 
Высокая приспосабливаемость и универсальность 
Противоскользящие
Размеры: UNISEX 
Мужские 5-13 Женские: 6-10 
                )

            [4] => Array
                (
                    [PARENT_ITEM_ID] => 5631
                    [OFFER_ID] => 729bf52d898b1901d8e0
                    [ATTRIBUTES] => Array
                        (
                            [Артикул] => 1000
                            [Бренд] => ZEMgear
                            [Коллекция] => 2014
                            [Подошва] => резина
                            [Пол] => Унисекс
                            [Состав] => полиэстер
                            [Товар] => Обувь
                            [Шнуровка] => нет
                            [Размер] => 9
                        )

                    [PRICE] => 2586.021
                    [CATEGORY_ID] => 325
                    [SEASON_PRICE] => 3879.03
                    [PICTURES] => Array
                        (
                            [0] => http://b2b.skiboard.ru/images/detailed/18/3b7a9657-617e-11e3-aa5d-001e67059a2f_0e981aab-c624-11e3-aaf4-001e67059a2f.jpeg
                            [1] => http://b2b.skiboard.ru/images/detailed/18/3b7a9657-617e-11e3-aa5d-001e67059a2f_0e981aad-c624-11e3-aaf4-001e67059a2f.jpeg
                        )

                    [NAME] => Обувь ZEM O2 OXYGEN Black/Black
                    [DESCRIPTION] => Прочные и стойкие к истиранию O2 OXYGEN, не оставляют следов, а их переработанная в «природное прикосновение» резиновая подошва отлично подходит&nbsp;для энергичного бега, песка, воды и тренировок в тренажерном зале. В этой обуви настолько естественно, что Ваши ноги ощущают полную свободу, будто они босые. Гибкая облегающая форма тянется в 4-х направлениях под ногу любой ширины. Шесть уникальных технологичных полос обеспечивают надежное положение ноги и поперечную устойчивость.&nbsp;
Вес: 57 грамм 
Особенности: 

Не оставляет следов 
линейная технология для стабильного фиксирования стопы 
Высокая приспосабливаемость и универсальность 
Противоскользящие
Размеры: UNISEX 
Мужские 5-13 Женские: 6-10 
                )

            [5] => Array
                (
                    [PARENT_ITEM_ID] => 5631
                    [OFFER_ID] => b6c609ec6afe18ae2a03
                    [ATTRIBUTES] => Array
                        (
                            [Артикул] => 1000
                            [Бренд] => ZEMgear
                            [Коллекция] => 2014
                            [Подошва] => резина
                            [Пол] => Унисекс
                            [Состав] => полиэстер
                            [Товар] => Обувь
                            [Шнуровка] => нет
                            [Размер] => 10
                        )

                    [PRICE] => 2586.021
                    [CATEGORY_ID] => 325
                    [SEASON_PRICE] => 3879.03
                    [PICTURES] => Array
                        (
                            [0] => http://b2b.skiboard.ru/images/detailed/18/3b7a9657-617e-11e3-aa5d-001e67059a2f_0e981aab-c624-11e3-aaf4-001e67059a2f.jpeg
                            [1] => http://b2b.skiboard.ru/images/detailed/18/3b7a9657-617e-11e3-aa5d-001e67059a2f_0e981aad-c624-11e3-aaf4-001e67059a2f.jpeg
                        )

                    [NAME] => Обувь ZEM O2 OXYGEN Black/Black
                    [DESCRIPTION] => Прочные и стойкие к истиранию O2 OXYGEN, не оставляют следов, а их переработанная в «природное прикосновение» резиновая подошва отлично подходит&nbsp;для энергичного бега, песка, воды и тренировок в тренажерном зале. В этой обуви настолько естественно, что Ваши ноги ощущают полную свободу, будто они босые. Гибкая облегающая форма тянется в 4-х направлениях под ногу любой ширины. Шесть уникальных технологичных полос обеспечивают надежное положение ноги и поперечную устойчивость.&nbsp;
Вес: 57 грамм 
Особенности: 

Не оставляет следов 
линейная технология для стабильного фиксирования стопы 
Высокая приспосабливаемость и универсальность 
Противоскользящие
Размеры: UNISEX 
Мужские 5-13 Женские: 6-10 
                )

            [6] => Array
                (
                    [PARENT_ITEM_ID] => 5631
                    [OFFER_ID] => f58bd96baf4d017cb3d6
                    [ATTRIBUTES] => Array
                        (
                            [Артикул] => 1000
                            [Бренд] => ZEMgear
                            [Коллекция] => 2014
                            [Подошва] => резина
                            [Пол] => Унисекс
                            [Состав] => полиэстер
                            [Товар] => Обувь
                            [Шнуровка] => нет
                            [Размер] => 11
                        )

                    [PRICE] => 2586.021
                    [CATEGORY_ID] => 325
                    [SEASON_PRICE] => 3879.03
                    [PICTURES] => Array
                        (
                            [0] => http://b2b.skiboard.ru/images/detailed/18/3b7a9657-617e-11e3-aa5d-001e67059a2f_0e981aab-c624-11e3-aaf4-001e67059a2f.jpeg
                            [1] => http://b2b.skiboard.ru/images/detailed/18/3b7a9657-617e-11e3-aa5d-001e67059a2f_0e981aad-c624-11e3-aaf4-001e67059a2f.jpeg
                        )

                    [NAME] => Обувь ZEM O2 OXYGEN Black/Black
                    [DESCRIPTION] => Прочные и стойкие к истиранию O2 OXYGEN, не оставляют следов, а их переработанная в «природное прикосновение» резиновая подошва отлично подходит&nbsp;для энергичного бега, песка, воды и тренировок в тренажерном зале. В этой обуви настолько естественно, что Ваши ноги ощущают полную свободу, будто они босые. Гибкая облегающая форма тянется в 4-х направлениях под ногу любой ширины. Шесть уникальных технологичных полос обеспечивают надежное положение ноги и поперечную устойчивость.&nbsp;
Вес: 57 грамм 
Особенности: 

Не оставляет следов 
линейная технология для стабильного фиксирования стопы 
Высокая приспосабливаемость и универсальность 
Противоскользящие
Размеры: UNISEX 
Мужские 5-13 Женские: 6-10 
                )

            [7] => Array
                (
                    [PARENT_ITEM_ID] => 5631
                    [OFFER_ID] => 98a6d1cc5c74b701cd19
                    [ATTRIBUTES] => Array
                        (
                            [Артикул] => 1000
                            [Бренд] => ZEMgear
                            [Коллекция] => 2014
                            [Подошва] => резина
                            [Пол] => Унисекс
                            [Состав] => полиэстер
                            [Товар] => Обувь
                            [Шнуровка] => нет
                            [Размер] => 12
                        )

                    [PRICE] => 2586.021
                    [CATEGORY_ID] => 325
                    [SEASON_PRICE] => 3879.03
                    [PICTURES] => Array
                        (
                            [0] => http://b2b.skiboard.ru/images/detailed/18/3b7a9657-617e-11e3-aa5d-001e67059a2f_0e981aab-c624-11e3-aaf4-001e67059a2f.jpeg
                            [1] => http://b2b.skiboard.ru/images/detailed/18/3b7a9657-617e-11e3-aa5d-001e67059a2f_0e981aad-c624-11e3-aaf4-001e67059a2f.jpeg
                        )

                    [NAME] => Обувь ZEM O2 OXYGEN Black/Black
                    [DESCRIPTION] => Прочные и стойкие к истиранию O2 OXYGEN, не оставляют следов, а их переработанная в «природное прикосновение» резиновая подошва отлично подходит&nbsp;для энергичного бега, песка, воды и тренировок в тренажерном зале. В этой обуви настолько естественно, что Ваши ноги ощущают полную свободу, будто они босые. Гибкая облегающая форма тянется в 4-х направлениях под ногу любой ширины. Шесть уникальных технологичных полос обеспечивают надежное положение ноги и поперечную устойчивость.&nbsp;
Вес: 57 грамм 
Особенности: 

Не оставляет следов 
линейная технология для стабильного фиксирования стопы 
Высокая приспосабливаемость и универсальность 
Противоскользящие
Размеры: UNISEX 
Мужские 5-13 Женские: 6-10 
                )

            [8] => Array
                (
                    [PARENT_ITEM_ID] => 5631
                    [OFFER_ID] => 50bc62d6e2def1b613c2
                    [ATTRIBUTES] => Array
                        (
                            [Артикул] => 1000
                            [Бренд] => ZEMgear
                            [Коллекция] => 2014
                            [Подошва] => резина
                            [Пол] => Унисекс
                            [Состав] => полиэстер
                            [Товар] => Обувь
                            [Шнуровка] => нет
                            [Размер] => 13
                        )

                    [PRICE] => 2586.021
                    [CATEGORY_ID] => 325
                    [SEASON_PRICE] => 3879.03
                    [PICTURES] => Array
                        (
                            [0] => http://b2b.skiboard.ru/images/detailed/18/3b7a9657-617e-11e3-aa5d-001e67059a2f_0e981aab-c624-11e3-aaf4-001e67059a2f.jpeg
                            [1] => http://b2b.skiboard.ru/images/detailed/18/3b7a9657-617e-11e3-aa5d-001e67059a2f_0e981aad-c624-11e3-aaf4-001e67059a2f.jpeg
                        )

                    [NAME] => Обувь ZEM O2 OXYGEN Black/Black
                    [DESCRIPTION] => Прочные и стойкие к истиранию O2 OXYGEN, не оставляют следов, а их переработанная в «природное прикосновение» резиновая подошва отлично подходит&nbsp;для энергичного бега, песка, воды и тренировок в тренажерном зале. В этой обуви настолько естественно, что Ваши ноги ощущают полную свободу, будто они босые. Гибкая облегающая форма тянется в 4-х направлениях под ногу любой ширины. Шесть уникальных технологичных полос обеспечивают надежное положение ноги и поперечную устойчивость.&nbsp;
Вес: 57 грамм 
Особенности: 

Не оставляет следов 
линейная технология для стабильного фиксирования стопы 
Высокая приспосабливаемость и универсальность 
Противоскользящие
Размеры: UNISEX 
Мужские 5-13 Женские: 6-10 
                )

        )

    [5656] => Array
        (
            [0] => Array
                (
                    [PARENT_ITEM_ID] => 5656
                    [OFFER_ID] => 8f1136e24c6962421f1e
                    [ATTRIBUTES] => Array
                        (
                            [Артикул] => 8800
                            [Бренд] => ZEMgear
                            [Коллекция] => 2014
                            [Подошва] => резина
                            [Пол] => Унисекс
                            [Состав] => полиэстер
                            [Товар] => Обувь
                            [Шнуровка] => нет
                            [Размер] => 10
                        )

                    [PRICE] => 3911.16
                    [CATEGORY_ID] => 325
                    [SEASON_PRICE] => 5866.74
                    [NAME] => Обувь ZEM U Cross Black/Blue
                )

        )

    [5700] => Array
        (
            [0] => Array
                (
                    [PARENT_ITEM_ID] => 5700
                    [OFFER_ID] => de03797db1e12674eaee
                    [ATTRIBUTES] => Array
                        (
                            [Артикул] => 213903*S17
                            [Бренд] => Straight Line
                            [Коллекция] => 2017
                            [Товар] => Перчатки
                            [Размер] => 2XL
                        )

                    [PRICE] => 2121.307
                    [CATEGORY_ID] => 300
                    [SEASON_PRICE] => 3181.96
                    [PICTURES] => Array
                        (
                            [0] => http://b2b.skiboard.ru/images/detailed/27/c4da5f6a-dd53-11e6-a4a1-000c29181d73_af3489be-3969-11e7-bfd6-000c29181d73.jpeg
                        )

                    [NAME] => Перчатки Straight Line Performance Glove BLK/RED
                    [DESCRIPTION] => Универсальные перчатки для водных видов спорта. Однослойная конструкция Amara. Усиленная ладонь. Неопреновая задняя панель. Усиленная двойная прострочка пальцев и областей повышенной нагрузки. Велкро липучка на запястье.
                )

            [1] => Array
                (
                    [PARENT_ITEM_ID] => 5700
                    [OFFER_ID] => 4bab9ee670ab0b4c31d5
                    [ATTRIBUTES] => Array
                        (
                            [Артикул] => 213903*S17
                            [Бренд] => Straight Line
                            [Коллекция] => 2017
                            [Товар] => Перчатки
                            [Размер] => XL
                        )

                    [PRICE] => 2121.307
                    [CATEGORY_ID] => 300
                    [SEASON_PRICE] => 3181.96
                    [PICTURES] => Array
                        (
                            [0] => http://b2b.skiboard.ru/images/detailed/27/c4da5f6a-dd53-11e6-a4a1-000c29181d73_af3489be-3969-11e7-bfd6-000c29181d73.jpeg
                        )

                    [NAME] => Перчатки Straight Line Performance Glove BLK/RED
                    [DESCRIPTION] => Универсальные перчатки для водных видов спорта. Однослойная конструкция Amara. Усиленная ладонь. Неопреновая задняя панель. Усиленная двойная прострочка пальцев и областей повышенной нагрузки. Велкро липучка на запястье.
                )

            [2] => Array
                (
                    [PARENT_ITEM_ID] => 5700
                    [OFFER_ID] => 1def41bc0e6612626c32
                    [ATTRIBUTES] => Array
                        (
                            [Артикул] => 213903*S17
                            [Бренд] => Straight Line
                            [Коллекция] => 2017
                            [Товар] => Перчатки
                            [Размер] => L
                        )

                    [PRICE] => 2121.307
                    [CATEGORY_ID] => 300
                    [SEASON_PRICE] => 3181.96
                    [PICTURES] => Array
                        (
                            [0] => http://b2b.skiboard.ru/images/detailed/27/c4da5f6a-dd53-11e6-a4a1-000c29181d73_af3489be-3969-11e7-bfd6-000c29181d73.jpeg
                        )

                    [NAME] => Перчатки Straight Line Performance Glove BLK/RED
                    [DESCRIPTION] => Универсальные перчатки для водных видов спорта. Однослойная конструкция Amara. Усиленная ладонь. Неопреновая задняя панель. Усиленная двойная прострочка пальцев и областей повышенной нагрузки. Велкро липучка на запястье.
                )

            [3] => Array
                (
                    [PARENT_ITEM_ID] => 5700
                    [OFFER_ID] => 527d1b1b191babec91b8
                    [ATTRIBUTES] => Array
                        (
                            [Артикул] => 213903*S17
                            [Бренд] => Straight Line
                            [Коллекция] => 2017
                            [Товар] => Перчатки
                            [Размер] => M
                        )

                    [PRICE] => 2121.307
                    [CATEGORY_ID] => 300
                    [SEASON_PRICE] => 3181.96
                    [PICTURES] => Array
                        (
                            [0] => http://b2b.skiboard.ru/images/detailed/27/c4da5f6a-dd53-11e6-a4a1-000c29181d73_af3489be-3969-11e7-bfd6-000c29181d73.jpeg
                        )

                    [NAME] => Перчатки Straight Line Performance Glove BLK/RED
                    [DESCRIPTION] => Универсальные перчатки для водных видов спорта. Однослойная конструкция Amara. Усиленная ладонь. Неопреновая задняя панель. Усиленная двойная прострочка пальцев и областей повышенной нагрузки. Велкро липучка на запястье.
                )

            [4] => Array
                (
                    [PARENT_ITEM_ID] => 5700
                    [OFFER_ID] => e64335c693620b2d386d
                    [ATTRIBUTES] => Array
                        (
                            [Артикул] => 213903*S17
                            [Бренд] => Straight Line
                            [Коллекция] => 2017
                            [Товар] => Перчатки
                            [Размер] => S
                        )

                    [PRICE] => 2121.307
                    [CATEGORY_ID] => 300
                    [SEASON_PRICE] => 3181.96
                    [PICTURES] => Array
                        (
                            [0] => http://b2b.skiboard.ru/images/detailed/27/c4da5f6a-dd53-11e6-a4a1-000c29181d73_af3489be-3969-11e7-bfd6-000c29181d73.jpeg
                        )

                    [NAME] => Перчатки Straight Line Performance Glove BLK/RED
                    [DESCRIPTION] => Универсальные перчатки для водных видов спорта. Однослойная конструкция Amara. Усиленная ладонь. Неопреновая задняя панель. Усиленная двойная прострочка пальцев и областей повышенной нагрузки. Велкро липучка на запястье.
                )

            [5] => Array
                (
                    [PARENT_ITEM_ID] => 5700
                    [OFFER_ID] => 69adf9f91b0490a70ebb
                    [ATTRIBUTES] => Array
                        (
                            [Артикул] => 213903*S17
                            [Бренд] => Straight Line
                            [Коллекция] => 2017
                            [Товар] => Перчатки
                            [Размер] => XS
                        )

                    [PRICE] => 2121.307
                    [CATEGORY_ID] => 300
                    [SEASON_PRICE] => 3181.96
                    [PICTURES] => Array
                        (
                            [0] => http://b2b.skiboard.ru/images/detailed/27/c4da5f6a-dd53-11e6-a4a1-000c29181d73_af3489be-3969-11e7-bfd6-000c29181d73.jpeg
                        )

                    [NAME] => Перчатки Straight Line Performance Glove BLK/RED
                    [DESCRIPTION] => Универсальные перчатки для водных видов спорта. Однослойная конструкция Amara. Усиленная ладонь. Неопреновая задняя панель. Усиленная двойная прострочка пальцев и областей повышенной нагрузки. Велкро липучка на запястье.
                )

        )

    [7921] => Array
        (
            [0] => Array
                (
                    [PARENT_ITEM_ID] => 7921
                    [OFFER_ID] => aae52d84f81b8523fe58
                    [ATTRIBUTES] => Array
                        (
                            [Артикул] => ONS-SENNEN-104P*S18
                            [Бренд] => Oneill
                            [Коллекция] => 2018
                            [Линза] => полимер
                            [Пол] => Унисекс
                            [Стиль] => для города
                            [Товар] => Очки
                            [Размер] => OS
                        )

                    [PRICE] => 2337.786
                    [CATEGORY_ID] => 352
                    [SEASON_PRICE] => 3506.68
                    [PICTURES] => Array
                        (
                            [0] => http://b2b.skiboard.ru/images/detailed/28/add95fbc-1218-11e8-be2a-000c29181d73_3db4e9ce-6981-11e8-9c46-000c29181d73.jpeg
                            [1] => http://b2b.skiboard.ru/images/detailed/28/add95fbc-1218-11e8-be2a-000c29181d73_4a2a2ec1-6981-11e8-9c46-000c29181d73.jpeg
                            [2] => http://b2b.skiboard.ru/images/detailed/28/add95fbc-1218-11e8-be2a-000c29181d73_57260acc-6981-11e8-9c46-000c29181d73.jpeg
                            [3] => http://b2b.skiboard.ru/images/detailed/28/add95fbc-1218-11e8-be2a-000c29181d73_569153f1-72f0-11e8-9c46-000c29181d73.jpeg
                        )

                    [NAME] => Очки солнцезащитные O'Neill SENNEN MATTE BLACK/OLIVE GREEN (104P) S18
                    [DESCRIPTION] => Очки для города с новой технологией поляризации ТАС:
- еще лучший обзор
-100% защита от UVA и&nbsp;UVB лучей
- высокопрочное покрытие с защитой от царапин и повреждений
- очень легкие
- сделаны из биоразлагаемого материала
Оправа: поликарбонат
Чехол в комплекте
                )

        )

    [7931] => Array
        (
            [0] => Array
                (
                    [PARENT_ITEM_ID] => 7931
                    [OFFER_ID] => 6e29f70bd4bfaa11ab2d
                    [ATTRIBUTES] => Array
                        (
                            [Артикул] => ONS-OFFSHORE-102P*S18
                            [Бренд] => Oneill
                            [Коллекция] => 2018
                            [Линза] => полимер
                            [Пол] => Унисекс
                            [Стиль] => для города
                            [Товар] => Очки
                            [Размер] => OS
                        )

                    [PRICE] => 1659.074
                    [CATEGORY_ID] => 352
                    [SEASON_PRICE] => 2488.61
                    [PICTURES] => Array
                        (
                            [0] => http://b2b.skiboard.ru/images/detailed/28/1e60222b-121e-11e8-be2a-000c29181d73_ed0a085b-6973-11e8-9c46-000c29181d73.jpeg
                            [1] => http://b2b.skiboard.ru/images/detailed/28/1e60222b-121e-11e8-be2a-000c29181d73_fbda8433-6973-11e8-9c46-000c29181d73.jpeg
                            [2] => http://b2b.skiboard.ru/images/detailed/28/1e60222b-121e-11e8-be2a-000c29181d73_12d5e108-6974-11e8-9c46-000c29181d73.jpeg
                            [3] => http://b2b.skiboard.ru/images/detailed/28/1e60222b-121e-11e8-be2a-000c29181d73_e8945a38-72ef-11e8-9c46-000c29181d73.jpeg
                        )

                    [NAME] => Очки солнцезащитные O'Neill OFFSHORE GLOSS TORT (102P) S18
                    [DESCRIPTION] => Очки для города с новой технологией поляризации ТАС:
- еще лучший обзор
-100% защита от UVA и&nbsp;UVB лучей
- высокопрочное покрытие с защитой от царапин и повреждений
- очень легкие
- сделаны из биоразлагаемого материала
Оправа: поликарбонат
Чехол в комплекте
                )

        )

)
