Array
(
    [27210] => Array
        (
            [ID] => 27210
            [IBLOCK_ID] => 13
            [ACTIVE] => N
            [NAME] => Обувь ZEM O2 OXYGEN Black/Black 5 1000
            [PARENT_ID] => 27209
            [PROPERTIES] => Array
                (
                    [SKIBOARD_EXTERNAL_OFFER_ID] => Array
                        (
                            [ID] => 216
                            [IBLOCK_ID] => 13
                            [NAME] => ID ТП из прайса skiboard
                            [ACTIVE] => Y
                            [SORT] => 500
                            [CODE] => SKIBOARD_EXTERNAL_OFFER_ID
                            [DEFAULT_VALUE] => 
                            [PROPERTY_TYPE] => S
                            [ROW_COUNT] => 1
                            [COL_COUNT] => 30
                            [LIST_TYPE] => L
                            [MULTIPLE] => N
                            [XML_ID] => 
                            [FILE_TYPE] => 
                            [MULTIPLE_CNT] => 5
                            [LINK_IBLOCK_ID] => 0
                            [WITH_DESCRIPTION] => N
                            [SEARCHABLE] => N
                            [FILTRABLE] => N
                            [IS_REQUIRED] => N
                            [VERSION] => 2
                            [USER_TYPE] => 
                            [USER_TYPE_SETTINGS] => 
                            [HINT] => 
                            [~NAME] => ID ТП из прайса skiboard
                            [~DEFAULT_VALUE] => 
                            [VALUE_ENUM] => 
                            [VALUE_XML_ID] => 
                            [VALUE_SORT] => 
                            [VALUE] => cbffcb408b6ecc0a0786
                            [PROPERTY_VALUE_ID] => 27210:216
                            [DESCRIPTION] => 
                            [~VALUE] => cbffcb408b6ecc0a0786
                            [~DESCRIPTION] => 
                        )

                )

        )

    [27211] => Array
        (
            [ID] => 27211
            [IBLOCK_ID] => 13
            [ACTIVE] => N
            [NAME] => Обувь ZEM O2 OXYGEN Black/Black 6 1000
            [PARENT_ID] => 27209
            [PROPERTIES] => Array
                (
                    [SKIBOARD_EXTERNAL_OFFER_ID] => Array
                        (
                            [ID] => 216
                            [IBLOCK_ID] => 13
                            [NAME] => ID ТП из прайса skiboard
                            [ACTIVE] => Y
                            [SORT] => 500
                            [CODE] => SKIBOARD_EXTERNAL_OFFER_ID
                            [DEFAULT_VALUE] => 
                            [PROPERTY_TYPE] => S
                            [ROW_COUNT] => 1
                            [COL_COUNT] => 30
                            [LIST_TYPE] => L
                            [MULTIPLE] => N
                            [XML_ID] => 
                            [FILE_TYPE] => 
                            [MULTIPLE_CNT] => 5
                            [LINK_IBLOCK_ID] => 0
                            [WITH_DESCRIPTION] => N
                            [SEARCHABLE] => N
                            [FILTRABLE] => N
                            [IS_REQUIRED] => N
                            [VERSION] => 2
                            [USER_TYPE] => 
                            [USER_TYPE_SETTINGS] => 
                            [HINT] => 
                            [~NAME] => ID ТП из прайса skiboard
                            [~DEFAULT_VALUE] => 
                            [VALUE_ENUM] => 
                            [VALUE_XML_ID] => 
                            [VALUE_SORT] => 
                            [VALUE] => 5fafc9299c56773cdbcf
                            [PROPERTY_VALUE_ID] => 27211:216
                            [DESCRIPTION] => 
                            [~VALUE] => 5fafc9299c56773cdbcf
                            [~DESCRIPTION] => 
                        )

                )

        )

    [27212] => Array
        (
            [ID] => 27212
            [IBLOCK_ID] => 13
            [ACTIVE] => N
            [NAME] => Обувь ZEM O2 OXYGEN Black/Black 7 1000
            [PARENT_ID] => 27209
            [PROPERTIES] => Array
                (
                    [SKIBOARD_EXTERNAL_OFFER_ID] => Array
                        (
                            [ID] => 216
                            [IBLOCK_ID] => 13
                            [NAME] => ID ТП из прайса skiboard
                            [ACTIVE] => Y
                            [SORT] => 500
                            [CODE] => SKIBOARD_EXTERNAL_OFFER_ID
                            [DEFAULT_VALUE] => 
                            [PROPERTY_TYPE] => S
                            [ROW_COUNT] => 1
                            [COL_COUNT] => 30
                            [LIST_TYPE] => L
                            [MULTIPLE] => N
                            [XML_ID] => 
                            [FILE_TYPE] => 
                            [MULTIPLE_CNT] => 5
                            [LINK_IBLOCK_ID] => 0
                            [WITH_DESCRIPTION] => N
                            [SEARCHABLE] => N
                            [FILTRABLE] => N
                            [IS_REQUIRED] => N
                            [VERSION] => 2
                            [USER_TYPE] => 
                            [USER_TYPE_SETTINGS] => 
                            [HINT] => 
                            [~NAME] => ID ТП из прайса skiboard
                            [~DEFAULT_VALUE] => 
                            [VALUE_ENUM] => 
                            [VALUE_XML_ID] => 
                            [VALUE_SORT] => 
                            [VALUE] => 4d5021bf85b318db17e4
                            [PROPERTY_VALUE_ID] => 27212:216
                            [DESCRIPTION] => 
                            [~VALUE] => 4d5021bf85b318db17e4
                            [~DESCRIPTION] => 
                        )

                )

        )

    [27213] => Array
        (
            [ID] => 27213
            [IBLOCK_ID] => 13
            [ACTIVE] => N
            [NAME] => Обувь ZEM O2 OXYGEN Black/Black 8 1000
            [PARENT_ID] => 27209
            [PROPERTIES] => Array
                (
                    [SKIBOARD_EXTERNAL_OFFER_ID] => Array
                        (
                            [ID] => 216
                            [IBLOCK_ID] => 13
                            [NAME] => ID ТП из прайса skiboard
                            [ACTIVE] => Y
                            [SORT] => 500
                            [CODE] => SKIBOARD_EXTERNAL_OFFER_ID
                            [DEFAULT_VALUE] => 
                            [PROPERTY_TYPE] => S
                            [ROW_COUNT] => 1
                            [COL_COUNT] => 30
                            [LIST_TYPE] => L
                            [MULTIPLE] => N
                            [XML_ID] => 
                            [FILE_TYPE] => 
                            [MULTIPLE_CNT] => 5
                            [LINK_IBLOCK_ID] => 0
                            [WITH_DESCRIPTION] => N
                            [SEARCHABLE] => N
                            [FILTRABLE] => N
                            [IS_REQUIRED] => N
                            [VERSION] => 2
                            [USER_TYPE] => 
                            [USER_TYPE_SETTINGS] => 
                            [HINT] => 
                            [~NAME] => ID ТП из прайса skiboard
                            [~DEFAULT_VALUE] => 
                            [VALUE_ENUM] => 
                            [VALUE_XML_ID] => 
                            [VALUE_SORT] => 
                            [VALUE] => eda001b7539a281869de
                            [PROPERTY_VALUE_ID] => 27213:216
                            [DESCRIPTION] => 
                            [~VALUE] => eda001b7539a281869de
                            [~DESCRIPTION] => 
                        )

                )

        )

    [27214] => Array
        (
            [ID] => 27214
            [IBLOCK_ID] => 13
            [ACTIVE] => N
            [NAME] => Обувь ZEM O2 OXYGEN Black/Black 9 1000
            [PARENT_ID] => 27209
            [PROPERTIES] => Array
                (
                    [SKIBOARD_EXTERNAL_OFFER_ID] => Array
                        (
                            [ID] => 216
                            [IBLOCK_ID] => 13
                            [NAME] => ID ТП из прайса skiboard
                            [ACTIVE] => Y
                            [SORT] => 500
                            [CODE] => SKIBOARD_EXTERNAL_OFFER_ID
                            [DEFAULT_VALUE] => 
                            [PROPERTY_TYPE] => S
                            [ROW_COUNT] => 1
                            [COL_COUNT] => 30
                            [LIST_TYPE] => L
                            [MULTIPLE] => N
                            [XML_ID] => 
                            [FILE_TYPE] => 
                            [MULTIPLE_CNT] => 5
                            [LINK_IBLOCK_ID] => 0
                            [WITH_DESCRIPTION] => N
                            [SEARCHABLE] => N
                            [FILTRABLE] => N
                            [IS_REQUIRED] => N
                            [VERSION] => 2
                            [USER_TYPE] => 
                            [USER_TYPE_SETTINGS] => 
                            [HINT] => 
                            [~NAME] => ID ТП из прайса skiboard
                            [~DEFAULT_VALUE] => 
                            [VALUE_ENUM] => 
                            [VALUE_XML_ID] => 
                            [VALUE_SORT] => 
                            [VALUE] => 729bf52d898b1901d8e0
                            [PROPERTY_VALUE_ID] => 27214:216
                            [DESCRIPTION] => 
                            [~VALUE] => 729bf52d898b1901d8e0
                            [~DESCRIPTION] => 
                        )

                )

        )

    [27215] => Array
        (
            [ID] => 27215
            [IBLOCK_ID] => 13
            [ACTIVE] => N
            [NAME] => Обувь ZEM O2 OXYGEN Black/Black 10 1000
            [PARENT_ID] => 27209
            [PROPERTIES] => Array
                (
                    [SKIBOARD_EXTERNAL_OFFER_ID] => Array
                        (
                            [ID] => 216
                            [IBLOCK_ID] => 13
                            [NAME] => ID ТП из прайса skiboard
                            [ACTIVE] => Y
                            [SORT] => 500
                            [CODE] => SKIBOARD_EXTERNAL_OFFER_ID
                            [DEFAULT_VALUE] => 
                            [PROPERTY_TYPE] => S
                            [ROW_COUNT] => 1
                            [COL_COUNT] => 30
                            [LIST_TYPE] => L
                            [MULTIPLE] => N
                            [XML_ID] => 
                            [FILE_TYPE] => 
                            [MULTIPLE_CNT] => 5
                            [LINK_IBLOCK_ID] => 0
                            [WITH_DESCRIPTION] => N
                            [SEARCHABLE] => N
                            [FILTRABLE] => N
                            [IS_REQUIRED] => N
                            [VERSION] => 2
                            [USER_TYPE] => 
                            [USER_TYPE_SETTINGS] => 
                            [HINT] => 
                            [~NAME] => ID ТП из прайса skiboard
                            [~DEFAULT_VALUE] => 
                            [VALUE_ENUM] => 
                            [VALUE_XML_ID] => 
                            [VALUE_SORT] => 
                            [VALUE] => b6c609ec6afe18ae2a03
                            [PROPERTY_VALUE_ID] => 27215:216
                            [DESCRIPTION] => 
                            [~VALUE] => b6c609ec6afe18ae2a03
                            [~DESCRIPTION] => 
                        )

                )

        )

    [27216] => Array
        (
            [ID] => 27216
            [IBLOCK_ID] => 13
            [ACTIVE] => N
            [NAME] => Обувь ZEM O2 OXYGEN Black/Black 11 1000
            [PARENT_ID] => 27209
            [PROPERTIES] => Array
                (
                    [SKIBOARD_EXTERNAL_OFFER_ID] => Array
                        (
                            [ID] => 216
                            [IBLOCK_ID] => 13
                            [NAME] => ID ТП из прайса skiboard
                            [ACTIVE] => Y
                            [SORT] => 500
                            [CODE] => SKIBOARD_EXTERNAL_OFFER_ID
                            [DEFAULT_VALUE] => 
                            [PROPERTY_TYPE] => S
                            [ROW_COUNT] => 1
                            [COL_COUNT] => 30
                            [LIST_TYPE] => L
                            [MULTIPLE] => N
                            [XML_ID] => 
                            [FILE_TYPE] => 
                            [MULTIPLE_CNT] => 5
                            [LINK_IBLOCK_ID] => 0
                            [WITH_DESCRIPTION] => N
                            [SEARCHABLE] => N
                            [FILTRABLE] => N
                            [IS_REQUIRED] => N
                            [VERSION] => 2
                            [USER_TYPE] => 
                            [USER_TYPE_SETTINGS] => 
                            [HINT] => 
                            [~NAME] => ID ТП из прайса skiboard
                            [~DEFAULT_VALUE] => 
                            [VALUE_ENUM] => 
                            [VALUE_XML_ID] => 
                            [VALUE_SORT] => 
                            [VALUE] => f58bd96baf4d017cb3d6
                            [PROPERTY_VALUE_ID] => 27216:216
                            [DESCRIPTION] => 
                            [~VALUE] => f58bd96baf4d017cb3d6
                            [~DESCRIPTION] => 
                        )

                )

        )

    [27217] => Array
        (
            [ID] => 27217
            [IBLOCK_ID] => 13
            [ACTIVE] => N
            [NAME] => Обувь ZEM O2 OXYGEN Black/Black 12 1000
            [PARENT_ID] => 27209
            [PROPERTIES] => Array
                (
                    [SKIBOARD_EXTERNAL_OFFER_ID] => Array
                        (
                            [ID] => 216
                            [IBLOCK_ID] => 13
                            [NAME] => ID ТП из прайса skiboard
                            [ACTIVE] => Y
                            [SORT] => 500
                            [CODE] => SKIBOARD_EXTERNAL_OFFER_ID
                            [DEFAULT_VALUE] => 
                            [PROPERTY_TYPE] => S
                            [ROW_COUNT] => 1
                            [COL_COUNT] => 30
                            [LIST_TYPE] => L
                            [MULTIPLE] => N
                            [XML_ID] => 
                            [FILE_TYPE] => 
                            [MULTIPLE_CNT] => 5
                            [LINK_IBLOCK_ID] => 0
                            [WITH_DESCRIPTION] => N
                            [SEARCHABLE] => N
                            [FILTRABLE] => N
                            [IS_REQUIRED] => N
                            [VERSION] => 2
                            [USER_TYPE] => 
                            [USER_TYPE_SETTINGS] => 
                            [HINT] => 
                            [~NAME] => ID ТП из прайса skiboard
                            [~DEFAULT_VALUE] => 
                            [VALUE_ENUM] => 
                            [VALUE_XML_ID] => 
                            [VALUE_SORT] => 
                            [VALUE] => 98a6d1cc5c74b701cd19
                            [PROPERTY_VALUE_ID] => 27217:216
                            [DESCRIPTION] => 
                            [~VALUE] => 98a6d1cc5c74b701cd19
                            [~DESCRIPTION] => 
                        )

                )

        )

    [27218] => Array
        (
            [ID] => 27218
            [IBLOCK_ID] => 13
            [ACTIVE] => N
            [NAME] => Обувь ZEM O2 OXYGEN Black/Black 13 1000
            [PARENT_ID] => 27209
            [PROPERTIES] => Array
                (
                    [SKIBOARD_EXTERNAL_OFFER_ID] => Array
                        (
                            [ID] => 216
                            [IBLOCK_ID] => 13
                            [NAME] => ID ТП из прайса skiboard
                            [ACTIVE] => Y
                            [SORT] => 500
                            [CODE] => SKIBOARD_EXTERNAL_OFFER_ID
                            [DEFAULT_VALUE] => 
                            [PROPERTY_TYPE] => S
                            [ROW_COUNT] => 1
                            [COL_COUNT] => 30
                            [LIST_TYPE] => L
                            [MULTIPLE] => N
                            [XML_ID] => 
                            [FILE_TYPE] => 
                            [MULTIPLE_CNT] => 5
                            [LINK_IBLOCK_ID] => 0
                            [WITH_DESCRIPTION] => N
                            [SEARCHABLE] => N
                            [FILTRABLE] => N
                            [IS_REQUIRED] => N
                            [VERSION] => 2
                            [USER_TYPE] => 
                            [USER_TYPE_SETTINGS] => 
                            [HINT] => 
                            [~NAME] => ID ТП из прайса skiboard
                            [~DEFAULT_VALUE] => 
                            [VALUE_ENUM] => 
                            [VALUE_XML_ID] => 
                            [VALUE_SORT] => 
                            [VALUE] => 50bc62d6e2def1b613c2
                            [PROPERTY_VALUE_ID] => 27218:216
                            [DESCRIPTION] => 
                            [~VALUE] => 50bc62d6e2def1b613c2
                            [~DESCRIPTION] => 
                        )

                )

        )

    [27220] => Array
        (
            [ID] => 27220
            [IBLOCK_ID] => 13
            [ACTIVE] => N
            [NAME] => Обувь ZEM U Cross Black/Blue 10 8800
            [PARENT_ID] => 27219
            [PROPERTIES] => Array
                (
                    [SKIBOARD_EXTERNAL_OFFER_ID] => Array
                        (
                            [ID] => 216
                            [IBLOCK_ID] => 13
                            [NAME] => ID ТП из прайса skiboard
                            [ACTIVE] => Y
                            [SORT] => 500
                            [CODE] => SKIBOARD_EXTERNAL_OFFER_ID
                            [DEFAULT_VALUE] => 
                            [PROPERTY_TYPE] => S
                            [ROW_COUNT] => 1
                            [COL_COUNT] => 30
                            [LIST_TYPE] => L
                            [MULTIPLE] => N
                            [XML_ID] => 
                            [FILE_TYPE] => 
                            [MULTIPLE_CNT] => 5
                            [LINK_IBLOCK_ID] => 0
                            [WITH_DESCRIPTION] => N
                            [SEARCHABLE] => N
                            [FILTRABLE] => N
                            [IS_REQUIRED] => N
                            [VERSION] => 2
                            [USER_TYPE] => 
                            [USER_TYPE_SETTINGS] => 
                            [HINT] => 
                            [~NAME] => ID ТП из прайса skiboard
                            [~DEFAULT_VALUE] => 
                            [VALUE_ENUM] => 
                            [VALUE_XML_ID] => 
                            [VALUE_SORT] => 
                            [VALUE] => 8f1136e24c6962421f1e
                            [PROPERTY_VALUE_ID] => 27220:216
                            [DESCRIPTION] => 
                            [~VALUE] => 8f1136e24c6962421f1e
                            [~DESCRIPTION] => 
                        )

                )

        )

    [27222] => Array
        (
            [ID] => 27222
            [IBLOCK_ID] => 13
            [ACTIVE] => N
            [NAME] => Перчатки Straight Line Performance Glove BLK/RED 2XL 213903*S17
            [PARENT_ID] => 27221
            [PROPERTIES] => Array
                (
                    [SKIBOARD_EXTERNAL_OFFER_ID] => Array
                        (
                            [ID] => 216
                            [IBLOCK_ID] => 13
                            [NAME] => ID ТП из прайса skiboard
                            [ACTIVE] => Y
                            [SORT] => 500
                            [CODE] => SKIBOARD_EXTERNAL_OFFER_ID
                            [DEFAULT_VALUE] => 
                            [PROPERTY_TYPE] => S
                            [ROW_COUNT] => 1
                            [COL_COUNT] => 30
                            [LIST_TYPE] => L
                            [MULTIPLE] => N
                            [XML_ID] => 
                            [FILE_TYPE] => 
                            [MULTIPLE_CNT] => 5
                            [LINK_IBLOCK_ID] => 0
                            [WITH_DESCRIPTION] => N
                            [SEARCHABLE] => N
                            [FILTRABLE] => N
                            [IS_REQUIRED] => N
                            [VERSION] => 2
                            [USER_TYPE] => 
                            [USER_TYPE_SETTINGS] => 
                            [HINT] => 
                            [~NAME] => ID ТП из прайса skiboard
                            [~DEFAULT_VALUE] => 
                            [VALUE_ENUM] => 
                            [VALUE_XML_ID] => 
                            [VALUE_SORT] => 
                            [VALUE] => de03797db1e12674eaee
                            [PROPERTY_VALUE_ID] => 27222:216
                            [DESCRIPTION] => 
                            [~VALUE] => de03797db1e12674eaee
                            [~DESCRIPTION] => 
                        )

                )

        )

    [27223] => Array
        (
            [ID] => 27223
            [IBLOCK_ID] => 13
            [ACTIVE] => N
            [NAME] => Перчатки Straight Line Performance Glove BLK/RED XL 213903*S17
            [PARENT_ID] => 27221
            [PROPERTIES] => Array
                (
                    [SKIBOARD_EXTERNAL_OFFER_ID] => Array
                        (
                            [ID] => 216
                            [IBLOCK_ID] => 13
                            [NAME] => ID ТП из прайса skiboard
                            [ACTIVE] => Y
                            [SORT] => 500
                            [CODE] => SKIBOARD_EXTERNAL_OFFER_ID
                            [DEFAULT_VALUE] => 
                            [PROPERTY_TYPE] => S
                            [ROW_COUNT] => 1
                            [COL_COUNT] => 30
                            [LIST_TYPE] => L
                            [MULTIPLE] => N
                            [XML_ID] => 
                            [FILE_TYPE] => 
                            [MULTIPLE_CNT] => 5
                            [LINK_IBLOCK_ID] => 0
                            [WITH_DESCRIPTION] => N
                            [SEARCHABLE] => N
                            [FILTRABLE] => N
                            [IS_REQUIRED] => N
                            [VERSION] => 2
                            [USER_TYPE] => 
                            [USER_TYPE_SETTINGS] => 
                            [HINT] => 
                            [~NAME] => ID ТП из прайса skiboard
                            [~DEFAULT_VALUE] => 
                            [VALUE_ENUM] => 
                            [VALUE_XML_ID] => 
                            [VALUE_SORT] => 
                            [VALUE] => 4bab9ee670ab0b4c31d5
                            [PROPERTY_VALUE_ID] => 27223:216
                            [DESCRIPTION] => 
                            [~VALUE] => 4bab9ee670ab0b4c31d5
                            [~DESCRIPTION] => 
                        )

                )

        )

    [27224] => Array
        (
            [ID] => 27224
            [IBLOCK_ID] => 13
            [ACTIVE] => N
            [NAME] => Перчатки Straight Line Performance Glove BLK/RED L 213903*S17
            [PARENT_ID] => 27221
            [PROPERTIES] => Array
                (
                    [SKIBOARD_EXTERNAL_OFFER_ID] => Array
                        (
                            [ID] => 216
                            [IBLOCK_ID] => 13
                            [NAME] => ID ТП из прайса skiboard
                            [ACTIVE] => Y
                            [SORT] => 500
                            [CODE] => SKIBOARD_EXTERNAL_OFFER_ID
                            [DEFAULT_VALUE] => 
                            [PROPERTY_TYPE] => S
                            [ROW_COUNT] => 1
                            [COL_COUNT] => 30
                            [LIST_TYPE] => L
                            [MULTIPLE] => N
                            [XML_ID] => 
                            [FILE_TYPE] => 
                            [MULTIPLE_CNT] => 5
                            [LINK_IBLOCK_ID] => 0
                            [WITH_DESCRIPTION] => N
                            [SEARCHABLE] => N
                            [FILTRABLE] => N
                            [IS_REQUIRED] => N
                            [VERSION] => 2
                            [USER_TYPE] => 
                            [USER_TYPE_SETTINGS] => 
                            [HINT] => 
                            [~NAME] => ID ТП из прайса skiboard
                            [~DEFAULT_VALUE] => 
                            [VALUE_ENUM] => 
                            [VALUE_XML_ID] => 
                            [VALUE_SORT] => 
                            [VALUE] => 1def41bc0e6612626c32
                            [PROPERTY_VALUE_ID] => 27224:216
                            [DESCRIPTION] => 
                            [~VALUE] => 1def41bc0e6612626c32
                            [~DESCRIPTION] => 
                        )

                )

        )

    [27225] => Array
        (
            [ID] => 27225
            [IBLOCK_ID] => 13
            [ACTIVE] => N
            [NAME] => Перчатки Straight Line Performance Glove BLK/RED M 213903*S17
            [PARENT_ID] => 27221
            [PROPERTIES] => Array
                (
                    [SKIBOARD_EXTERNAL_OFFER_ID] => Array
                        (
                            [ID] => 216
                            [IBLOCK_ID] => 13
                            [NAME] => ID ТП из прайса skiboard
                            [ACTIVE] => Y
                            [SORT] => 500
                            [CODE] => SKIBOARD_EXTERNAL_OFFER_ID
                            [DEFAULT_VALUE] => 
                            [PROPERTY_TYPE] => S
                            [ROW_COUNT] => 1
                            [COL_COUNT] => 30
                            [LIST_TYPE] => L
                            [MULTIPLE] => N
                            [XML_ID] => 
                            [FILE_TYPE] => 
                            [MULTIPLE_CNT] => 5
                            [LINK_IBLOCK_ID] => 0
                            [WITH_DESCRIPTION] => N
                            [SEARCHABLE] => N
                            [FILTRABLE] => N
                            [IS_REQUIRED] => N
                            [VERSION] => 2
                            [USER_TYPE] => 
                            [USER_TYPE_SETTINGS] => 
                            [HINT] => 
                            [~NAME] => ID ТП из прайса skiboard
                            [~DEFAULT_VALUE] => 
                            [VALUE_ENUM] => 
                            [VALUE_XML_ID] => 
                            [VALUE_SORT] => 
                            [VALUE] => 527d1b1b191babec91b8
                            [PROPERTY_VALUE_ID] => 27225:216
                            [DESCRIPTION] => 
                            [~VALUE] => 527d1b1b191babec91b8
                            [~DESCRIPTION] => 
                        )

                )

        )

    [27226] => Array
        (
            [ID] => 27226
            [IBLOCK_ID] => 13
            [ACTIVE] => N
            [NAME] => Перчатки Straight Line Performance Glove BLK/RED S 213903*S17
            [PARENT_ID] => 27221
            [PROPERTIES] => Array
                (
                    [SKIBOARD_EXTERNAL_OFFER_ID] => Array
                        (
                            [ID] => 216
                            [IBLOCK_ID] => 13
                            [NAME] => ID ТП из прайса skiboard
                            [ACTIVE] => Y
                            [SORT] => 500
                            [CODE] => SKIBOARD_EXTERNAL_OFFER_ID
                            [DEFAULT_VALUE] => 
                            [PROPERTY_TYPE] => S
                            [ROW_COUNT] => 1
                            [COL_COUNT] => 30
                            [LIST_TYPE] => L
                            [MULTIPLE] => N
                            [XML_ID] => 
                            [FILE_TYPE] => 
                            [MULTIPLE_CNT] => 5
                            [LINK_IBLOCK_ID] => 0
                            [WITH_DESCRIPTION] => N
                            [SEARCHABLE] => N
                            [FILTRABLE] => N
                            [IS_REQUIRED] => N
                            [VERSION] => 2
                            [USER_TYPE] => 
                            [USER_TYPE_SETTINGS] => 
                            [HINT] => 
                            [~NAME] => ID ТП из прайса skiboard
                            [~DEFAULT_VALUE] => 
                            [VALUE_ENUM] => 
                            [VALUE_XML_ID] => 
                            [VALUE_SORT] => 
                            [VALUE] => e64335c693620b2d386d
                            [PROPERTY_VALUE_ID] => 27226:216
                            [DESCRIPTION] => 
                            [~VALUE] => e64335c693620b2d386d
                            [~DESCRIPTION] => 
                        )

                )

        )

    [27227] => Array
        (
            [ID] => 27227
            [IBLOCK_ID] => 13
            [ACTIVE] => N
            [NAME] => Перчатки Straight Line Performance Glove BLK/RED XS 213903*S17
            [PARENT_ID] => 27221
            [PROPERTIES] => Array
                (
                    [SKIBOARD_EXTERNAL_OFFER_ID] => Array
                        (
                            [ID] => 216
                            [IBLOCK_ID] => 13
                            [NAME] => ID ТП из прайса skiboard
                            [ACTIVE] => Y
                            [SORT] => 500
                            [CODE] => SKIBOARD_EXTERNAL_OFFER_ID
                            [DEFAULT_VALUE] => 
                            [PROPERTY_TYPE] => S
                            [ROW_COUNT] => 1
                            [COL_COUNT] => 30
                            [LIST_TYPE] => L
                            [MULTIPLE] => N
                            [XML_ID] => 
                            [FILE_TYPE] => 
                            [MULTIPLE_CNT] => 5
                            [LINK_IBLOCK_ID] => 0
                            [WITH_DESCRIPTION] => N
                            [SEARCHABLE] => N
                            [FILTRABLE] => N
                            [IS_REQUIRED] => N
                            [VERSION] => 2
                            [USER_TYPE] => 
                            [USER_TYPE_SETTINGS] => 
                            [HINT] => 
                            [~NAME] => ID ТП из прайса skiboard
                            [~DEFAULT_VALUE] => 
                            [VALUE_ENUM] => 
                            [VALUE_XML_ID] => 
                            [VALUE_SORT] => 
                            [VALUE] => 69adf9f91b0490a70ebb
                            [PROPERTY_VALUE_ID] => 27227:216
                            [DESCRIPTION] => 
                            [~VALUE] => 69adf9f91b0490a70ebb
                            [~DESCRIPTION] => 
                        )

                )

        )

    [27229] => Array
        (
            [ID] => 27229
            [IBLOCK_ID] => 13
            [ACTIVE] => N
            [NAME] => Очки солнцезащитные O'Neill SENNEN MATTE BLACK/OLIVE GREEN (104P) S18 OS ONS-SENNEN-104P*S18
            [PARENT_ID] => 27228
            [PROPERTIES] => Array
                (
                    [SKIBOARD_EXTERNAL_OFFER_ID] => Array
                        (
                            [ID] => 216
                            [IBLOCK_ID] => 13
                            [NAME] => ID ТП из прайса skiboard
                            [ACTIVE] => Y
                            [SORT] => 500
                            [CODE] => SKIBOARD_EXTERNAL_OFFER_ID
                            [DEFAULT_VALUE] => 
                            [PROPERTY_TYPE] => S
                            [ROW_COUNT] => 1
                            [COL_COUNT] => 30
                            [LIST_TYPE] => L
                            [MULTIPLE] => N
                            [XML_ID] => 
                            [FILE_TYPE] => 
                            [MULTIPLE_CNT] => 5
                            [LINK_IBLOCK_ID] => 0
                            [WITH_DESCRIPTION] => N
                            [SEARCHABLE] => N
                            [FILTRABLE] => N
                            [IS_REQUIRED] => N
                            [VERSION] => 2
                            [USER_TYPE] => 
                            [USER_TYPE_SETTINGS] => 
                            [HINT] => 
                            [~NAME] => ID ТП из прайса skiboard
                            [~DEFAULT_VALUE] => 
                            [VALUE_ENUM] => 
                            [VALUE_XML_ID] => 
                            [VALUE_SORT] => 
                            [VALUE] => aae52d84f81b8523fe58
                            [PROPERTY_VALUE_ID] => 27229:216
                            [DESCRIPTION] => 
                            [~VALUE] => aae52d84f81b8523fe58
                            [~DESCRIPTION] => 
                        )

                )

        )

    [27231] => Array
        (
            [ID] => 27231
            [IBLOCK_ID] => 13
            [ACTIVE] => N
            [NAME] => Очки солнцезащитные O'Neill OFFSHORE GLOSS TORT (102P) S18 OS ONS-OFFSHORE-102P*S18
            [PARENT_ID] => 27230
            [PROPERTIES] => Array
                (
                    [SKIBOARD_EXTERNAL_OFFER_ID] => Array
                        (
                            [ID] => 216
                            [IBLOCK_ID] => 13
                            [NAME] => ID ТП из прайса skiboard
                            [ACTIVE] => Y
                            [SORT] => 500
                            [CODE] => SKIBOARD_EXTERNAL_OFFER_ID
                            [DEFAULT_VALUE] => 
                            [PROPERTY_TYPE] => S
                            [ROW_COUNT] => 1
                            [COL_COUNT] => 30
                            [LIST_TYPE] => L
                            [MULTIPLE] => N
                            [XML_ID] => 
                            [FILE_TYPE] => 
                            [MULTIPLE_CNT] => 5
                            [LINK_IBLOCK_ID] => 0
                            [WITH_DESCRIPTION] => N
                            [SEARCHABLE] => N
                            [FILTRABLE] => N
                            [IS_REQUIRED] => N
                            [VERSION] => 2
                            [USER_TYPE] => 
                            [USER_TYPE_SETTINGS] => 
                            [HINT] => 
                            [~NAME] => ID ТП из прайса skiboard
                            [~DEFAULT_VALUE] => 
                            [VALUE_ENUM] => 
                            [VALUE_XML_ID] => 
                            [VALUE_SORT] => 
                            [VALUE] => 6e29f70bd4bfaa11ab2d
                            [PROPERTY_VALUE_ID] => 27231:216
                            [DESCRIPTION] => 
                            [~VALUE] => 6e29f70bd4bfaa11ab2d
                            [~DESCRIPTION] => 
                        )

                )

        )

    [27233] => Array
        (
            [ID] => 27233
            [IBLOCK_ID] => 13
            [ACTIVE] => N
            [NAME] => Очки солнцезащитные O'Neill WAKE MATTE SILVER (002P) S18 OS ONS-WAKE-002P*S18
            [PARENT_ID] => 27232
            [PROPERTIES] => Array
                (
                    [SKIBOARD_EXTERNAL_OFFER_ID] => Array
                        (
                            [ID] => 216
                            [IBLOCK_ID] => 13
                            [NAME] => ID ТП из прайса skiboard
                            [ACTIVE] => Y
                            [SORT] => 500
                            [CODE] => SKIBOARD_EXTERNAL_OFFER_ID
                            [DEFAULT_VALUE] => 
                            [PROPERTY_TYPE] => S
                            [ROW_COUNT] => 1
                            [COL_COUNT] => 30
                            [LIST_TYPE] => L
                            [MULTIPLE] => N
                            [XML_ID] => 
                            [FILE_TYPE] => 
                            [MULTIPLE_CNT] => 5
                            [LINK_IBLOCK_ID] => 0
                            [WITH_DESCRIPTION] => N
                            [SEARCHABLE] => N
                            [FILTRABLE] => N
                            [IS_REQUIRED] => N
                            [VERSION] => 2
                            [USER_TYPE] => 
                            [USER_TYPE_SETTINGS] => 
                            [HINT] => 
                            [~NAME] => ID ТП из прайса skiboard
                            [~DEFAULT_VALUE] => 
                            [VALUE_ENUM] => 
                            [VALUE_XML_ID] => 
                            [VALUE_SORT] => 
                            [VALUE] => 8fdbda0f59923977120d
                            [PROPERTY_VALUE_ID] => 27233:216
                            [DESCRIPTION] => 
                            [~VALUE] => 8fdbda0f59923977120d
                            [~DESCRIPTION] => 
                        )

                )

        )

    [27235] => Array
        (
            [ID] => 27235
            [IBLOCK_ID] => 13
            [ACTIVE] => N
            [NAME] => Очки солнцезащитные O'Neill COAST RUBBER BLACK (104P) S18 OS ONS-COAST-104P*S18
            [PARENT_ID] => 27234
            [PROPERTIES] => Array
                (
                    [SKIBOARD_EXTERNAL_OFFER_ID] => Array
                        (
                            [ID] => 216
                            [IBLOCK_ID] => 13
                            [NAME] => ID ТП из прайса skiboard
                            [ACTIVE] => Y
                            [SORT] => 500
                            [CODE] => SKIBOARD_EXTERNAL_OFFER_ID
                            [DEFAULT_VALUE] => 
                            [PROPERTY_TYPE] => S
                            [ROW_COUNT] => 1
                            [COL_COUNT] => 30
                            [LIST_TYPE] => L
                            [MULTIPLE] => N
                            [XML_ID] => 
                            [FILE_TYPE] => 
                            [MULTIPLE_CNT] => 5
                            [LINK_IBLOCK_ID] => 0
                            [WITH_DESCRIPTION] => N
                            [SEARCHABLE] => N
                            [FILTRABLE] => N
                            [IS_REQUIRED] => N
                            [VERSION] => 2
                            [USER_TYPE] => 
                            [USER_TYPE_SETTINGS] => 
                            [HINT] => 
                            [~NAME] => ID ТП из прайса skiboard
                            [~DEFAULT_VALUE] => 
                            [VALUE_ENUM] => 
                            [VALUE_XML_ID] => 
                            [VALUE_SORT] => 
                            [VALUE] => dace944cb9c384f23631
                            [PROPERTY_VALUE_ID] => 27235:216
                            [DESCRIPTION] => 
                            [~VALUE] => dace944cb9c384f23631
                            [~DESCRIPTION] => 
                        )

                )

        )

    [27237] => Array
        (
            [ID] => 27237
            [IBLOCK_ID] => 13
            [ACTIVE] => N
            [NAME] => Очки солнцезащитные O'Neill COAST MATTE NAVY TO YELLOW FADE (106P) S18 OS ONS-COAST-106P*S18
            [PARENT_ID] => 27236
            [PROPERTIES] => Array
                (
                    [SKIBOARD_EXTERNAL_OFFER_ID] => Array
                        (
                            [ID] => 216
                            [IBLOCK_ID] => 13
                            [NAME] => ID ТП из прайса skiboard
                            [ACTIVE] => Y
                            [SORT] => 500
                            [CODE] => SKIBOARD_EXTERNAL_OFFER_ID
                            [DEFAULT_VALUE] => 
                            [PROPERTY_TYPE] => S
                            [ROW_COUNT] => 1
                            [COL_COUNT] => 30
                            [LIST_TYPE] => L
                            [MULTIPLE] => N
                            [XML_ID] => 
                            [FILE_TYPE] => 
                            [MULTIPLE_CNT] => 5
                            [LINK_IBLOCK_ID] => 0
                            [WITH_DESCRIPTION] => N
                            [SEARCHABLE] => N
                            [FILTRABLE] => N
                            [IS_REQUIRED] => N
                            [VERSION] => 2
                            [USER_TYPE] => 
                            [USER_TYPE_SETTINGS] => 
                            [HINT] => 
                            [~NAME] => ID ТП из прайса skiboard
                            [~DEFAULT_VALUE] => 
                            [VALUE_ENUM] => 
                            [VALUE_XML_ID] => 
                            [VALUE_SORT] => 
                            [VALUE] => 6d585d6558a69f2fb06f
                            [PROPERTY_VALUE_ID] => 27237:216
                            [DESCRIPTION] => 
                            [~VALUE] => 6d585d6558a69f2fb06f
                            [~DESCRIPTION] => 
                        )

                )

        )

    [27239] => Array
        (
            [ID] => 27239
            [IBLOCK_ID] => 13
            [ACTIVE] => N
            [NAME] => Очки солнцезащитные O'Neill SHORE MATTE BLACK (127P) S18 OS ONS-SHORE-127P*S18
            [PARENT_ID] => 27238
            [PROPERTIES] => Array
                (
                    [SKIBOARD_EXTERNAL_OFFER_ID] => Array
                        (
                            [ID] => 216
                            [IBLOCK_ID] => 13
                            [NAME] => ID ТП из прайса skiboard
                            [ACTIVE] => Y
                            [SORT] => 500
                            [CODE] => SKIBOARD_EXTERNAL_OFFER_ID
                            [DEFAULT_VALUE] => 
                            [PROPERTY_TYPE] => S
                            [ROW_COUNT] => 1
                            [COL_COUNT] => 30
                            [LIST_TYPE] => L
                            [MULTIPLE] => N
                            [XML_ID] => 
                            [FILE_TYPE] => 
                            [MULTIPLE_CNT] => 5
                            [LINK_IBLOCK_ID] => 0
                            [WITH_DESCRIPTION] => N
                            [SEARCHABLE] => N
                            [FILTRABLE] => N
                            [IS_REQUIRED] => N
                            [VERSION] => 2
                            [USER_TYPE] => 
                            [USER_TYPE_SETTINGS] => 
                            [HINT] => 
                            [~NAME] => ID ТП из прайса skiboard
                            [~DEFAULT_VALUE] => 
                            [VALUE_ENUM] => 
                            [VALUE_XML_ID] => 
                            [VALUE_SORT] => 
                            [VALUE] => 301ab674819073a8ccd4
                            [PROPERTY_VALUE_ID] => 27239:216
                            [DESCRIPTION] => 
                            [~VALUE] => 301ab674819073a8ccd4
                            [~DESCRIPTION] => 
                        )

                )

        )

    [27241] => Array
        (
            [ID] => 27241
            [IBLOCK_ID] => 13
            [ACTIVE] => N
            [NAME] => Очки солнцезащитные O'Neill SHORE TEXT BLACK (196P) S18 OS ONS-SHORE-196P*S18
            [PARENT_ID] => 27240
            [PROPERTIES] => Array
                (
                    [SKIBOARD_EXTERNAL_OFFER_ID] => Array
                        (
                            [ID] => 216
                            [IBLOCK_ID] => 13
                            [NAME] => ID ТП из прайса skiboard
                            [ACTIVE] => Y
                            [SORT] => 500
                            [CODE] => SKIBOARD_EXTERNAL_OFFER_ID
                            [DEFAULT_VALUE] => 
                            [PROPERTY_TYPE] => S
                            [ROW_COUNT] => 1
                            [COL_COUNT] => 30
                            [LIST_TYPE] => L
                            [MULTIPLE] => N
                            [XML_ID] => 
                            [FILE_TYPE] => 
                            [MULTIPLE_CNT] => 5
                            [LINK_IBLOCK_ID] => 0
                            [WITH_DESCRIPTION] => N
                            [SEARCHABLE] => N
                            [FILTRABLE] => N
                            [IS_REQUIRED] => N
                            [VERSION] => 2
                            [USER_TYPE] => 
                            [USER_TYPE_SETTINGS] => 
                            [HINT] => 
                            [~NAME] => ID ТП из прайса skiboard
                            [~DEFAULT_VALUE] => 
                            [VALUE_ENUM] => 
                            [VALUE_XML_ID] => 
                            [VALUE_SORT] => 
                            [VALUE] => a505c93852f3b5aa30f2
                            [PROPERTY_VALUE_ID] => 27241:216
                            [DESCRIPTION] => 
                            [~VALUE] => a505c93852f3b5aa30f2
                            [~DESCRIPTION] => 
                        )

                )

        )

    [27243] => Array
        (
            [ID] => 27243
            [IBLOCK_ID] => 13
            [ACTIVE] => N
            [NAME] => Очки солнцезащитные O'Neill ZEPOL BLUE (107P) S18 OS ONS-ZEPOL-107P*S18
            [PARENT_ID] => 27242
            [PROPERTIES] => Array
                (
                    [SKIBOARD_EXTERNAL_OFFER_ID] => Array
                        (
                            [ID] => 216
                            [IBLOCK_ID] => 13
                            [NAME] => ID ТП из прайса skiboard
                            [ACTIVE] => Y
                            [SORT] => 500
                            [CODE] => SKIBOARD_EXTERNAL_OFFER_ID
                            [DEFAULT_VALUE] => 
                            [PROPERTY_TYPE] => S
                            [ROW_COUNT] => 1
                            [COL_COUNT] => 30
                            [LIST_TYPE] => L
                            [MULTIPLE] => N
                            [XML_ID] => 
                            [FILE_TYPE] => 
                            [MULTIPLE_CNT] => 5
                            [LINK_IBLOCK_ID] => 0
                            [WITH_DESCRIPTION] => N
                            [SEARCHABLE] => N
                            [FILTRABLE] => N
                            [IS_REQUIRED] => N
                            [VERSION] => 2
                            [USER_TYPE] => 
                            [USER_TYPE_SETTINGS] => 
                            [HINT] => 
                            [~NAME] => ID ТП из прайса skiboard
                            [~DEFAULT_VALUE] => 
                            [VALUE_ENUM] => 
                            [VALUE_XML_ID] => 
                            [VALUE_SORT] => 
                            [VALUE] => 0f2fc74863e0fa56855d
                            [PROPERTY_VALUE_ID] => 27243:216
                            [DESCRIPTION] => 
                            [~VALUE] => 0f2fc74863e0fa56855d
                            [~DESCRIPTION] => 
                        )

                )

        )

    [27245] => Array
        (
            [ID] => 27245
            [IBLOCK_ID] => 13
            [ACTIVE] => N
            [NAME] => Сноуборд Sims KIDWELL RT2 F18 157,5 SM1819TKD
            [PARENT_ID] => 27244
            [PROPERTIES] => Array
                (
                    [SKIBOARD_EXTERNAL_OFFER_ID] => Array
                        (
                            [ID] => 216
                            [IBLOCK_ID] => 13
                            [NAME] => ID ТП из прайса skiboard
                            [ACTIVE] => Y
                            [SORT] => 500
                            [CODE] => SKIBOARD_EXTERNAL_OFFER_ID
                            [DEFAULT_VALUE] => 
                            [PROPERTY_TYPE] => S
                            [ROW_COUNT] => 1
                            [COL_COUNT] => 30
                            [LIST_TYPE] => L
                            [MULTIPLE] => N
                            [XML_ID] => 
                            [FILE_TYPE] => 
                            [MULTIPLE_CNT] => 5
                            [LINK_IBLOCK_ID] => 0
                            [WITH_DESCRIPTION] => N
                            [SEARCHABLE] => N
                            [FILTRABLE] => N
                            [IS_REQUIRED] => N
                            [VERSION] => 2
                            [USER_TYPE] => 
                            [USER_TYPE_SETTINGS] => 
                            [HINT] => 
                            [~NAME] => ID ТП из прайса skiboard
                            [~DEFAULT_VALUE] => 
                            [VALUE_ENUM] => 
                            [VALUE_XML_ID] => 
                            [VALUE_SORT] => 
                            [VALUE] => 7a307d13a4ffff1da440
                            [PROPERTY_VALUE_ID] => 27245:216
                            [DESCRIPTION] => 
                            [~VALUE] => 7a307d13a4ffff1da440
                            [~DESCRIPTION] => 
                        )

                )

        )

    [27246] => Array
        (
            [ID] => 27246
            [IBLOCK_ID] => 13
            [ACTIVE] => N
            [NAME] => Сноуборд Sims KIDWELL RT2 F18 160 SM1819TKD
            [PARENT_ID] => 27244
            [PROPERTIES] => Array
                (
                    [SKIBOARD_EXTERNAL_OFFER_ID] => Array
                        (
                            [ID] => 216
                            [IBLOCK_ID] => 13
                            [NAME] => ID ТП из прайса skiboard
                            [ACTIVE] => Y
                            [SORT] => 500
                            [CODE] => SKIBOARD_EXTERNAL_OFFER_ID
                            [DEFAULT_VALUE] => 
                            [PROPERTY_TYPE] => S
                            [ROW_COUNT] => 1
                            [COL_COUNT] => 30
                            [LIST_TYPE] => L
                            [MULTIPLE] => N
                            [XML_ID] => 
                            [FILE_TYPE] => 
                            [MULTIPLE_CNT] => 5
                            [LINK_IBLOCK_ID] => 0
                            [WITH_DESCRIPTION] => N
                            [SEARCHABLE] => N
                            [FILTRABLE] => N
                            [IS_REQUIRED] => N
                            [VERSION] => 2
                            [USER_TYPE] => 
                            [USER_TYPE_SETTINGS] => 
                            [HINT] => 
                            [~NAME] => ID ТП из прайса skiboard
                            [~DEFAULT_VALUE] => 
                            [VALUE_ENUM] => 
                            [VALUE_XML_ID] => 
                            [VALUE_SORT] => 
                            [VALUE] => a965612c166d78893cb2
                            [PROPERTY_VALUE_ID] => 27246:216
                            [DESCRIPTION] => 
                            [~VALUE] => a965612c166d78893cb2
                            [~DESCRIPTION] => 
                        )

                )

        )

    [27248] => Array
        (
            [ID] => 27248
            [IBLOCK_ID] => 13
            [ACTIVE] => N
            [NAME] => Сноуборд Sims TOM SIMS PRO F18 155 SM1819TSP
            [PARENT_ID] => 27247
            [PROPERTIES] => Array
                (
                    [SKIBOARD_EXTERNAL_OFFER_ID] => Array
                        (
                            [ID] => 216
                            [IBLOCK_ID] => 13
                            [NAME] => ID ТП из прайса skiboard
                            [ACTIVE] => Y
                            [SORT] => 500
                            [CODE] => SKIBOARD_EXTERNAL_OFFER_ID
                            [DEFAULT_VALUE] => 
                            [PROPERTY_TYPE] => S
                            [ROW_COUNT] => 1
                            [COL_COUNT] => 30
                            [LIST_TYPE] => L
                            [MULTIPLE] => N
                            [XML_ID] => 
                            [FILE_TYPE] => 
                            [MULTIPLE_CNT] => 5
                            [LINK_IBLOCK_ID] => 0
                            [WITH_DESCRIPTION] => N
                            [SEARCHABLE] => N
                            [FILTRABLE] => N
                            [IS_REQUIRED] => N
                            [VERSION] => 2
                            [USER_TYPE] => 
                            [USER_TYPE_SETTINGS] => 
                            [HINT] => 
                            [~NAME] => ID ТП из прайса skiboard
                            [~DEFAULT_VALUE] => 
                            [VALUE_ENUM] => 
                            [VALUE_XML_ID] => 
                            [VALUE_SORT] => 
                            [VALUE] => aa8ae30e92747b2fb7cb
                            [PROPERTY_VALUE_ID] => 27248:216
                            [DESCRIPTION] => 
                            [~VALUE] => aa8ae30e92747b2fb7cb
                            [~DESCRIPTION] => 
                        )

                )

        )

    [27249] => Array
        (
            [ID] => 27249
            [IBLOCK_ID] => 13
            [ACTIVE] => N
            [NAME] => Сноуборд Sims TOM SIMS PRO F18 158 SM1819TSP
            [PARENT_ID] => 27247
            [PROPERTIES] => Array
                (
                    [SKIBOARD_EXTERNAL_OFFER_ID] => Array
                        (
                            [ID] => 216
                            [IBLOCK_ID] => 13
                            [NAME] => ID ТП из прайса skiboard
                            [ACTIVE] => Y
                            [SORT] => 500
                            [CODE] => SKIBOARD_EXTERNAL_OFFER_ID
                            [DEFAULT_VALUE] => 
                            [PROPERTY_TYPE] => S
                            [ROW_COUNT] => 1
                            [COL_COUNT] => 30
                            [LIST_TYPE] => L
                            [MULTIPLE] => N
                            [XML_ID] => 
                            [FILE_TYPE] => 
                            [MULTIPLE_CNT] => 5
                            [LINK_IBLOCK_ID] => 0
                            [WITH_DESCRIPTION] => N
                            [SEARCHABLE] => N
                            [FILTRABLE] => N
                            [IS_REQUIRED] => N
                            [VERSION] => 2
                            [USER_TYPE] => 
                            [USER_TYPE_SETTINGS] => 
                            [HINT] => 
                            [~NAME] => ID ТП из прайса skiboard
                            [~DEFAULT_VALUE] => 
                            [VALUE_ENUM] => 
                            [VALUE_XML_ID] => 
                            [VALUE_SORT] => 
                            [VALUE] => a497b72b515b94dfe366
                            [PROPERTY_VALUE_ID] => 27249:216
                            [DESCRIPTION] => 
                            [~VALUE] => a497b72b515b94dfe366
                            [~DESCRIPTION] => 
                        )

                )

        )

    [27250] => Array
        (
            [ID] => 27250
            [IBLOCK_ID] => 13
            [ACTIVE] => N
            [NAME] => Сноуборд Sims TOM SIMS PRO F18 159X SM1819TSP
            [PARENT_ID] => 27247
            [PROPERTIES] => Array
                (
                    [SKIBOARD_EXTERNAL_OFFER_ID] => Array
                        (
                            [ID] => 216
                            [IBLOCK_ID] => 13
                            [NAME] => ID ТП из прайса skiboard
                            [ACTIVE] => Y
                            [SORT] => 500
                            [CODE] => SKIBOARD_EXTERNAL_OFFER_ID
                            [DEFAULT_VALUE] => 
                            [PROPERTY_TYPE] => S
                            [ROW_COUNT] => 1
                            [COL_COUNT] => 30
                            [LIST_TYPE] => L
                            [MULTIPLE] => N
                            [XML_ID] => 
                            [FILE_TYPE] => 
                            [MULTIPLE_CNT] => 5
                            [LINK_IBLOCK_ID] => 0
                            [WITH_DESCRIPTION] => N
                            [SEARCHABLE] => N
                            [FILTRABLE] => N
                            [IS_REQUIRED] => N
                            [VERSION] => 2
                            [USER_TYPE] => 
                            [USER_TYPE_SETTINGS] => 
                            [HINT] => 
                            [~NAME] => ID ТП из прайса skiboard
                            [~DEFAULT_VALUE] => 
                            [VALUE_ENUM] => 
                            [VALUE_XML_ID] => 
                            [VALUE_SORT] => 
                            [VALUE] => 04de255eea8cf6ad17b0
                            [PROPERTY_VALUE_ID] => 27250:216
                            [DESCRIPTION] => 
                            [~VALUE] => 04de255eea8cf6ad17b0
                            [~DESCRIPTION] => 
                        )

                )

        )

    [27251] => Array
        (
            [ID] => 27251
            [IBLOCK_ID] => 13
            [ACTIVE] => N
            [NAME] => Сноуборд Sims TOM SIMS PRO F18 161 SM1819TSP
            [PARENT_ID] => 27247
            [PROPERTIES] => Array
                (
                    [SKIBOARD_EXTERNAL_OFFER_ID] => Array
                        (
                            [ID] => 216
                            [IBLOCK_ID] => 13
                            [NAME] => ID ТП из прайса skiboard
                            [ACTIVE] => Y
                            [SORT] => 500
                            [CODE] => SKIBOARD_EXTERNAL_OFFER_ID
                            [DEFAULT_VALUE] => 
                            [PROPERTY_TYPE] => S
                            [ROW_COUNT] => 1
                            [COL_COUNT] => 30
                            [LIST_TYPE] => L
                            [MULTIPLE] => N
                            [XML_ID] => 
                            [FILE_TYPE] => 
                            [MULTIPLE_CNT] => 5
                            [LINK_IBLOCK_ID] => 0
                            [WITH_DESCRIPTION] => N
                            [SEARCHABLE] => N
                            [FILTRABLE] => N
                            [IS_REQUIRED] => N
                            [VERSION] => 2
                            [USER_TYPE] => 
                            [USER_TYPE_SETTINGS] => 
                            [HINT] => 
                            [~NAME] => ID ТП из прайса skiboard
                            [~DEFAULT_VALUE] => 
                            [VALUE_ENUM] => 
                            [VALUE_XML_ID] => 
                            [VALUE_SORT] => 
                            [VALUE] => d450f00189acbd517471
                            [PROPERTY_VALUE_ID] => 27251:216
                            [DESCRIPTION] => 
                            [~VALUE] => d450f00189acbd517471
                            [~DESCRIPTION] => 
                        )

                )

        )

    [27252] => Array
        (
            [ID] => 27252
            [IBLOCK_ID] => 13
            [ACTIVE] => N
            [NAME] => Сноуборд Sims TOM SIMS PRO F18 162X SM1819TSP
            [PARENT_ID] => 27247
            [PROPERTIES] => Array
                (
                    [SKIBOARD_EXTERNAL_OFFER_ID] => Array
                        (
                            [ID] => 216
                            [IBLOCK_ID] => 13
                            [NAME] => ID ТП из прайса skiboard
                            [ACTIVE] => Y
                            [SORT] => 500
                            [CODE] => SKIBOARD_EXTERNAL_OFFER_ID
                            [DEFAULT_VALUE] => 
                            [PROPERTY_TYPE] => S
                            [ROW_COUNT] => 1
                            [COL_COUNT] => 30
                            [LIST_TYPE] => L
                            [MULTIPLE] => N
                            [XML_ID] => 
                            [FILE_TYPE] => 
                            [MULTIPLE_CNT] => 5
                            [LINK_IBLOCK_ID] => 0
                            [WITH_DESCRIPTION] => N
                            [SEARCHABLE] => N
                            [FILTRABLE] => N
                            [IS_REQUIRED] => N
                            [VERSION] => 2
                            [USER_TYPE] => 
                            [USER_TYPE_SETTINGS] => 
                            [HINT] => 
                            [~NAME] => ID ТП из прайса skiboard
                            [~DEFAULT_VALUE] => 
                            [VALUE_ENUM] => 
                            [VALUE_XML_ID] => 
                            [VALUE_SORT] => 
                            [VALUE] => 19f04d0aaeadb1ad4bb5
                            [PROPERTY_VALUE_ID] => 27252:216
                            [DESCRIPTION] => 
                            [~VALUE] => 19f04d0aaeadb1ad4bb5
                            [~DESCRIPTION] => 
                        )

                )

        )

    [27254] => Array
        (
            [ID] => 27254
            [IBLOCK_ID] => 13
            [ACTIVE] => N
            [NAME] => Сноуборд Sims JUICE F18 156 SM1819JUC
            [PARENT_ID] => 27253
            [PROPERTIES] => Array
                (
                    [SKIBOARD_EXTERNAL_OFFER_ID] => Array
                        (
                            [ID] => 216
                            [IBLOCK_ID] => 13
                            [NAME] => ID ТП из прайса skiboard
                            [ACTIVE] => Y
                            [SORT] => 500
                            [CODE] => SKIBOARD_EXTERNAL_OFFER_ID
                            [DEFAULT_VALUE] => 
                            [PROPERTY_TYPE] => S
                            [ROW_COUNT] => 1
                            [COL_COUNT] => 30
                            [LIST_TYPE] => L
                            [MULTIPLE] => N
                            [XML_ID] => 
                            [FILE_TYPE] => 
                            [MULTIPLE_CNT] => 5
                            [LINK_IBLOCK_ID] => 0
                            [WITH_DESCRIPTION] => N
                            [SEARCHABLE] => N
                            [FILTRABLE] => N
                            [IS_REQUIRED] => N
                            [VERSION] => 2
                            [USER_TYPE] => 
                            [USER_TYPE_SETTINGS] => 
                            [HINT] => 
                            [~NAME] => ID ТП из прайса skiboard
                            [~DEFAULT_VALUE] => 
                            [VALUE_ENUM] => 
                            [VALUE_XML_ID] => 
                            [VALUE_SORT] => 
                            [VALUE] => 4f01df698aaf490a98da
                            [PROPERTY_VALUE_ID] => 27254:216
                            [DESCRIPTION] => 
                            [~VALUE] => 4f01df698aaf490a98da
                            [~DESCRIPTION] => 
                        )

                )

        )

    [27255] => Array
        (
            [ID] => 27255
            [IBLOCK_ID] => 13
            [ACTIVE] => N
            [NAME] => Сноуборд Sims JUICE F18 157X SM1819JUC
            [PARENT_ID] => 27253
            [PROPERTIES] => Array
                (
                    [SKIBOARD_EXTERNAL_OFFER_ID] => Array
                        (
                            [ID] => 216
                            [IBLOCK_ID] => 13
                            [NAME] => ID ТП из прайса skiboard
                            [ACTIVE] => Y
                            [SORT] => 500
                            [CODE] => SKIBOARD_EXTERNAL_OFFER_ID
                            [DEFAULT_VALUE] => 
                            [PROPERTY_TYPE] => S
                            [ROW_COUNT] => 1
                            [COL_COUNT] => 30
                            [LIST_TYPE] => L
                            [MULTIPLE] => N
                            [XML_ID] => 
                            [FILE_TYPE] => 
                            [MULTIPLE_CNT] => 5
                            [LINK_IBLOCK_ID] => 0
                            [WITH_DESCRIPTION] => N
                            [SEARCHABLE] => N
                            [FILTRABLE] => N
                            [IS_REQUIRED] => N
                            [VERSION] => 2
                            [USER_TYPE] => 
                            [USER_TYPE_SETTINGS] => 
                            [HINT] => 
                            [~NAME] => ID ТП из прайса skiboard
                            [~DEFAULT_VALUE] => 
                            [VALUE_ENUM] => 
                            [VALUE_XML_ID] => 
                            [VALUE_SORT] => 
                            [VALUE] => 27edc148f5ec267766b4
                            [PROPERTY_VALUE_ID] => 27255:216
                            [DESCRIPTION] => 
                            [~VALUE] => 27edc148f5ec267766b4
                            [~DESCRIPTION] => 
                        )

                )

        )

    [27256] => Array
        (
            [ID] => 27256
            [IBLOCK_ID] => 13
            [ACTIVE] => N
            [NAME] => Сноуборд Sims JUICE F18 159 SM1819JUC
            [PARENT_ID] => 27253
            [PROPERTIES] => Array
                (
                    [SKIBOARD_EXTERNAL_OFFER_ID] => Array
                        (
                            [ID] => 216
                            [IBLOCK_ID] => 13
                            [NAME] => ID ТП из прайса skiboard
                            [ACTIVE] => Y
                            [SORT] => 500
                            [CODE] => SKIBOARD_EXTERNAL_OFFER_ID
                            [DEFAULT_VALUE] => 
                            [PROPERTY_TYPE] => S
                            [ROW_COUNT] => 1
                            [COL_COUNT] => 30
                            [LIST_TYPE] => L
                            [MULTIPLE] => N
                            [XML_ID] => 
                            [FILE_TYPE] => 
                            [MULTIPLE_CNT] => 5
                            [LINK_IBLOCK_ID] => 0
                            [WITH_DESCRIPTION] => N
                            [SEARCHABLE] => N
                            [FILTRABLE] => N
                            [IS_REQUIRED] => N
                            [VERSION] => 2
                            [USER_TYPE] => 
                            [USER_TYPE_SETTINGS] => 
                            [HINT] => 
                            [~NAME] => ID ТП из прайса skiboard
                            [~DEFAULT_VALUE] => 
                            [VALUE_ENUM] => 
                            [VALUE_XML_ID] => 
                            [VALUE_SORT] => 
                            [VALUE] => 60b0591fd83c4ba493b8
                            [PROPERTY_VALUE_ID] => 27256:216
                            [DESCRIPTION] => 
                            [~VALUE] => 60b0591fd83c4ba493b8
                            [~DESCRIPTION] => 
                        )

                )

        )

    [27257] => Array
        (
            [ID] => 27257
            [IBLOCK_ID] => 13
            [ACTIVE] => N
            [NAME] => Сноуборд Sims JUICE F18 160X SM1819JUC
            [PARENT_ID] => 27253
            [PROPERTIES] => Array
                (
                    [SKIBOARD_EXTERNAL_OFFER_ID] => Array
                        (
                            [ID] => 216
                            [IBLOCK_ID] => 13
                            [NAME] => ID ТП из прайса skiboard
                            [ACTIVE] => Y
                            [SORT] => 500
                            [CODE] => SKIBOARD_EXTERNAL_OFFER_ID
                            [DEFAULT_VALUE] => 
                            [PROPERTY_TYPE] => S
                            [ROW_COUNT] => 1
                            [COL_COUNT] => 30
                            [LIST_TYPE] => L
                            [MULTIPLE] => N
                            [XML_ID] => 
                            [FILE_TYPE] => 
                            [MULTIPLE_CNT] => 5
                            [LINK_IBLOCK_ID] => 0
                            [WITH_DESCRIPTION] => N
                            [SEARCHABLE] => N
                            [FILTRABLE] => N
                            [IS_REQUIRED] => N
                            [VERSION] => 2
                            [USER_TYPE] => 
                            [USER_TYPE_SETTINGS] => 
                            [HINT] => 
                            [~NAME] => ID ТП из прайса skiboard
                            [~DEFAULT_VALUE] => 
                            [VALUE_ENUM] => 
                            [VALUE_XML_ID] => 
                            [VALUE_SORT] => 
                            [VALUE] => 324ef6da0b9a26ae8c3b
                            [PROPERTY_VALUE_ID] => 27257:216
                            [DESCRIPTION] => 
                            [~VALUE] => 324ef6da0b9a26ae8c3b
                            [~DESCRIPTION] => 
                        )

                )

        )

    [27259] => Array
        (
            [ID] => 27259
            [IBLOCK_ID] => 13
            [ACTIVE] => N
            [NAME] => Сноуборд Sims DEALERS CHOICE F18 154 SM1819DRC
            [PARENT_ID] => 27258
            [PROPERTIES] => Array
                (
                    [SKIBOARD_EXTERNAL_OFFER_ID] => Array
                        (
                            [ID] => 216
                            [IBLOCK_ID] => 13
                            [NAME] => ID ТП из прайса skiboard
                            [ACTIVE] => Y
                            [SORT] => 500
                            [CODE] => SKIBOARD_EXTERNAL_OFFER_ID
                            [DEFAULT_VALUE] => 
                            [PROPERTY_TYPE] => S
                            [ROW_COUNT] => 1
                            [COL_COUNT] => 30
                            [LIST_TYPE] => L
                            [MULTIPLE] => N
                            [XML_ID] => 
                            [FILE_TYPE] => 
                            [MULTIPLE_CNT] => 5
                            [LINK_IBLOCK_ID] => 0
                            [WITH_DESCRIPTION] => N
                            [SEARCHABLE] => N
                            [FILTRABLE] => N
                            [IS_REQUIRED] => N
                            [VERSION] => 2
                            [USER_TYPE] => 
                            [USER_TYPE_SETTINGS] => 
                            [HINT] => 
                            [~NAME] => ID ТП из прайса skiboard
                            [~DEFAULT_VALUE] => 
                            [VALUE_ENUM] => 
                            [VALUE_XML_ID] => 
                            [VALUE_SORT] => 
                            [VALUE] => ec52c6778609bef68717
                            [PROPERTY_VALUE_ID] => 27259:216
                            [DESCRIPTION] => 
                            [~VALUE] => ec52c6778609bef68717
                            [~DESCRIPTION] => 
                        )

                )

        )

    [27260] => Array
        (
            [ID] => 27260
            [IBLOCK_ID] => 13
            [ACTIVE] => N
            [NAME] => Сноуборд Sims DEALERS CHOICE F18 157 SM1819DRC
            [PARENT_ID] => 27258
            [PROPERTIES] => Array
                (
                    [SKIBOARD_EXTERNAL_OFFER_ID] => Array
                        (
                            [ID] => 216
                            [IBLOCK_ID] => 13
                            [NAME] => ID ТП из прайса skiboard
                            [ACTIVE] => Y
                            [SORT] => 500
                            [CODE] => SKIBOARD_EXTERNAL_OFFER_ID
                            [DEFAULT_VALUE] => 
                            [PROPERTY_TYPE] => S
                            [ROW_COUNT] => 1
                            [COL_COUNT] => 30
                            [LIST_TYPE] => L
                            [MULTIPLE] => N
                            [XML_ID] => 
                            [FILE_TYPE] => 
                            [MULTIPLE_CNT] => 5
                            [LINK_IBLOCK_ID] => 0
                            [WITH_DESCRIPTION] => N
                            [SEARCHABLE] => N
                            [FILTRABLE] => N
                            [IS_REQUIRED] => N
                            [VERSION] => 2
                            [USER_TYPE] => 
                            [USER_TYPE_SETTINGS] => 
                            [HINT] => 
                            [~NAME] => ID ТП из прайса skiboard
                            [~DEFAULT_VALUE] => 
                            [VALUE_ENUM] => 
                            [VALUE_XML_ID] => 
                            [VALUE_SORT] => 
                            [VALUE] => 3fd48809eeb685e20d60
                            [PROPERTY_VALUE_ID] => 27260:216
                            [DESCRIPTION] => 
                            [~VALUE] => 3fd48809eeb685e20d60
                            [~DESCRIPTION] => 
                        )

                )

        )

    [27262] => Array
        (
            [ID] => 27262
            [IBLOCK_ID] => 13
            [ACTIVE] => N
            [NAME] => Сноуборд Sims SOFUN F18 145 SM1819SFN
            [PARENT_ID] => 27261
            [PROPERTIES] => Array
                (
                    [SKIBOARD_EXTERNAL_OFFER_ID] => Array
                        (
                            [ID] => 216
                            [IBLOCK_ID] => 13
                            [NAME] => ID ТП из прайса skiboard
                            [ACTIVE] => Y
                            [SORT] => 500
                            [CODE] => SKIBOARD_EXTERNAL_OFFER_ID
                            [DEFAULT_VALUE] => 
                            [PROPERTY_TYPE] => S
                            [ROW_COUNT] => 1
                            [COL_COUNT] => 30
                            [LIST_TYPE] => L
                            [MULTIPLE] => N
                            [XML_ID] => 
                            [FILE_TYPE] => 
                            [MULTIPLE_CNT] => 5
                            [LINK_IBLOCK_ID] => 0
                            [WITH_DESCRIPTION] => N
                            [SEARCHABLE] => N
                            [FILTRABLE] => N
                            [IS_REQUIRED] => N
                            [VERSION] => 2
                            [USER_TYPE] => 
                            [USER_TYPE_SETTINGS] => 
                            [HINT] => 
                            [~NAME] => ID ТП из прайса skiboard
                            [~DEFAULT_VALUE] => 
                            [VALUE_ENUM] => 
                            [VALUE_XML_ID] => 
                            [VALUE_SORT] => 
                            [VALUE] => 6c543612c9fdde166366
                            [PROPERTY_VALUE_ID] => 27262:216
                            [DESCRIPTION] => 
                            [~VALUE] => 6c543612c9fdde166366
                            [~DESCRIPTION] => 
                        )

                )

        )

    [27263] => Array
        (
            [ID] => 27263
            [IBLOCK_ID] => 13
            [ACTIVE] => N
            [NAME] => Сноуборд Sims SOFUN F18 148 SM1819SFN
            [PARENT_ID] => 27261
            [PROPERTIES] => Array
                (
                    [SKIBOARD_EXTERNAL_OFFER_ID] => Array
                        (
                            [ID] => 216
                            [IBLOCK_ID] => 13
                            [NAME] => ID ТП из прайса skiboard
                            [ACTIVE] => Y
                            [SORT] => 500
                            [CODE] => SKIBOARD_EXTERNAL_OFFER_ID
                            [DEFAULT_VALUE] => 
                            [PROPERTY_TYPE] => S
                            [ROW_COUNT] => 1
                            [COL_COUNT] => 30
                            [LIST_TYPE] => L
                            [MULTIPLE] => N
                            [XML_ID] => 
                            [FILE_TYPE] => 
                            [MULTIPLE_CNT] => 5
                            [LINK_IBLOCK_ID] => 0
                            [WITH_DESCRIPTION] => N
                            [SEARCHABLE] => N
                            [FILTRABLE] => N
                            [IS_REQUIRED] => N
                            [VERSION] => 2
                            [USER_TYPE] => 
                            [USER_TYPE_SETTINGS] => 
                            [HINT] => 
                            [~NAME] => ID ТП из прайса skiboard
                            [~DEFAULT_VALUE] => 
                            [VALUE_ENUM] => 
                            [VALUE_XML_ID] => 
                            [VALUE_SORT] => 
                            [VALUE] => 9ef1f67e0d988a4042b3
                            [PROPERTY_VALUE_ID] => 27263:216
                            [DESCRIPTION] => 
                            [~VALUE] => 9ef1f67e0d988a4042b3
                            [~DESCRIPTION] => 
                        )

                )

        )

)
