
Разбираем каталог от 2019-05-13 06:01
Уникальный ключ 39 будет присвоен товару Неопреновая женская пляжная сумочка Mormaii (маленькая)
Уникальный ключ 40 будет присвоен товару Неопреновый термо-чехол на бутылку с горлышком Mormaii
Уникальный ключ 41 будет присвоен товару Сумочка для CD/DVD -дисков Mormaii
Уникальный ключ 43 будет присвоен товару Неопреновая женская пляжная сумочка Mormaii (средняя)
Уникальный ключ 45 будет присвоен товару Сумка на пояс Mormaii
Уникальный ключ 47 будет присвоен товару Неопреновый мини-несессер Mormaii
Уникальный ключ 48 будет присвоен товару Неопреновая женская пляжная сумочка Mormaii (большая)
Уникальный ключ 49 будет присвоен товару Неопреновый чехольчик Mormaii
Уникальный ключ 58 будет присвоен товару Неопреновый термо-чехол на банку Mormaii
Уникальный ключ 60 будет присвоен товару Неопреновая резинка-фенечка Mormaii
Уникальный ключ 127 будет присвоен товару ЗАПЧАСТИ И РЕМКОМПЛЕКТЫ ДЛЯ ВИНДСЕРФИНГА
Уникальный ключ 128 будет присвоен товару Стартшкот NAUTIX
Уникальный ключ 129 будет присвоен товару Защита шарнира NAUTIX
Уникальный ключ 130 будет присвоен товару Защита гика NAUTIX
Уникальный ключ 133 будет присвоен товару Ремни на багажник NAUTIX 5м w=35мм
Уникальный ключ 134 будет присвоен товару Накладки на багажник NAUTIX
Уникальный ключ 136 будет присвоен товару Набивалка для паруса NAUTIX
Уникальный ключ 137 будет присвоен товару Шкот Nautix Dynemix Rope 4.4 mm
Уникальный ключ 140 будет присвоен товару Шарнир Nautix Fixed Tendon Mastbase Axle
Уникальный ключ 141 будет присвоен товару Шарнир NAUTIX механический
Уникальный ключ 143 будет присвоен товару Шарнир Nautix Joint Mastbase-Axle
Уникальный ключ 155 будет присвоен товару Сноубордическая шапочка MEATFLY  “Marshal”
Уникальный ключ 156 будет присвоен товару Сноубордическая шапочка MEATFLY  “Operator”
Уникальный ключ 272 будет присвоен товару Шапочка  “ПОЛЯРНЫЙ ВОЛК” с ушками детская
Уникальный ключ 275 будет присвоен товару Меховая шапочка “ШАРМ”
Уникальный ключ 275 будет присвоен товару Меховая шапочка  “ШАРМ”
Уникальный ключ 276 будет присвоен товару Меховая шапочка  “ЛЮКС”
Уникальный ключ 276 будет присвоен товару Меховая шапочка  “ЛЮКС”
Уникальный ключ 278 будет присвоен товару “СКАНДИНАВСКАЯ РЫСЬ” с ушками
Уникальный ключ 279 будет присвоен товару Шапочка “СНЕЖНЫЙ БАРС” с ушками
Уникальный ключ 280 будет присвоен товару Меховая шапочка  “ЛЮКС”
Уникальный ключ 280 будет присвоен товару Меховая шапочка  “ЛЮКС”
Уникальный ключ 281 будет присвоен товару Меховая шапочка “ШАРМ”
Уникальный ключ 281 будет присвоен товару Меховая шапочка  “ШАРМ”
Уникальный ключ 282 будет присвоен товару Меховая шапочка  “ШИК”
Уникальный ключ 283 будет присвоен товару Шапочка “ПОЛЯРНЫЙ ВОЛК” с ушками мужская
Уникальный ключ 284 будет присвоен товару “СКАНДИНАВСКАЯ РЫСЬ” мужская
Уникальный ключ 364 будет присвоен товару Стакан для виндсерфинга NAUTIX
Уникальный ключ 816 будет присвоен товару Пластина-база NAUTIX со сьемным шарниром
Уникальный ключ 923 будет присвоен товару Шапочка “АРКТИЧЕСКАЯ ЛИСА” с ушками
Уникальный ключ 924 будет присвоен товару “СКАНДИНАВСКАЯ РЫСЬ-2” с ушками
Уникальный ключ 975 будет присвоен товару “СКАНДИНАВСКАЯ РЫСЬ-2” с ушками детская
Уникальный ключ 1740 будет присвоен товару Горнолыжные шапочка 8848 ALTITUDE  “Dayton Fleece”
Уникальный ключ 1744 будет присвоен товару Горнолыжная шапочка 8848 “DOWNTOWN”
Уникальный ключ 1821 будет присвоен товару Шапочка  8848 ALTITUDE “SMITH” Арт:1867
Уникальный ключ 1824 будет присвоен товару Шапочка 8848 ALTITUDE “MAIN” Арт:1864
Уникальный ключ 1847 будет присвоен товару Шапочка 8848 ALTITUDE “BRAID” Арт:1847
Уникальный ключ 1869 будет присвоен товару Шапочка 8848 ALTITUDE “FAKE FUR” Арт:1874
Уникальный ключ 3685 будет присвоен товару Шапочка 8848 ALTITUDE “RIDER” Арт: 1900
Уникальный ключ 5537 будет присвоен товару Мачта Point-7 SDM C-60  (60% карбона)
Уникальный ключ 5538 будет присвоен товару Мачта Point-7 SDM C-80 (80% карбона)
Уникальный ключ 5554 будет присвоен товару Удлинитель NAUTIX SDM
Уникальный ключ 5582 будет присвоен товару Мачта Point-7 RDM C-80 (80% карбона)
Уникальный ключ 5590 будет присвоен товару Мачта Point-7 RDM C-60 (60% карбона)
Уникальный ключ 5628 будет присвоен товару Мачта Point-7 SDM C-100 (100% содержание карбона)
Уникальный ключ 6138 будет присвоен товару Трапеционные шкотики NAUTIX (Vario) регулируемые
Уникальный ключ 6799 будет присвоен товару Подростковая шапочка “АСГАРД”
Уникальный ключ 7430 будет присвоен товару ALPINE SKI MERINO
Уникальный ключ 7811 будет присвоен товару Чехол для ноутбука MORMAII
Уникальный ключ 7870 будет присвоен товару Неопреновые перчатки MORMAII длинные пальцы 3 мм.
Уникальный ключ 7876 будет присвоен товару Неопреновые перчатки  MORMAII короткие пальцы 2 мм
Уникальный ключ 7912 будет присвоен товару Трапеция для виндсерфинга Point-7 «Seat Slalom»
Уникальный ключ 8036 будет присвоен товару Горнолыжные варежки 8848 “SOFTSHELL Mitten”
Уникальный ключ 8069 будет присвоен товару Термоноски женские 8848 ALTITUDE “SHINA WOOL”
Уникальный ключ 8101 будет присвоен товару Воротник ALMRAUSH искусств. мех «KUNSTPELZ»
Уникальный ключ 8102 будет присвоен товару Воротник ALMRAUSH натур. мех «ECHTPELZ»
Уникальный ключ 8129 будет присвоен товару Горнолыжные перчатки HYRA  “GLOVES MAN LEATHER”
Уникальный ключ 8134 будет присвоен товару Горнолыжные перчатки HYRA  “GLOVES MAN SOFTSHELL/LEATHER”
Уникальный ключ 8140 будет присвоен товару Горнолыжные перчатки HYRA  “GLOVES LADY SOFTSHELL/LEATHER”
Уникальный ключ 9135 будет присвоен товару Брюки  8848 Altitude «DON»
Уникальный ключ 9254 будет присвоен товару Женские сноубордические брюки MEATFLY «MERCURY»
Уникальный ключ 9531 будет присвоен товару Горнолыжные перчатки 8848 ALTITUDE  “BLAISE”
Уникальный ключ 9935 будет присвоен товару Толстовка из полиестра  8848 ALTITUDE “Mei”
Уникальный ключ 9939 будет присвоен товару Детские брюки  8848 Altitude «TOMBER»
Уникальный ключ 10158 будет присвоен товару Горнолыжные брюки 8848 Altitude  “BRAVA”
Уникальный ключ 10183 будет присвоен товару Горнолыжные брюки 8848 Altitude “Atuna”
Уникальный ключ 10222 будет присвоен товару Брюки  8848 Altitude «EMMAS» (Сноуборд style)
Уникальный ключ 10294 будет присвоен товару Термобелье (куртка) HYRA
Уникальный ключ 10454 будет присвоен товару Термобелье (брюки) HYRA
Уникальный ключ 10587 будет присвоен товару Горнолыжные брюки  8848 Altitude «DENISE SOFTSHELL»
Уникальный ключ 10593 будет присвоен товару Толстовка 8848 ALTITUDE «ABI»
Уникальный ключ 10722 будет присвоен товару Горнолыжные брюки HYRA. Арт.HLP 5393
Уникальный ключ 10921 будет присвоен товару Куртка ALMRAUSCH «LUZERN»
Уникальный ключ 10927 будет присвоен товару Куртка ALMRAUSH «LAAS»
Уникальный ключ 10943 будет присвоен товару Куртка ALMRAUSCH «STAMS»
Уникальный ключ 10961 будет присвоен товару Куртка ALMRAUSH «SEISER»
Уникальный ключ 11557 будет присвоен товару Городская демисезонная куртка 8848 Altitude «SARON» Арт. 6762
Уникальный ключ 11832 будет присвоен товару Толстовка из полиестера 8848 ALTITUDE «ROBIN» Арт: 8585
Уникальный ключ 11973 будет присвоен товару Спортивный костюм  8848 ALTITUDE “AUSTIN + CLINTON” Арт. 7855/7929
Уникальный ключ 15184 будет присвоен товару Толстовка 8848 ALTITUDE «FLOXIE» Арт:8604
Уникальный ключ 15201 будет присвоен товару Термоноски женские 8848 ALTITUDE “NINSCH” Арт:1860
Уникальный ключ 15205 будет присвоен товару Термоноски детские 8848 ALTITUDE “ZON JR” Арт:1862
Уникальный ключ 15366 будет присвоен товару Толстовка женская  «PAYERBACH»
Уникальный ключ 17470 будет присвоен товару ЖИЛЕТ SOÖRUZ  «OPEN» FRONT ZIP
Уникальный ключ 17470 будет присвоен товару ЖИЛЕТ SOÖRUZ «OPEN» (FRONT ZIP)
Уникальный ключ 17470 будет присвоен товару ЖИЛЕТ SOÖRUZ  «OPEN» FRONT ZIP
Уникальный ключ 18185 будет присвоен товару Зимняя куртка-парка 8848 Altitude “MOUNTAIN”
Уникальный ключ 18363 будет присвоен товару Детские брюки 8848 Altitude «TRACK-2»
Уникальный ключ 18375 будет присвоен товару Детские брюки 8848 Altitude «WARM UP»
Уникальный ключ 18485 будет присвоен товару Сноуборд. куртка LIGHT BOARD «RAMBLER»
Уникальный ключ 18508 будет присвоен товару Сноуборд. брюки LIGHT BOARD «CERN»
Уникальный ключ 18545 будет присвоен товару Сноуборд. брюки LIGHT BOARD «SWING»
Уникальный ключ 18555 будет присвоен товару Сноуборд. брюки LIGHT BOARD «CAT»
Уникальный ключ 18560 будет присвоен товару Сноуборд. куртка LIGHT BOARD «CRUSADER»
Уникальный ключ 18570 будет присвоен товару Сноуборд. куртка LIGHT BOARD «BEBOP»
Уникальный ключ 18575 будет присвоен товару Сноуборд. куртка LIGHT BOARD «BLOOM»
Уникальный ключ 18580 будет присвоен товару Сноуборд. куртка LIGHT BOARD «LUNA»
Уникальный ключ 19597 будет присвоен товару Горнолыжные брюки  8848 Altitude «POPPY» red
Уникальный ключ 20510 будет присвоен товару Костюм 8848 Altitude «MOLLY»+ «ESTER»
Уникальный ключ 20859 будет присвоен товару ЖИЛЕТ SOÖRUZ  «OPEN» FRONT ZIP
Уникальный ключ 20859 будет присвоен товару ЖИЛЕТ SOÖRUZ «OPEN» (FRONT ZIP)
Уникальный ключ 20859 будет присвоен товару ЖИЛЕТ SOÖRUZ  «OPEN» FRONT ZIP
Уникальный ключ 20870 будет присвоен товару ЖИЛЕТ SOÖRUZ GIRL «DELUХ» (FRONT ZIP)
Уникальный ключ 20876 будет присвоен товару СПАСАТЕЛЬНЫЙ ЖИЛЕТ SOÖRUZ «FIGHT» (FRONT ZIP)
Уникальный ключ 21358 будет присвоен товару Толстовка 8848 ALTITUDE «BETTY» Арт: 6136
Уникальный ключ 21384 будет присвоен товару Термобелье 8848 ALTITUDE «JAQUIE» куртка Арт: 6138
Уникальный ключ 21391 будет присвоен товару Термобелье 8848 ALTITUDE «DOBBIE 3/4» брюки Арт: 6137
Уникальный ключ 21641 будет присвоен товару Толстовка 8848 ALTITUDE «TURBO» Арт: 8728
Уникальный ключ 21774 будет присвоен товару Куртка-парка Alpine Crown «VAN HELSING»
Уникальный ключ 21814 будет присвоен товару Зимняя утепленная куртка Alpine Crown «SOLO»
Уникальный ключ 21827 будет присвоен товару Зимняя куртка-парка Alpine Crown «ALISE»
Уникальный ключ 21834 будет присвоен товару Куртка-парка Alpine Crown «SAMANTHA»
Уникальный ключ 21859 будет присвоен товару Толстовка из флиса Alpine Crown «CONAN»
Уникальный ключ 21865 будет присвоен товару Толстовка из флиса Alpine Crown «JASON»
Уникальный ключ 21871 будет присвоен товару Толстовка из флиса Alpine Crown «SANTA MONICA»
Уникальный ключ 21877 будет присвоен товару Толстовка из флиса Alpine Crown «KATHERINE»
Уникальный ключ 22024 будет присвоен товару Брюки ALMGWAND «HEIMKOFEL»
Уникальный ключ 22034 будет присвоен товару Брюки ALMGWAND «STEINPISTE»
Уникальный ключ 22068 будет присвоен товару Куртка ALMGWAND «GEHERENKOPF»
Уникальный ключ 22087 будет присвоен товару Куртка ALMGWAND «BLOCKSPITZE»
Уникальный ключ 22101 будет присвоен товару Куртка ALMGWAND «GOLDKAR»
Уникальный ключ 23437 будет присвоен товару ЖИЛЕТ SOÖRUZ «VAMP» (FRONT ZIP)
Уникальный ключ 23555 будет присвоен товару ЖИЛЕТ SOÖRUZ  «OPEN» FRONT ZIP
Уникальный ключ 23555 будет присвоен товару ЖИЛЕТ SOÖRUZ «OPEN» (FRONT ZIP)
Уникальный ключ 23555 будет присвоен товару ЖИЛЕТ SOÖRUZ  «OPEN» FRONT ZIP
Уникальный ключ 23564 будет присвоен товару ЖИЛЕТ SOÖRUZ «VAMP» (FRONT ZIP)
Уникальный ключ 23600 будет присвоен товару ФЛИСОВОЕ ПОНЧО SOORUZ «STICK»
Уникальный ключ 24164 будет присвоен товару Гидрокостюм  длинный  Mormaii  «TYPHOON» 4/3 мм
Уникальный ключ 24174 будет присвоен товару Гидрокостюм длинный Mormaii  «MAVERICK» 4/3 мм
Уникальный ключ 24176 будет присвоен товару Гидрокостюм  длинный  Mormaii  «KOMBAT» 4/3 мм
Уникальный ключ 24225 будет присвоен товару Гидрокостюм MORMAII – «Zipless» 3мм
Уникальный ключ 24238 будет присвоен товару Гидрокостюм  длинный  Mormaii  «FLEXXA» 2/2 мм
Уникальный ключ 24275 будет присвоен товару Гидрокостюм  длинный с короткими рукавами Mormaii  «TYPHOON» 2/2 мм
Уникальный ключ 24278 будет присвоен товару Неопреновая поддевка 1-ый слой MORMAII «FIRST SKIN» - 1 мм
Уникальный ключ 24365 будет присвоен товару Неопреновый жилет-рубашка  MORMAII JET SKI - Stream Line
Уникальный ключ 24532 будет присвоен товару Бордшорты женские Mormaii арт. MF201725
Уникальный ключ 24592 будет присвоен товару Футболка женская арт.3939201
Уникальный ключ 24593 будет присвоен товару Футболка женская арт.3939188
Уникальный ключ 24603 будет присвоен товару Лайкра женская MORMAII LISA
Уникальный ключ 24681 будет присвоен товару Бордшорты Mormaii 17006
Уникальный ключ 24694 будет присвоен товару Бордшорты Mormaii арт. 17019
Уникальный ключ 24706 будет присвоен товару Бордшорты Mormaii арт. 170172
Уникальный ключ 24714 будет присвоен товару Бордшорты Mormaii арт. 170181
Уникальный ключ 24720 будет присвоен товару Бордшорты Mormaii арт. 170171
Уникальный ключ 24726 будет присвоен товару Бордшорты Mormaii арт. 170164
Уникальный ключ 24738 будет присвоен товару Бордшорты Mormaii арт. 170167
Уникальный ключ 24753 будет присвоен товару Бордшорты Mormaii арт. 170156
Уникальный ключ 24760 будет присвоен товару Бордшорты Mormaii арт. 170155
Уникальный ключ 24766 будет присвоен товару Лайкровая рубашка MORMAII «VULCANUS» с длинным рукавом
Уникальный ключ 24860 будет присвоен товару Неопреновый чехол Mormaii для защиты маски
Уникальный ключ 24886 будет присвоен товару Неопреновые шорты детские  Mormaii 1.5 мм
Уникальный ключ 24921 будет присвоен товару Гидрокостюм для дайвинга муж. Mormaii «ATLANTIS G2» 1352
Уникальный ключ 24931 будет присвоен товару Гидрокостюм для дайвинга жен. Mormaii «ATLANTIS G2» 1352
Уникальный ключ 25114 будет присвоен товару Гидрокостюм  длинный  Mormaii  «FLEXXA» 3/2 мм
Уникальный ключ 25134 будет присвоен товару Гидрокостюм для триатлона Mormaii «TRIATLON» 3/2 мм
Уникальный ключ 25164 будет присвоен товару Майка для триатлона лайкровая Mormaii  «REGATA ATHLON»
Уникальный ключ 25289 будет присвоен товару Гидрокостюм  для триатлона без рук  Mormaii  «TRIATLHON» 3/2 мм
Уникальный ключ 25340 будет присвоен товару Лайкровая рубашка MORMAII «VULCANUS» с коротким рукавом
Уникальный ключ 25365 будет присвоен товару Лайкровая рубашка MORMAII «DIVA» с длинным  рукавом
Уникальный ключ 25376 будет присвоен товару S508FC Лайкровая рубашка MORMAII длинный рукав
Уникальный ключ 25386 будет присвоен товару S508BC Лайкра MORMAII детская голубая кор. рукав
Уникальный ключ 25622 будет присвоен товару Лайкровая рубашка MORMAII «DIVA» арт. S508DVP1
Уникальный ключ 25731 будет присвоен товару Гидрокостюм  муж. SOÖRUZ  «FLY» 5/3 мм
Уникальный ключ 25747 будет присвоен товару Гидрокостюм детск. SOÖRUZ  «FLY» 3/2 мм
Уникальный ключ 25747 будет присвоен товару Гидрокостюм детск. SOÖRUZ «FLY» 3/2 мм
Уникальный ключ 26352 будет присвоен товару Гидрокостюм женск. короткий SOÖRUZ  «DIVINE» 2/2 мм
Уникальный ключ 26352 будет присвоен товару ГИДРОКОСТЮМ ЖЕНСК. КОРОТКИЙ SOÖRUZ «DIVINE» 2/2 мм
Уникальный ключ 26365 будет присвоен товару Гидрокостюм детск. SOÖRUZ  «FLY» 3/2 мм
Уникальный ключ 26365 будет присвоен товару Гидрокостюм детск. SOÖRUZ «FLY» 3/2 мм
Уникальный ключ 26372 будет присвоен товару Гидрокостюм детск. SOÖRUZ «FLY» 2/2 мм
Уникальный ключ 26424 будет присвоен товару ЛАЙКРОВАЯ РУБАШКА SOORUZ «MASTER»
Уникальный ключ 26441 будет присвоен товару БОРДШОРТЫ  МУЖСК.  SOORUZ «TINE»
Уникальный ключ 26448 будет присвоен товару БОРДШОРТЫ  МУЖСК.  SOORUZ «BUDDY»
Уникальный ключ 26455 будет присвоен товару БОРДШОРТЫ  МУЖСК.  SOORUZ «COMBO»
Уникальный ключ 26461 будет присвоен товару БОРДШОРТЫ  МУЖСК.  SOORUZ «CAMOPIX»
Уникальный ключ 26467 будет присвоен товару БОРДШОРТЫ  МУЖСК.  SOORUZ «PAINT»
Уникальный ключ 26473 будет присвоен товару БОРДШОРТЫ  МУЖСК.  SOORUZ «VHS»
Уникальный ключ 28525 будет присвоен товару ГИДРОКОСТЮМ МУЖ. SOORUZ «LONG JOHN SUP FIGHTER» 2/2 мм
Уникальный ключ 28530 будет присвоен товару ГИДРОКОСТЮМ МУЖ. SOORUZ «FIGHTER» 5/4/3 мм
Уникальный ключ 28545 будет присвоен товару ГИДРОКОСТЮМ ЖЕНСК. КОРОТКИЙ SOORUZ «ABYSS» 2/2 мм С ДЛИННЫМИ РУКАМИ
Уникальный ключ 28564 будет присвоен товару ЛАЙКРОВАЯ РУБАШКА SOORUZ «ACTIVE»
Уникальный ключ 28592 будет присвоен товару НЕОПРЕНОВАЯ КУРТКА ЖЕНСК. SOORUZ «DIVINE ZIP»  2 ММ
Уникальный ключ 31431 будет присвоен товару Горнолыжный комбинезон 8848 Altitude «STRIKE SKI SUIT»
Уникальный ключ 31431 будет присвоен товару Горнолыжный комбинезон 8848 Altitude «STRIKE SKI SUIT»
Уникальный ключ 31431 будет присвоен товару Горнолыжный комбинезон 8848 Altitude «STRIKE SKI SUIT»
Уникальный ключ 173 будет присвоен товару Народный комплект горнолыжной одежды
Уникальный ключ 273 будет присвоен товару “СКАНДИНАВСКАЯ РЫСЬ” с ушками детская
Уникальный ключ 274 будет присвоен товару Шапочка  “СНЕЖНЫЙ БАРС” с ушками детская
Уникальный ключ 277 будет присвоен товару Шапочка “ПОЛЯРНЫЙ ВОЛК” с ушками
Уникальный ключ 1726 будет присвоен товару Горнолыжная шапочка 8848 ALTITUDE “PEARL”
Уникальный ключ 1729 будет присвоен товару Горнолыжные шапочка   8848 ALTITUDE  “Cleavon”
Уникальный ключ 1733 будет присвоен товару Горнолыжная шапочка 8848 ALTITUDE “TOR”
Уникальный ключ 1750 будет присвоен товару Горнолыжные шапочка   8848 ALTITUDE  “Freemont”
Уникальный ключ 1760 будет присвоен товару Детская шапочка   8848 ALTITUDE  “CAMP”
Уникальный ключ 3682 будет присвоен товару Шапочка 8848 ALTITUDE “ALTA BEANIE” Арт: 1895
Уникальный ключ 4615 будет присвоен товару Доска для виндсерфинга AHD Free Race
Уникальный ключ 4624 будет присвоен товару Виндсерфинг на подводном крыле AHD AIRFOIL AFS-1
Уникальный ключ 4625 будет присвоен товару Доска для виндсерфинга AHD TACTIK
Уникальный ключ 4700 будет присвоен товару Алюминиевое 3-х секционное весло для SUP досок.
Уникальный ключ 4735 будет присвоен товару Надувная SUP-доска GS SPORT «FLAME» 10’6″
Уникальный ключ 4736 будет присвоен товару Надувная SUP-доска GS SPORT «H2O» 10’6″
Уникальный ключ 4737 будет присвоен товару Надувная SUP-доска GS SPORT «RAZOR» 10’8″
Уникальный ключ 4770 будет присвоен товару Комплект из 2-х  детских парусов NAUTIX 2,5 м и 3,5 м.
Уникальный ключ 4771 будет присвоен товару Комплект учебный дакроновый (парус, мачта, гик) для школ и начинающих NAUTIX
Уникальный ключ 4779 будет присвоен товару «Народный комплект»: Доска ZEN  + парус NAUTIX
Уникальный ключ 4882 будет присвоен товару Парус для виндсерфинга Point-7 AC-F
Уникальный ключ 4888 будет присвоен товару «Фрирайд комплект»: Доска AHD «FF»  + парус POINT-7 «HF-2G»
Уникальный ключ 4892 будет присвоен товару Парус для виндсерфинга Point-7 AC-F 2018
Уникальный ключ 5514 будет присвоен товару Трапеционные шкотики NAUTIX (fixed)
