Array
(
    [0] => 35010.060516
    [1] => 81930
    [2] => 107926
    [3] => 73080
    [4] => 73030
    [5] => 73085
    [6] => 14380020
    [7] => 107916
    [8] => 107908
    [9] => 117902
    [10] => 107910
    [11] => Sure Fit Valve Clip - US
    [12] => 113805
    [13] => крюкSS
    [14] => 13400
    [15] => 14383013
    [16] => 14383009
    [17] => 14383010
    [18] => 14383005
    [19] => 14345027
    [20] => 14345020
    [21] => 14383001
    [22] => 14383003
    [23] => 1353--
    [24] => 143510--
    [26] => 143500--
    [28] => 14380015
    [29] => 1152--
    [31] => 15100--
    [32] => UStick Fix kit-11mm-parts
    [33] => UStick Fix kit-nip valve
    [34] => 15227---
    [36] => 13119
    [39] => 9167/red
    [40] => 9135/black
    [44] => 9135/red
    [46] => 9135/lime
    [49] => 13115
    [51] => 13114
    [52] => 13113
    [55] => 9167W
    [57] => 12100/red
    [59] => 13211W
    [61] => 14183
    [64] => 14105
    [66] => 14166
    [67] => 14156
    [71] => 1615
    [74] => 14130
    [75] => 12187
    [78] => 12169
    [79] => 13220
    [81] => 12150
    [84] => 153590--
    [86] => 153600--
    [91] => 14700103
    [92] => 107935
    [93] => 14700116
    [94] => 14700115
    [95] => 15190002
    [96] => B3 Light Traction Kite
    [97] => 1560000
    [99] => 1561000
    [101] => 1562000
    [104] => 162100--
    [105] => 16217---
    [106] => 15380025
    [107] => 1354--
    [108] => 16100--
    [109] => 162261--
    [111] => 16230
    [112] => 16381006
    [113] => 360000csb
    [114] => 360000mfh
    [115] => 360000msb
    [117] => 360100
    [118] => 360130
    [119] => 360145
    [120] => 360170
    [121] => 360160
    [122] => 360180
    [124] => 153590 --
    [125] => 73035
    [126] => 15363000
    [127] => 16382000
    [128] => 16382001
    [129] => 36104505
    [130] => 36123003
    [133] => 36121003
    [134] => 36124003
    [135] => 1612
    [137] => 16224
    [138] => 14166/Black
    [144] => 17385004
    [145] => 17385002
    [146] => 17385003
    [147] => 73060
    [148] => 16385005
    [149] => 15364--
    [151] => 16236003
    [152] => 17100--
    [155] => 171300 --
    [156] => 171400 --
    [157] => 17349000
    [158] => 16385009
    [159] => 17384--
    [161] => 173820--
    [164] => 173830--
    [167] => 2” Symetrical'15
    [168] => 163700
    [170] => 17223
    [172] => 171500(05-17)
    [177] => 18snLE
    [178] => 16FZDog
    [179] => 16FZLeo
    [180] => 17FZLE
    [181] => LP
    [182] => UHP
    [183] => m6x17
    [184] => Symetrical G10 50mm - 17
    [185] => 40-1509-0009
    [186] => 17385005
    [187] => 16382002
    [188] => 107902
    [189] => 17381004
    [190] => 173700
    [193] => 172261--
    [194] => 17224
    [195] => 370100
    [197] => 36410015
    [198] => 36410016
    [199] => 370000
    [200] => 370030
    [203] => 370110
    [204] => 370150
    [206] => 370130
    [207] => 370140
    [209] => 370170
    [210] => 36900002
    [211] => leashShCurly
    [212] => BAP
    [213] => 163510--
    [214] => shmbkc18
    [215] => 1713bar
    [220] => 17380025
    [221] => --
    [224] => 181500(05-19)
    [226] => 181600--
    [227] => 38012
    [231] => 38014
    [232] => 38013
    [235] => 38010
    [238] => m6x18
    [239] => 38017
    [240] => 38011
    [241] => 380010
    [244] => 380020
    [247] => 380030
    [250] => 191300 --
    [257] => 19supshamAUR10
    [259] => 19supshamAUR11
    [261] => 19supshamAUR12
    [263] => LP2
    [264] => 39010
    [269] => 39011
    [299] => 3911200
    [301] => 3911100
    [304] => 3911000
    [308] => 3912000
    [312] => 3912100
    [319] => 3910900
    [323] => 3912200
    [326] => 3812500
    [330] => 36410019
    [331] => 36410001
    [332] => 36410002
    [333] => 38018001
    [336] => 36410018
)
